<?xml version="1.0" encoding="UTF-8"?>
<testsuites name="Maya Home" time="309.6" tests="5" failures="0" errors="0">
   <testsuite name="Maya Home" tests="5" failures="0" errors="0" time="309.6" skipped="0" timestamp="2022-04-05 11:23:50" hostname="vinayeddla - localhost" id="Test Suites/Maya Home">
      <properties>
         <property name="deviceName" value="samsung SM-G960F (Android 10)"/>
         <property name="devicePlatform" value=""/>
         <property name="logFolder" value="/Users/vinayeddla/git/MAYA-Home/Reports/20220405_112340/Maya Home/20220405_112340"/>
         <property name="logFiles" value="/Users/vinayeddla/git/MAYA-Home/Reports/20220405_112340/Maya Home/20220405_112340/execution0.log, /Users/vinayeddla/git/MAYA-Home/Reports/20220405_112340/Maya Home/20220405_112340/appium.log"/>
         <property name="attachments" value=""/>
         <property name="hostName" value="vinayeddla - localhost"/>
         <property name="os" value="Mac OS X 64bit"/>
         <property name="appiumServerStatus" value="{&quot;value&quot;:{&quot;build&quot;:{&quot;version&quot;:&quot;1.20.2&quot;}},&quot;sessionId&quot;:null,&quot;status&quot;:0}"/>
         <property name="katalonVersion" value="8.2.0.208"/>
         <property name="deviceOS" value="Android"/>
         <property name="appiumVersion" value="1.20.2"/>
         <property name="deviceModel" value="SM-G960F"/>
         <property name="hostAddress" value="127.0.0.1"/>
         <property name="deviceManufacturer" value="samsung"/>
         <property name="deviceId" value="225ac1ea21057ece"/>
         <property name="deviceName" value="samsung SM-G960F (Android 10)"/>
         <property name="deviceOSVersion" value="10"/>
      </properties>
      <testcase name="Test Cases/MayaHome/mayahome_CESearchProperties" time="59.534" classname="Test Cases/MayaHome/mayahome_CESearchProperties" status="PASSED">
         <system-out><![CDATA[2022-04-05 11:23:51 - [TEST_CASE][PASSED] - Test Cases/MayaHome/mayahome_CESearchProperties: Test Cases/MayaHome/mayahome_CESearchProperties

2022-04-05 11:23:51 - [TEST_STEP][PASSED] - try: Delayed 3 second(s)

2022-04-05 11:23:51 - [TEST_STEP][PASSED] - startApplication(appPathSIT, false): Started app at: '/Users/vinayeddla/Desktop/MAE/app-sit-universal-release.apk'

2022-04-05 11:23:51 - [MESSAGE][INFO] - User set preference: ['appWaitActivity', '*']

2022-04-05 11:23:51 - [MESSAGE][INFO] - User set preference: ['deviceId', '225ac1ea21057ece']

2022-04-05 11:23:52 - [MESSAGE][INFO] - Appium server started on port 50,548

2022-04-05 11:24:01 - [MESSAGE][PASSED] - Started app at: '/Users/vinayeddla/Desktop/MAE/app-sit-universal-release.apk'

2022-04-05 11:24:01 - [TEST_STEP][PASSED] - tap(findTestObject("MayaHome/mayahome - MobileSpy 1/dashboard - more3dotsBtn"), 0, CONTINUE_ON_FAILURE): Tapped on element 'Object Repository/MayaHome/mayahome - MobileSpy 1/dashboard - more3dotsBtn'

2022-04-05 11:24:02 - [MESSAGE][WARNING] - Timeout '0' is invalid. Using default page load timeout: '20'

2022-04-05 11:24:08 - [MESSAGE][PASSED] - Tapped on element 'Object Repository/MayaHome/mayahome - MobileSpy 1/dashboard - more3dotsBtn'

2022-04-05 11:24:08 - [TEST_STEP][PASSED] - delay(3): Delayed 3 second(s)

2022-04-05 11:24:11 - [MESSAGE][PASSED] - Delayed 3 second(s)

2022-04-05 11:24:11 - [TEST_STEP][PASSED] - tap(findTestObject("MayaHome/mayahome - MobileSpy 3/home2u - Btn"), 0): Tapped on element 'Object Repository/MayaHome/mayahome - MobileSpy 3/home2u - Btn'

2022-04-05 11:24:11 - [MESSAGE][WARNING] - Timeout '0' is invalid. Using default page load timeout: '20'

2022-04-05 11:24:16 - [MESSAGE][PASSED] - Tapped on element 'Object Repository/MayaHome/mayahome - MobileSpy 3/home2u - Btn'

2022-04-05 11:24:16 - [TEST_STEP][PASSED] - if (verifyElementVisible(findTestObject("Login Onboarding/onboardWelcomeSkipBtn"), 0, OPTIONAL)): Element 'Object Repository/Login Onboarding/onboardWelcomeSkipBtn' not found

2022-04-05 11:24:16 - [MESSAGE][WARNING] - Timeout '0' is invalid. Using default page load timeout: '20'

2022-04-05 11:24:36 - [MESSAGE][WARNING] - Element 'Object Repository/Login Onboarding/onboardWelcomeSkipBtn' not found

2022-04-05 11:24:36 - [TEST_STEP][PASSED] - else: null

2022-04-05 11:24:36 - [TEST_STEP][PASSED] - tap(findTestObject("MayaHome/mayahome - MobileSpy 1/Search properties - Txtfield"), 0): Tapped on element 'Object Repository/MayaHome/mayahome - MobileSpy 1/Search properties - Txtfield'

2022-04-05 11:24:36 - [MESSAGE][WARNING] - Timeout '0' is invalid. Using default page load timeout: '20'

2022-04-05 11:24:37 - [MESSAGE][PASSED] - Tapped on element 'Object Repository/MayaHome/mayahome - MobileSpy 1/Search properties - Txtfield'

2022-04-05 11:24:37 - [TEST_STEP][PASSED] - setText(findTestObject("MayaHome/mayahome - MobileSpy 1/searchproperties - editTxt"), findTestData("mayahomeCredentials").getValue(2, 4), 0): Text 'Hampton Hills' has been set to element 'Object Repository/MayaHome/mayahome - MobileSpy 1/searchproperties - editTxt'

2022-04-05 11:24:37 - [MESSAGE][WARNING] - Timeout '0' is invalid. Using default page load timeout: '20'

2022-04-05 11:24:39 - [MESSAGE][PASSED] - Text 'Hampton Hills' has been set to element 'Object Repository/MayaHome/mayahome - MobileSpy 1/searchproperties - editTxt'

2022-04-05 11:24:39 - [TEST_STEP][PASSED] - hideKeyboard(): Keyboard is hidden

2022-04-05 11:24:40 - [MESSAGE][PASSED] - Keyboard is hidden

2022-04-05 11:24:40 - [TEST_STEP][PASSED] - delay(2, STOP_ON_FAILURE): Delayed 2 second(s)

2022-04-05 11:24:42 - [MESSAGE][PASSED] - Delayed 2 second(s)

2022-04-05 11:24:42 - [TEST_STEP][PASSED] - doubleTap(findTestObject("MayaHome/mayahome - MobileSpy 2/propertyDisplayCard - Frame"), 0): Double tapped on element 'Object Repository/MayaHome/mayahome - MobileSpy 2/propertyDisplayCard - Frame'

2022-04-05 11:24:42 - [MESSAGE][WARNING] - Timeout '0' is invalid. Using default page load timeout: '20'

2022-04-05 11:24:47 - [MESSAGE][PASSED] - Double tapped on element 'Object Repository/MayaHome/mayahome - MobileSpy 2/propertyDisplayCard - Frame'

2022-04-05 11:24:47 - [TEST_STEP][PASSED] - delay(3, STOP_ON_FAILURE): Delayed 3 second(s)

2022-04-05 11:24:50 - [MESSAGE][PASSED] - Delayed 3 second(s)]]></system-out>
         <system-err><![CDATA[]]></system-err>
      </testcase>
      <testcase name="Test Cases/MayaHome/mayahome_CEAgreementCheck" time="33.988" classname="Test Cases/MayaHome/mayahome_CEAgreementCheck" status="PASSED">
         <system-out><![CDATA[2022-04-05 11:24:50 - [TEST_CASE][PASSED] - Test Cases/MayaHome/mayahome_CEAgreementCheck: Test Cases/MayaHome/mayahome_CEAgreementCheck

2022-04-05 11:24:50 - [TEST_STEP][PASSED] - try: Tapped on element 'Object Repository/MayaHome/mayahome - MobileSpy 1/confirm - Btn'

2022-04-05 11:24:50 - [TEST_STEP][PASSED] - scrollToText("Check Eligibility"): Scrolling to text 'Check Eligibility' successfully

2022-04-05 11:24:59 - [MESSAGE][PASSED] - Scrolling to text 'Check Eligibility' successfully

2022-04-05 11:24:59 - [TEST_STEP][PASSED] - tap(findTestObject("MayaHome/mayahome - MobileSpy 1/checkeligibility - Btn"), 0): Tapped on element 'Object Repository/MayaHome/mayahome - MobileSpy 1/checkeligibility - Btn'

2022-04-05 11:24:59 - [MESSAGE][WARNING] - Timeout '0' is invalid. Using default page load timeout: '20'

2022-04-05 11:24:59 - [MESSAGE][PASSED] - Tapped on element 'Object Repository/MayaHome/mayahome - MobileSpy 1/checkeligibility - Btn'

2022-04-05 11:24:59 - [TEST_STEP][PASSED] - if (verifyElementExist(findTestObject("MayaHome/mayahome - MobileSpy 2/header6DigitPin - Txt"), 0, OPTIONAL)): null

2022-04-05 11:24:59 - [MESSAGE][WARNING] - Timeout '0' is invalid. Using default page load timeout: '20'

2022-04-05 11:25:01 - [MESSAGE][PASSED] - Element 'Object Repository/MayaHome/mayahome - MobileSpy 2/header6DigitPin - Txt' is exist

2022-04-05 11:25:01 - [TEST_STEP][PASSED] - tap(findTestObject("MayaHome/mayahome - MobileSpy 1/pinlogin - 1"), 0): Tapped on element 'Object Repository/MayaHome/mayahome - MobileSpy 1/pinlogin - 1'

2022-04-05 11:25:01 - [MESSAGE][WARNING] - Timeout '0' is invalid. Using default page load timeout: '20'

2022-04-05 11:25:01 - [MESSAGE][PASSED] - Tapped on element 'Object Repository/MayaHome/mayahome - MobileSpy 1/pinlogin - 1'

2022-04-05 11:25:01 - [TEST_STEP][PASSED] - tap(findTestObject("MayaHome/mayahome - MobileSpy 1/pinlogin - 2"), 0): Tapped on element 'Object Repository/MayaHome/mayahome - MobileSpy 1/pinlogin - 2'

2022-04-05 11:25:01 - [MESSAGE][WARNING] - Timeout '0' is invalid. Using default page load timeout: '20'

2022-04-05 11:25:03 - [MESSAGE][PASSED] - Tapped on element 'Object Repository/MayaHome/mayahome - MobileSpy 1/pinlogin - 2'

2022-04-05 11:25:03 - [TEST_STEP][PASSED] - tap(findTestObject("MayaHome/mayahome - MobileSpy 1/pinlogin - 3"), 0): Tapped on element 'Object Repository/MayaHome/mayahome - MobileSpy 1/pinlogin - 3'

2022-04-05 11:25:03 - [MESSAGE][WARNING] - Timeout '0' is invalid. Using default page load timeout: '20'

2022-04-05 11:25:05 - [MESSAGE][PASSED] - Tapped on element 'Object Repository/MayaHome/mayahome - MobileSpy 1/pinlogin - 3'

2022-04-05 11:25:05 - [TEST_STEP][PASSED] - tap(findTestObject("MayaHome/mayahome - MobileSpy 1/pinlogin - 4"), 0): Tapped on element 'Object Repository/MayaHome/mayahome - MobileSpy 1/pinlogin - 4'

2022-04-05 11:25:05 - [MESSAGE][WARNING] - Timeout '0' is invalid. Using default page load timeout: '20'

2022-04-05 11:25:07 - [MESSAGE][PASSED] - Tapped on element 'Object Repository/MayaHome/mayahome - MobileSpy 1/pinlogin - 4'

2022-04-05 11:25:07 - [TEST_STEP][PASSED] - tap(findTestObject("MayaHome/mayahome - MobileSpy 1/pinlogin - 5"), 0): Tapped on element 'Object Repository/MayaHome/mayahome - MobileSpy 1/pinlogin - 5'

2022-04-05 11:25:07 - [MESSAGE][WARNING] - Timeout '0' is invalid. Using default page load timeout: '20'

2022-04-05 11:25:08 - [MESSAGE][PASSED] - Tapped on element 'Object Repository/MayaHome/mayahome - MobileSpy 1/pinlogin - 5'

2022-04-05 11:25:08 - [TEST_STEP][PASSED] - tap(findTestObject("MayaHome/mayahome - MobileSpy 1/pinlogin - 6"), 0): Tapped on element 'Object Repository/MayaHome/mayahome - MobileSpy 1/pinlogin - 6'

2022-04-05 11:25:09 - [MESSAGE][WARNING] - Timeout '0' is invalid. Using default page load timeout: '20'

2022-04-05 11:25:10 - [MESSAGE][PASSED] - Tapped on element 'Object Repository/MayaHome/mayahome - MobileSpy 1/pinlogin - 6'

2022-04-05 11:25:10 - [TEST_STEP][PASSED] - delay(3): Delayed 3 second(s)

2022-04-05 11:25:13 - [MESSAGE][PASSED] - Delayed 3 second(s)

2022-04-05 11:25:13 - [TEST_STEP][PASSED] - tap(findTestObject("MayaHome/mayahome - MobileSpy 1/termagreement - tickBtn"), 0): Tapped on element 'Object Repository/MayaHome/mayahome - MobileSpy 1/termagreement - tickBtn'

2022-04-05 11:25:13 - [MESSAGE][WARNING] - Timeout '0' is invalid. Using default page load timeout: '20'

2022-04-05 11:25:23 - [MESSAGE][PASSED] - Tapped on element 'Object Repository/MayaHome/mayahome - MobileSpy 1/termagreement - tickBtn'

2022-04-05 11:25:23 - [TEST_STEP][PASSED] - tap(findTestObject("MayaHome/mayahome - MobileSpy 1/confirm - Btn"), 0): Tapped on element 'Object Repository/MayaHome/mayahome - MobileSpy 1/confirm - Btn'

2022-04-05 11:25:23 - [MESSAGE][WARNING] - Timeout '0' is invalid. Using default page load timeout: '20'

2022-04-05 11:25:24 - [MESSAGE][PASSED] - Tapped on element 'Object Repository/MayaHome/mayahome - MobileSpy 1/confirm - Btn']]></system-out>
         <system-err><![CDATA[]]></system-err>
      </testcase>
      <testcase name="Test Cases/MayaHome/mayahome_CEAgentPropertyData" time="10.498" classname="Test Cases/MayaHome/mayahome_CEAgentPropertyData" status="PASSED">
         <system-out><![CDATA[2022-04-05 11:25:24 - [TEST_CASE][PASSED] - Test Cases/MayaHome/mayahome_CEAgentPropertyData: Test Cases/MayaHome/mayahome_CEAgentPropertyData

2022-04-05 11:25:24 - [TEST_STEP][PASSED] - try: Tapped on element 'Object Repository/MayaHome/mayahome - MobileSpy 1/agentSelectYes - Btn'

2022-04-05 11:25:24 - [TEST_STEP][PASSED] - setText(findTestObject("MayaHome/mayahome - MobileSpy 1/propertyagent - Txtfield"), findTestData("mayahomeCredentials").getValue(5, 2), 0): Text '00130052' has been set to element 'Object Repository/MayaHome/mayahome - MobileSpy 1/propertyagent - Txtfield'

2022-04-05 11:25:24 - [MESSAGE][WARNING] - Timeout '0' is invalid. Using default page load timeout: '20'

2022-04-05 11:25:28 - [MESSAGE][PASSED] - Text '00130052' has been set to element 'Object Repository/MayaHome/mayahome - MobileSpy 1/propertyagent - Txtfield'

2022-04-05 11:25:28 - [TEST_STEP][PASSED] - staffNumber = getText(findTestObject("MayaHome/mayahome - MobileSpy 4/staffNumberEnter - Txt"), 0): Text of element 'Object Repository/MayaHome/mayahome - MobileSpy 4/staffNumberEnter - Txt' is: '00130052'

2022-04-05 11:25:28 - [MESSAGE][WARNING] - Timeout '0' is invalid. Using default page load timeout: '20'

2022-04-05 11:25:29 - [MESSAGE][PASSED] - Text of element 'Object Repository/MayaHome/mayahome - MobileSpy 4/staffNumberEnter - Txt' is: '00130052'

2022-04-05 11:25:29 - [TEST_STEP][PASSED] - tap(findTestObject("MayaHome/mayahome - MobileSpy 1/agentSelectConfirm - Btn"), 0): Tapped on element 'Object Repository/MayaHome/mayahome - MobileSpy 1/agentSelectConfirm - Btn'

2022-04-05 11:25:29 - [MESSAGE][WARNING] - Timeout '0' is invalid. Using default page load timeout: '20'

2022-04-05 11:25:29 - [MESSAGE][PASSED] - Tapped on element 'Object Repository/MayaHome/mayahome - MobileSpy 1/agentSelectConfirm - Btn'

2022-04-05 11:25:29 - [TEST_STEP][PASSED] - delay(2, STOP_ON_FAILURE): Delayed 2 second(s)

2022-04-05 11:25:31 - [MESSAGE][PASSED] - Delayed 2 second(s)

2022-04-05 11:25:31 - [TEST_STEP][PASSED] - waitForElementPresent(findTestObject("MayaHome/mayahome - MobileSpy 4/staffNameHeader - Txt"), 0, CONTINUE_ON_FAILURE): Element 'Object Repository/MayaHome/mayahome - MobileSpy 4/staffNameHeader - Txt' is present

2022-04-05 11:25:31 - [MESSAGE][WARNING] - Timeout '0' is invalid. Using default page load timeout: '20'

2022-04-05 11:25:33 - [MESSAGE][PASSED] - Element 'Object Repository/MayaHome/mayahome - MobileSpy 4/staffNameHeader - Txt' is present

2022-04-05 11:25:33 - [TEST_STEP][PASSED] - verifyElementVisible(findTestObject("MayaHome/mayahome - MobileSpy 4/staffNameHeader - Txt"), 0, CONTINUE_ON_FAILURE): Element 'Object Repository/MayaHome/mayahome - MobileSpy 4/staffNameHeader - Txt' is visible

2022-04-05 11:25:33 - [MESSAGE][WARNING] - Timeout '0' is invalid. Using default page load timeout: '20'

2022-04-05 11:25:34 - [MESSAGE][PASSED] - Element 'Object Repository/MayaHome/mayahome - MobileSpy 4/staffNameHeader - Txt' is visible

2022-04-05 11:25:34 - [TEST_STEP][PASSED] - verifyElementVisible(findTestObject("MayaHome/mayahome - MobileSpy 4/staffNameReview - Txt"), 0, CONTINUE_ON_FAILURE): Element 'Object Repository/MayaHome/mayahome - MobileSpy 4/staffNameReview - Txt' is visible

2022-04-05 11:25:34 - [MESSAGE][WARNING] - Timeout '0' is invalid. Using default page load timeout: '20'

2022-04-05 11:25:34 - [MESSAGE][PASSED] - Element 'Object Repository/MayaHome/mayahome - MobileSpy 4/staffNameReview - Txt' is visible

2022-04-05 11:25:34 - [TEST_STEP][PASSED] - verifyElementVisible(findTestObject("MayaHome/mayahome - MobileSpy 4/staffNumberHeader - Txt"), 0, CONTINUE_ON_FAILURE): Element 'Object Repository/MayaHome/mayahome - MobileSpy 4/staffNumberHeader - Txt' is visible

2022-04-05 11:25:34 - [MESSAGE][WARNING] - Timeout '0' is invalid. Using default page load timeout: '20'

2022-04-05 11:25:34 - [MESSAGE][PASSED] - Element 'Object Repository/MayaHome/mayahome - MobileSpy 4/staffNumberHeader - Txt' is visible

2022-04-05 11:25:34 - [TEST_STEP][PASSED] - verifyElementText(findTestObject("MayaHome/mayahome - MobileSpy 4/staffNumberReview - Txt"), staffNumber, CONTINUE_ON_FAILURE): Actual text and expected text of test object 'Object Repository/MayaHome/mayahome - MobileSpy 4/staffNumberReview - Txt' are matched.

2022-04-05 11:25:34 - [MESSAGE][PASSED] - Actual text and expected text of test object 'Object Repository/MayaHome/mayahome - MobileSpy 4/staffNumberReview - Txt' are matched.

2022-04-05 11:25:34 - [TEST_STEP][PASSED] - tap(findTestObject("MayaHome/mayahome - MobileSpy 1/agentSelectYes - Btn"), 0): Tapped on element 'Object Repository/MayaHome/mayahome - MobileSpy 1/agentSelectYes - Btn'

2022-04-05 11:25:34 - [MESSAGE][WARNING] - Timeout '0' is invalid. Using default page load timeout: '20'

2022-04-05 11:25:35 - [MESSAGE][PASSED] - Tapped on element 'Object Repository/MayaHome/mayahome - MobileSpy 1/agentSelectYes - Btn']]></system-out>
         <system-err><![CDATA[]]></system-err>
      </testcase>
      <testcase name="Test Cases/MayaHome/mayahome_CEUnitType" time="7.139" classname="Test Cases/MayaHome/mayahome_CEUnitType" status="PASSED">
         <system-out><![CDATA[2022-04-05 11:25:35 - [TEST_CASE][PASSED] - Test Cases/MayaHome/mayahome_CEUnitType: Test Cases/MayaHome/mayahome_CEUnitType

2022-04-05 11:25:35 - [TEST_STEP][PASSED] - try: Delayed 3 second(s)

2022-04-05 11:25:35 - [TEST_STEP][PASSED] - waitForElementPresent(findTestObject("MayaHome/mayahome - MobileSpy 2/headerPropertyName(UnitType) - Txt"), 5): Element 'Object Repository/MayaHome/mayahome - MobileSpy 2/headerPropertyName(UnitType) - Txt' is present

2022-04-05 11:25:37 - [MESSAGE][PASSED] - Element 'Object Repository/MayaHome/mayahome - MobileSpy 2/headerPropertyName(UnitType) - Txt' is present

2022-04-05 11:25:37 - [TEST_STEP][PASSED] - tap(findTestObject("MayaHome/mayahome - MobileSpy 2/unittypeCornerLot - Frame"), 0): Tapped on element 'Object Repository/MayaHome/mayahome - MobileSpy 2/unittypeCornerLot - Frame'

2022-04-05 11:25:37 - [MESSAGE][WARNING] - Timeout '0' is invalid. Using default page load timeout: '20'

2022-04-05 11:25:38 - [MESSAGE][PASSED] - Tapped on element 'Object Repository/MayaHome/mayahome - MobileSpy 2/unittypeCornerLot - Frame'

2022-04-05 11:25:38 - [TEST_STEP][PASSED] - tap(findTestObject("MayaHome/mayahome - MobileSpy 1/unitselectionconfirm - Btn"), 0): Tapped on element 'Object Repository/MayaHome/mayahome - MobileSpy 1/unitselectionconfirm - Btn'

2022-04-05 11:25:38 - [MESSAGE][WARNING] - Timeout '0' is invalid. Using default page load timeout: '20'

2022-04-05 11:25:39 - [MESSAGE][PASSED] - Tapped on element 'Object Repository/MayaHome/mayahome - MobileSpy 1/unitselectionconfirm - Btn'

2022-04-05 11:25:39 - [TEST_STEP][PASSED] - delay(3, STOP_ON_FAILURE): Delayed 3 second(s)

2022-04-05 11:25:42 - [MESSAGE][PASSED] - Delayed 3 second(s)]]></system-out>
         <system-err><![CDATA[]]></system-err>
      </testcase>
      <testcase name="Test Cases/MayaHome/mayahome_CEReviewApplication" time="198.194" classname="Test Cases/MayaHome/mayahome_CEReviewApplication" status="PASSED">
         <system-out><![CDATA[2022-04-05 11:25:42 - [TEST_CASE][PASSED] - Test Cases/MayaHome/mayahome_CEReviewApplication: Test Cases/MayaHome/mayahome_CEReviewApplication

2022-04-05 11:25:42 - [TEST_STEP][PASSED] - try: null

2022-04-05 11:25:42 - [TEST_STEP][PASSED] - tap(findTestObject("MayaHome/mayahome - MobileSpy 1/propertyPrice - Txtfield"), 0): Tapped on element 'Object Repository/MayaHome/mayahome - MobileSpy 1/propertyPrice - Txtfield'

2022-04-05 11:25:42 - [MESSAGE][WARNING] - Timeout '0' is invalid. Using default page load timeout: '20'

2022-04-05 11:25:42 - [MESSAGE][PASSED] - Tapped on element 'Object Repository/MayaHome/mayahome - MobileSpy 1/propertyPrice - Txtfield'

2022-04-05 11:25:42 - [TEST_STEP][PASSED] - propertypriceEnter = findTestData("mayahomeCredentials").getValue(3, 4): null

2022-04-05 11:25:43 - [TEST_STEP][PASSED] - for ([i = 0, i <= 7, (i++)]): null

2022-04-05 11:25:43 - [TEST_STEP][PASSED] - if (propertypriceEnter[i] == "0"): null

2022-04-05 11:25:43 - [TEST_STEP][PASSED] - if (propertypriceEnter[i] == "1"): null

2022-04-05 11:25:43 - [TEST_STEP][PASSED] - if (propertypriceEnter[i] == "2"): Tapped on element 'Object Repository/Login Onboarding/PIN2'

2022-04-05 11:25:43 - [TEST_STEP][PASSED] - tap(findTestObject("Login Onboarding/PIN2"), 0): Tapped on element 'Object Repository/Login Onboarding/PIN2'

2022-04-05 11:25:43 - [MESSAGE][WARNING] - Timeout '0' is invalid. Using default page load timeout: '20'

2022-04-05 11:25:44 - [MESSAGE][PASSED] - Tapped on element 'Object Repository/Login Onboarding/PIN2'

2022-04-05 11:25:44 - [TEST_STEP][PASSED] - if (propertypriceEnter[i] == "3"): null

2022-04-05 11:25:44 - [TEST_STEP][PASSED] - if (propertypriceEnter[i] == "4"): null

2022-04-05 11:25:44 - [TEST_STEP][PASSED] - if (propertypriceEnter[i] == "5"): null

2022-04-05 11:25:44 - [TEST_STEP][PASSED] - if (propertypriceEnter[i] == "6"): null

2022-04-05 11:25:44 - [TEST_STEP][PASSED] - if (propertypriceEnter[i] == "7"): null

2022-04-05 11:25:44 - [TEST_STEP][PASSED] - if (propertypriceEnter[i] == "8"): null

2022-04-05 11:25:44 - [TEST_STEP][PASSED] - if (propertypriceEnter[i] == "9"): null

2022-04-05 11:25:44 - [TEST_STEP][PASSED] - if (propertypriceEnter[i] == "0"): Tapped on element 'Object Repository/Login Onboarding/PIN0'

2022-04-05 11:25:44 - [TEST_STEP][PASSED] - tap(findTestObject("Login Onboarding/PIN0"), 0): Tapped on element 'Object Repository/Login Onboarding/PIN0'

2022-04-05 11:25:44 - [MESSAGE][WARNING] - Timeout '0' is invalid. Using default page load timeout: '20'

2022-04-05 11:25:45 - [MESSAGE][PASSED] - Tapped on element 'Object Repository/Login Onboarding/PIN0'

2022-04-05 11:25:45 - [TEST_STEP][PASSED] - if (propertypriceEnter[i] == "1"): null

2022-04-05 11:25:45 - [TEST_STEP][PASSED] - if (propertypriceEnter[i] == "2"): null

2022-04-05 11:25:45 - [TEST_STEP][PASSED] - if (propertypriceEnter[i] == "3"): null

2022-04-05 11:25:45 - [TEST_STEP][PASSED] - if (propertypriceEnter[i] == "4"): null

2022-04-05 11:25:45 - [TEST_STEP][PASSED] - if (propertypriceEnter[i] == "5"): null

2022-04-05 11:25:45 - [TEST_STEP][PASSED] - if (propertypriceEnter[i] == "6"): null

2022-04-05 11:25:45 - [TEST_STEP][PASSED] - if (propertypriceEnter[i] == "7"): null

2022-04-05 11:25:45 - [TEST_STEP][PASSED] - if (propertypriceEnter[i] == "8"): null

2022-04-05 11:25:45 - [TEST_STEP][PASSED] - if (propertypriceEnter[i] == "9"): null

2022-04-05 11:25:45 - [TEST_STEP][PASSED] - if (propertypriceEnter[i] == "0"): Tapped on element 'Object Repository/Login Onboarding/PIN0'

2022-04-05 11:25:45 - [TEST_STEP][PASSED] - tap(findTestObject("Login Onboarding/PIN0"), 0): Tapped on element 'Object Repository/Login Onboarding/PIN0'

2022-04-05 11:25:45 - [MESSAGE][WARNING] - Timeout '0' is invalid. Using default page load timeout: '20'

2022-04-05 11:25:46 - [MESSAGE][PASSED] - Tapped on element 'Object Repository/Login Onboarding/PIN0'

2022-04-05 11:25:46 - [TEST_STEP][PASSED] - if (propertypriceEnter[i] == "1"): null

2022-04-05 11:25:46 - [TEST_STEP][PASSED] - if (propertypriceEnter[i] == "2"): null

2022-04-05 11:25:46 - [TEST_STEP][PASSED] - if (propertypriceEnter[i] == "3"): null

2022-04-05 11:25:46 - [TEST_STEP][PASSED] - if (propertypriceEnter[i] == "4"): null

2022-04-05 11:25:46 - [TEST_STEP][PASSED] - if (propertypriceEnter[i] == "5"): null

2022-04-05 11:25:46 - [TEST_STEP][PASSED] - if (propertypriceEnter[i] == "6"): null

2022-04-05 11:25:46 - [TEST_STEP][PASSED] - if (propertypriceEnter[i] == "7"): null

2022-04-05 11:25:46 - [TEST_STEP][PASSED] - if (propertypriceEnter[i] == "8"): null

2022-04-05 11:25:46 - [TEST_STEP][PASSED] - if (propertypriceEnter[i] == "9"): null

2022-04-05 11:25:46 - [TEST_STEP][PASSED] - if (propertypriceEnter[i] == "0"): Tapped on element 'Object Repository/Login Onboarding/PIN0'

2022-04-05 11:25:46 - [TEST_STEP][PASSED] - tap(findTestObject("Login Onboarding/PIN0"), 0): Tapped on element 'Object Repository/Login Onboarding/PIN0'

2022-04-05 11:25:46 - [MESSAGE][WARNING] - Timeout '0' is invalid. Using default page load timeout: '20'

2022-04-05 11:25:47 - [MESSAGE][PASSED] - Tapped on element 'Object Repository/Login Onboarding/PIN0'

2022-04-05 11:25:47 - [TEST_STEP][PASSED] - if (propertypriceEnter[i] == "1"): null

2022-04-05 11:25:47 - [TEST_STEP][PASSED] - if (propertypriceEnter[i] == "2"): null

2022-04-05 11:25:47 - [TEST_STEP][PASSED] - if (propertypriceEnter[i] == "3"): null

2022-04-05 11:25:47 - [TEST_STEP][PASSED] - if (propertypriceEnter[i] == "4"): null

2022-04-05 11:25:47 - [TEST_STEP][PASSED] - if (propertypriceEnter[i] == "5"): null

2022-04-05 11:25:47 - [TEST_STEP][PASSED] - if (propertypriceEnter[i] == "6"): null

2022-04-05 11:25:47 - [TEST_STEP][PASSED] - if (propertypriceEnter[i] == "7"): null

2022-04-05 11:25:47 - [TEST_STEP][PASSED] - if (propertypriceEnter[i] == "8"): null

2022-04-05 11:25:47 - [TEST_STEP][PASSED] - if (propertypriceEnter[i] == "9"): null

2022-04-05 11:25:47 - [TEST_STEP][PASSED] - if (propertypriceEnter[i] == "0"): Tapped on element 'Object Repository/Login Onboarding/PIN0'

2022-04-05 11:25:47 - [TEST_STEP][PASSED] - tap(findTestObject("Login Onboarding/PIN0"), 0): Tapped on element 'Object Repository/Login Onboarding/PIN0'

2022-04-05 11:25:47 - [MESSAGE][WARNING] - Timeout '0' is invalid. Using default page load timeout: '20'

2022-04-05 11:25:48 - [MESSAGE][PASSED] - Tapped on element 'Object Repository/Login Onboarding/PIN0'

2022-04-05 11:25:48 - [TEST_STEP][PASSED] - if (propertypriceEnter[i] == "1"): null

2022-04-05 11:25:48 - [TEST_STEP][PASSED] - if (propertypriceEnter[i] == "2"): null

2022-04-05 11:25:48 - [TEST_STEP][PASSED] - if (propertypriceEnter[i] == "3"): null

2022-04-05 11:25:48 - [TEST_STEP][PASSED] - if (propertypriceEnter[i] == "4"): null

2022-04-05 11:25:48 - [TEST_STEP][PASSED] - if (propertypriceEnter[i] == "5"): null

2022-04-05 11:25:48 - [TEST_STEP][PASSED] - if (propertypriceEnter[i] == "6"): null

2022-04-05 11:25:48 - [TEST_STEP][PASSED] - if (propertypriceEnter[i] == "7"): null

2022-04-05 11:25:48 - [TEST_STEP][PASSED] - if (propertypriceEnter[i] == "8"): null

2022-04-05 11:25:48 - [TEST_STEP][PASSED] - if (propertypriceEnter[i] == "9"): null

2022-04-05 11:25:48 - [TEST_STEP][PASSED] - if (propertypriceEnter[i] == "0"): Tapped on element 'Object Repository/Login Onboarding/PIN0'

2022-04-05 11:25:48 - [TEST_STEP][PASSED] - tap(findTestObject("Login Onboarding/PIN0"), 0): Tapped on element 'Object Repository/Login Onboarding/PIN0'

2022-04-05 11:25:48 - [MESSAGE][WARNING] - Timeout '0' is invalid. Using default page load timeout: '20'

2022-04-05 11:25:49 - [MESSAGE][PASSED] - Tapped on element 'Object Repository/Login Onboarding/PIN0'

2022-04-05 11:25:49 - [TEST_STEP][PASSED] - if (propertypriceEnter[i] == "1"): null

2022-04-05 11:25:49 - [TEST_STEP][PASSED] - if (propertypriceEnter[i] == "2"): null

2022-04-05 11:25:49 - [TEST_STEP][PASSED] - if (propertypriceEnter[i] == "3"): null

2022-04-05 11:25:49 - [TEST_STEP][PASSED] - if (propertypriceEnter[i] == "4"): null

2022-04-05 11:25:49 - [TEST_STEP][PASSED] - if (propertypriceEnter[i] == "5"): null

2022-04-05 11:25:49 - [TEST_STEP][PASSED] - if (propertypriceEnter[i] == "6"): null

2022-04-05 11:25:49 - [TEST_STEP][PASSED] - if (propertypriceEnter[i] == "7"): null

2022-04-05 11:25:49 - [TEST_STEP][PASSED] - if (propertypriceEnter[i] == "8"): null

2022-04-05 11:25:49 - [TEST_STEP][PASSED] - if (propertypriceEnter[i] == "9"): null

2022-04-05 11:25:49 - [TEST_STEP][PASSED] - if (propertypriceEnter[i] == "0"): Tapped on element 'Object Repository/Login Onboarding/PIN0'

2022-04-05 11:25:49 - [TEST_STEP][PASSED] - tap(findTestObject("Login Onboarding/PIN0"), 0): Tapped on element 'Object Repository/Login Onboarding/PIN0'

2022-04-05 11:25:49 - [MESSAGE][WARNING] - Timeout '0' is invalid. Using default page load timeout: '20'

2022-04-05 11:25:50 - [MESSAGE][PASSED] - Tapped on element 'Object Repository/Login Onboarding/PIN0'

2022-04-05 11:25:50 - [TEST_STEP][PASSED] - if (propertypriceEnter[i] == "1"): null

2022-04-05 11:25:50 - [TEST_STEP][PASSED] - if (propertypriceEnter[i] == "2"): null

2022-04-05 11:25:50 - [TEST_STEP][PASSED] - if (propertypriceEnter[i] == "3"): null

2022-04-05 11:25:50 - [TEST_STEP][PASSED] - if (propertypriceEnter[i] == "4"): null

2022-04-05 11:25:50 - [TEST_STEP][PASSED] - if (propertypriceEnter[i] == "5"): null

2022-04-05 11:25:50 - [TEST_STEP][PASSED] - if (propertypriceEnter[i] == "6"): null

2022-04-05 11:25:50 - [TEST_STEP][PASSED] - if (propertypriceEnter[i] == "7"): null

2022-04-05 11:25:50 - [TEST_STEP][PASSED] - if (propertypriceEnter[i] == "8"): null

2022-04-05 11:25:50 - [TEST_STEP][PASSED] - if (propertypriceEnter[i] == "9"): null

2022-04-05 11:25:50 - [TEST_STEP][PASSED] - if (propertypriceEnter[i] == "0"): Tapped on element 'Object Repository/Login Onboarding/PIN0'

2022-04-05 11:25:50 - [TEST_STEP][PASSED] - tap(findTestObject("Login Onboarding/PIN0"), 0): Tapped on element 'Object Repository/Login Onboarding/PIN0'

2022-04-05 11:25:50 - [MESSAGE][WARNING] - Timeout '0' is invalid. Using default page load timeout: '20'

2022-04-05 11:25:51 - [MESSAGE][PASSED] - Tapped on element 'Object Repository/Login Onboarding/PIN0'

2022-04-05 11:25:51 - [TEST_STEP][PASSED] - if (propertypriceEnter[i] == "1"): null

2022-04-05 11:25:51 - [TEST_STEP][PASSED] - if (propertypriceEnter[i] == "2"): null

2022-04-05 11:25:51 - [TEST_STEP][PASSED] - if (propertypriceEnter[i] == "3"): null

2022-04-05 11:25:51 - [TEST_STEP][PASSED] - if (propertypriceEnter[i] == "4"): null

2022-04-05 11:25:51 - [TEST_STEP][PASSED] - if (propertypriceEnter[i] == "5"): null

2022-04-05 11:25:51 - [TEST_STEP][PASSED] - if (propertypriceEnter[i] == "6"): null

2022-04-05 11:25:51 - [TEST_STEP][PASSED] - if (propertypriceEnter[i] == "7"): null

2022-04-05 11:25:51 - [TEST_STEP][PASSED] - if (propertypriceEnter[i] == "8"): null

2022-04-05 11:25:51 - [TEST_STEP][PASSED] - if (propertypriceEnter[i] == "9"): null

2022-04-05 11:25:51 - [TEST_STEP][PASSED] - tap(findTestObject("MayaHome/mayahome - MobileSpy 1/pinPropertyPrice - check"), 0): Tapped on element 'Object Repository/MayaHome/mayahome - MobileSpy 1/pinPropertyPrice - check'

2022-04-05 11:25:51 - [MESSAGE][WARNING] - Timeout '0' is invalid. Using default page load timeout: '20'

2022-04-05 11:25:52 - [MESSAGE][PASSED] - Tapped on element 'Object Repository/MayaHome/mayahome - MobileSpy 1/pinPropertyPrice - check'

2022-04-05 11:25:52 - [TEST_STEP][PASSED] - tap(findTestObject("MayaHome/mayahome - MobileSpy 1/downpaymentAmount - Btn"), 0): Tapped on element 'Object Repository/MayaHome/mayahome - MobileSpy 1/downpaymentAmount - Btn'

2022-04-05 11:25:52 - [MESSAGE][WARNING] - Timeout '0' is invalid. Using default page load timeout: '20'

2022-04-05 11:25:54 - [MESSAGE][PASSED] - Tapped on element 'Object Repository/MayaHome/mayahome - MobileSpy 1/downpaymentAmount - Btn'

2022-04-05 11:25:54 - [TEST_STEP][PASSED] - tap(findTestObject("MayaHome/mayahome - MobileSpy 1/downpaymentEnter - Txtfield"), 0): Tapped on element 'Object Repository/MayaHome/mayahome - MobileSpy 1/downpaymentEnter - Txtfield'

2022-04-05 11:25:54 - [MESSAGE][WARNING] - Timeout '0' is invalid. Using default page load timeout: '20'

2022-04-05 11:25:55 - [MESSAGE][PASSED] - Tapped on element 'Object Repository/MayaHome/mayahome - MobileSpy 1/downpaymentEnter - Txtfield'

2022-04-05 11:25:55 - [TEST_STEP][PASSED] - downpaymentEnter = findTestData("mayahomeCredentials").getValue(4, 4): null

2022-04-05 11:25:55 - [TEST_STEP][PASSED] - for ([i = 0, i <= 6, (i++)]): null

2022-04-05 11:25:55 - [TEST_STEP][PASSED] - if (downpaymentEnter[i] == "0"): null

2022-04-05 11:25:55 - [TEST_STEP][PASSED] - if (downpaymentEnter[i] == "1"): null

2022-04-05 11:25:55 - [TEST_STEP][PASSED] - if (downpaymentEnter[i] == "2"): null

2022-04-05 11:25:55 - [TEST_STEP][PASSED] - if (downpaymentEnter[i] == "3"): null

2022-04-05 11:25:55 - [TEST_STEP][PASSED] - if (downpaymentEnter[i] == "4"): Tapped on element 'Object Repository/Login Onboarding/PIN4'

2022-04-05 11:25:55 - [TEST_STEP][PASSED] - tap(findTestObject("Login Onboarding/PIN4"), 0): Tapped on element 'Object Repository/Login Onboarding/PIN4'

2022-04-05 11:25:55 - [MESSAGE][WARNING] - Timeout '0' is invalid. Using default page load timeout: '20'

2022-04-05 11:25:56 - [MESSAGE][PASSED] - Tapped on element 'Object Repository/Login Onboarding/PIN4'

2022-04-05 11:25:56 - [TEST_STEP][PASSED] - if (downpaymentEnter[i] == "5"): null

2022-04-05 11:25:56 - [TEST_STEP][PASSED] - if (downpaymentEnter[i] == "6"): null

2022-04-05 11:25:56 - [TEST_STEP][PASSED] - if (downpaymentEnter[i] == "7"): null

2022-04-05 11:25:56 - [TEST_STEP][PASSED] - if (downpaymentEnter[i] == "8"): null

2022-04-05 11:25:56 - [TEST_STEP][PASSED] - if (downpaymentEnter[i] == "9"): null

2022-04-05 11:25:56 - [TEST_STEP][PASSED] - if (downpaymentEnter[i] == "0"): Tapped on element 'Object Repository/Login Onboarding/PIN0'

2022-04-05 11:25:56 - [TEST_STEP][PASSED] - tap(findTestObject("Login Onboarding/PIN0"), 0): Tapped on element 'Object Repository/Login Onboarding/PIN0'

2022-04-05 11:25:56 - [MESSAGE][WARNING] - Timeout '0' is invalid. Using default page load timeout: '20'

2022-04-05 11:25:57 - [MESSAGE][PASSED] - Tapped on element 'Object Repository/Login Onboarding/PIN0'

2022-04-05 11:25:57 - [TEST_STEP][PASSED] - if (downpaymentEnter[i] == "1"): null

2022-04-05 11:25:57 - [TEST_STEP][PASSED] - if (downpaymentEnter[i] == "2"): null

2022-04-05 11:25:57 - [TEST_STEP][PASSED] - if (downpaymentEnter[i] == "3"): null

2022-04-05 11:25:57 - [TEST_STEP][PASSED] - if (downpaymentEnter[i] == "4"): null

2022-04-05 11:25:57 - [TEST_STEP][PASSED] - if (downpaymentEnter[i] == "5"): null

2022-04-05 11:25:57 - [TEST_STEP][PASSED] - if (downpaymentEnter[i] == "6"): null

2022-04-05 11:25:57 - [TEST_STEP][PASSED] - if (downpaymentEnter[i] == "7"): null

2022-04-05 11:25:57 - [TEST_STEP][PASSED] - if (downpaymentEnter[i] == "8"): null

2022-04-05 11:25:57 - [TEST_STEP][PASSED] - if (downpaymentEnter[i] == "9"): null

2022-04-05 11:25:57 - [TEST_STEP][PASSED] - if (downpaymentEnter[i] == "0"): Tapped on element 'Object Repository/Login Onboarding/PIN0'

2022-04-05 11:25:57 - [TEST_STEP][PASSED] - tap(findTestObject("Login Onboarding/PIN0"), 0): Tapped on element 'Object Repository/Login Onboarding/PIN0'

2022-04-05 11:25:57 - [MESSAGE][WARNING] - Timeout '0' is invalid. Using default page load timeout: '20'

2022-04-05 11:25:58 - [MESSAGE][PASSED] - Tapped on element 'Object Repository/Login Onboarding/PIN0'

2022-04-05 11:25:58 - [TEST_STEP][PASSED] - if (downpaymentEnter[i] == "1"): null

2022-04-05 11:25:58 - [TEST_STEP][PASSED] - if (downpaymentEnter[i] == "2"): null

2022-04-05 11:25:58 - [TEST_STEP][PASSED] - if (downpaymentEnter[i] == "3"): null

2022-04-05 11:25:58 - [TEST_STEP][PASSED] - if (downpaymentEnter[i] == "4"): null

2022-04-05 11:25:58 - [TEST_STEP][PASSED] - if (downpaymentEnter[i] == "5"): null

2022-04-05 11:25:58 - [TEST_STEP][PASSED] - if (downpaymentEnter[i] == "6"): null

2022-04-05 11:25:58 - [TEST_STEP][PASSED] - if (downpaymentEnter[i] == "7"): null

2022-04-05 11:25:58 - [TEST_STEP][PASSED] - if (downpaymentEnter[i] == "8"): null

2022-04-05 11:25:58 - [TEST_STEP][PASSED] - if (downpaymentEnter[i] == "9"): null

2022-04-05 11:25:58 - [TEST_STEP][PASSED] - if (downpaymentEnter[i] == "0"): Tapped on element 'Object Repository/Login Onboarding/PIN0'

2022-04-05 11:25:58 - [TEST_STEP][PASSED] - tap(findTestObject("Login Onboarding/PIN0"), 0): Tapped on element 'Object Repository/Login Onboarding/PIN0'

2022-04-05 11:25:58 - [MESSAGE][WARNING] - Timeout '0' is invalid. Using default page load timeout: '20'

2022-04-05 11:26:00 - [MESSAGE][PASSED] - Tapped on element 'Object Repository/Login Onboarding/PIN0'

2022-04-05 11:26:00 - [TEST_STEP][PASSED] - if (downpaymentEnter[i] == "1"): null

2022-04-05 11:26:00 - [TEST_STEP][PASSED] - if (downpaymentEnter[i] == "2"): null

2022-04-05 11:26:00 - [TEST_STEP][PASSED] - if (downpaymentEnter[i] == "3"): null

2022-04-05 11:26:00 - [TEST_STEP][PASSED] - if (downpaymentEnter[i] == "4"): null

2022-04-05 11:26:00 - [TEST_STEP][PASSED] - if (downpaymentEnter[i] == "5"): null

2022-04-05 11:26:00 - [TEST_STEP][PASSED] - if (downpaymentEnter[i] == "6"): null

2022-04-05 11:26:00 - [TEST_STEP][PASSED] - if (downpaymentEnter[i] == "7"): null

2022-04-05 11:26:00 - [TEST_STEP][PASSED] - if (downpaymentEnter[i] == "8"): null

2022-04-05 11:26:00 - [TEST_STEP][PASSED] - if (downpaymentEnter[i] == "9"): null

2022-04-05 11:26:00 - [TEST_STEP][PASSED] - if (downpaymentEnter[i] == "0"): Tapped on element 'Object Repository/Login Onboarding/PIN0'

2022-04-05 11:26:00 - [TEST_STEP][PASSED] - tap(findTestObject("Login Onboarding/PIN0"), 0): Tapped on element 'Object Repository/Login Onboarding/PIN0'

2022-04-05 11:26:00 - [MESSAGE][WARNING] - Timeout '0' is invalid. Using default page load timeout: '20'

2022-04-05 11:26:01 - [MESSAGE][PASSED] - Tapped on element 'Object Repository/Login Onboarding/PIN0'

2022-04-05 11:26:01 - [TEST_STEP][PASSED] - if (downpaymentEnter[i] == "1"): null

2022-04-05 11:26:01 - [TEST_STEP][PASSED] - if (downpaymentEnter[i] == "2"): null

2022-04-05 11:26:01 - [TEST_STEP][PASSED] - if (downpaymentEnter[i] == "3"): null

2022-04-05 11:26:01 - [TEST_STEP][PASSED] - if (downpaymentEnter[i] == "4"): null

2022-04-05 11:26:01 - [TEST_STEP][PASSED] - if (downpaymentEnter[i] == "5"): null

2022-04-05 11:26:01 - [TEST_STEP][PASSED] - if (downpaymentEnter[i] == "6"): null

2022-04-05 11:26:01 - [TEST_STEP][PASSED] - if (downpaymentEnter[i] == "7"): null

2022-04-05 11:26:01 - [TEST_STEP][PASSED] - if (downpaymentEnter[i] == "8"): null

2022-04-05 11:26:01 - [TEST_STEP][PASSED] - if (downpaymentEnter[i] == "9"): null

2022-04-05 11:26:01 - [TEST_STEP][PASSED] - if (downpaymentEnter[i] == "0"): Tapped on element 'Object Repository/Login Onboarding/PIN0'

2022-04-05 11:26:01 - [TEST_STEP][PASSED] - tap(findTestObject("Login Onboarding/PIN0"), 0): Tapped on element 'Object Repository/Login Onboarding/PIN0'

2022-04-05 11:26:01 - [MESSAGE][WARNING] - Timeout '0' is invalid. Using default page load timeout: '20'

2022-04-05 11:26:02 - [MESSAGE][PASSED] - Tapped on element 'Object Repository/Login Onboarding/PIN0'

2022-04-05 11:26:02 - [TEST_STEP][PASSED] - if (downpaymentEnter[i] == "1"): null

2022-04-05 11:26:02 - [TEST_STEP][PASSED] - if (downpaymentEnter[i] == "2"): null

2022-04-05 11:26:02 - [TEST_STEP][PASSED] - if (downpaymentEnter[i] == "3"): null

2022-04-05 11:26:02 - [TEST_STEP][PASSED] - if (downpaymentEnter[i] == "4"): null

2022-04-05 11:26:02 - [TEST_STEP][PASSED] - if (downpaymentEnter[i] == "5"): null

2022-04-05 11:26:02 - [TEST_STEP][PASSED] - if (downpaymentEnter[i] == "6"): null

2022-04-05 11:26:02 - [TEST_STEP][PASSED] - if (downpaymentEnter[i] == "7"): null

2022-04-05 11:26:02 - [TEST_STEP][PASSED] - if (downpaymentEnter[i] == "8"): null

2022-04-05 11:26:02 - [TEST_STEP][PASSED] - if (downpaymentEnter[i] == "9"): null

2022-04-05 11:26:02 - [TEST_STEP][PASSED] - if (downpaymentEnter[i] == "0"): Tapped on element 'Object Repository/Login Onboarding/PIN0'

2022-04-05 11:26:02 - [TEST_STEP][PASSED] - tap(findTestObject("Login Onboarding/PIN0"), 0): Tapped on element 'Object Repository/Login Onboarding/PIN0'

2022-04-05 11:26:02 - [MESSAGE][WARNING] - Timeout '0' is invalid. Using default page load timeout: '20'

2022-04-05 11:26:02 - [MESSAGE][PASSED] - Tapped on element 'Object Repository/Login Onboarding/PIN0'

2022-04-05 11:26:02 - [TEST_STEP][PASSED] - if (downpaymentEnter[i] == "1"): null

2022-04-05 11:26:02 - [TEST_STEP][PASSED] - if (downpaymentEnter[i] == "2"): null

2022-04-05 11:26:02 - [TEST_STEP][PASSED] - if (downpaymentEnter[i] == "3"): null

2022-04-05 11:26:02 - [TEST_STEP][PASSED] - if (downpaymentEnter[i] == "4"): null

2022-04-05 11:26:02 - [TEST_STEP][PASSED] - if (downpaymentEnter[i] == "5"): null

2022-04-05 11:26:02 - [TEST_STEP][PASSED] - if (downpaymentEnter[i] == "6"): null

2022-04-05 11:26:02 - [TEST_STEP][PASSED] - if (downpaymentEnter[i] == "7"): null

2022-04-05 11:26:02 - [TEST_STEP][PASSED] - if (downpaymentEnter[i] == "8"): null

2022-04-05 11:26:02 - [TEST_STEP][PASSED] - if (downpaymentEnter[i] == "9"): null

2022-04-05 11:26:02 - [TEST_STEP][PASSED] - tap(findTestObject("MayaHome/mayahome - MobileSpy 1/pinPropertyPrice - check"), 0): Tapped on element 'Object Repository/MayaHome/mayahome - MobileSpy 1/pinPropertyPrice - check'

2022-04-05 11:26:02 - [MESSAGE][WARNING] - Timeout '0' is invalid. Using default page load timeout: '20'

2022-04-05 11:26:04 - [MESSAGE][PASSED] - Tapped on element 'Object Repository/MayaHome/mayahome - MobileSpy 1/pinPropertyPrice - check'

2022-04-05 11:26:04 - [TEST_STEP][PASSED] - propertyPrice = "RM " + getText(findTestObject("MayaHome/mayahome - MobileSpy 2/propertyPrice - Txt"), 0): Text of element 'Object Repository/MayaHome/mayahome - MobileSpy 2/propertyPrice - Txt' is: '200,000.00'

2022-04-05 11:26:04 - [MESSAGE][WARNING] - Timeout '0' is invalid. Using default page load timeout: '20'

2022-04-05 11:26:05 - [MESSAGE][PASSED] - Text of element 'Object Repository/MayaHome/mayahome - MobileSpy 2/propertyPrice - Txt' is: '200,000.00'

2022-04-05 11:26:05 - [TEST_STEP][PASSED] - downpaymentPrice = "RM " + getText(findTestObject("MayaHome/mayahome - MobileSpy 2/downpaymentAmount - Txt"), 0): Text of element 'Object Repository/MayaHome/mayahome - MobileSpy 2/downpaymentAmount - Txt' is: '40,000.00'

2022-04-05 11:26:05 - [MESSAGE][WARNING] - Timeout '0' is invalid. Using default page load timeout: '20'

2022-04-05 11:26:05 - [MESSAGE][PASSED] - Text of element 'Object Repository/MayaHome/mayahome - MobileSpy 2/downpaymentAmount - Txt' is: '40,000.00'

2022-04-05 11:26:05 - [TEST_STEP][PASSED] - tap(findTestObject("MayaHome/mayahome - MobileSpy 1/propertyPriceContinue - Btn"), 0): Tapped on element 'Object Repository/MayaHome/mayahome - MobileSpy 1/propertyPriceContinue - Btn'

2022-04-05 11:26:05 - [MESSAGE][WARNING] - Timeout '0' is invalid. Using default page load timeout: '20'

2022-04-05 11:26:06 - [MESSAGE][PASSED] - Tapped on element 'Object Repository/MayaHome/mayahome - MobileSpy 1/propertyPriceContinue - Btn'

2022-04-05 11:26:06 - [TEST_STEP][PASSED] - delay(5): Delayed 5 second(s)

2022-04-05 11:26:11 - [MESSAGE][PASSED] - Delayed 5 second(s)

2022-04-05 11:26:11 - [TEST_STEP][PASSED] - loanAmount = getText(findTestObject("MayaHome/mayahome - MobileSpy 2/agreedLoanAmount - Txt"), 0): Text of element 'Object Repository/MayaHome/mayahome - MobileSpy 2/agreedLoanAmount - Txt' is: 'RM 160,000.00'

2022-04-05 11:26:11 - [MESSAGE][WARNING] - Timeout '0' is invalid. Using default page load timeout: '20'

2022-04-05 11:26:11 - [MESSAGE][PASSED] - Text of element 'Object Repository/MayaHome/mayahome - MobileSpy 2/agreedLoanAmount - Txt' is: 'RM 160,000.00'

2022-04-05 11:26:11 - [TEST_STEP][PASSED] - loanPeriod = getText(findTestObject("MayaHome/mayahome - MobileSpy 2/agreedLoanPeriod - Txt"), 0): Text of element 'Object Repository/MayaHome/mayahome - MobileSpy 2/agreedLoanPeriod - Txt' is: '28 years'

2022-04-05 11:26:11 - [MESSAGE][WARNING] - Timeout '0' is invalid. Using default page load timeout: '20'

2022-04-05 11:26:11 - [MESSAGE][PASSED] - Text of element 'Object Repository/MayaHome/mayahome - MobileSpy 2/agreedLoanPeriod - Txt' is: '28 years'

2022-04-05 11:26:11 - [TEST_STEP][PASSED] - tap(findTestObject("MayaHome/mayahome - MobileSpy 1/propertyPriceContinue - Btn"), 0): Tapped on element 'Object Repository/MayaHome/mayahome - MobileSpy 1/propertyPriceContinue - Btn'

2022-04-05 11:26:11 - [MESSAGE][WARNING] - Timeout '0' is invalid. Using default page load timeout: '20'

2022-04-05 11:26:12 - [MESSAGE][PASSED] - Tapped on element 'Object Repository/MayaHome/mayahome - MobileSpy 1/propertyPriceContinue - Btn'

2022-04-05 11:26:12 - [TEST_STEP][PASSED] - delay(3, STOP_ON_FAILURE): Delayed 3 second(s)

2022-04-05 11:26:15 - [MESSAGE][PASSED] - Delayed 3 second(s)

2022-04-05 11:26:15 - [TEST_STEP][PASSED] - callTestCase(findTestCase("MayaHome/mayahome_CEPersonalDetail"), null): Call Test Case 'Test Cases/MayaHome/mayahome_CEPersonalDetail' successfully

2022-04-05 11:26:15 - [TEST_CASE][PASSED] - Test Cases/MayaHome/mayahome_CEPersonalDetail: Test Cases/MayaHome/mayahome_CEPersonalDetail

2022-04-05 11:26:15 - [TEST_STEP][PASSED] - try: Tapped on element 'Object Repository/MayaHome/mayahome - MobileSpy 1/save next - Btn'

2022-04-05 11:26:15 - [TEST_STEP][PASSED] - tap(findTestObject("MayaHome/mayahome - MobileSpy 1/statusinfoOptionTitle - dropdownBtn"), 0): Tapped on element 'Object Repository/MayaHome/mayahome - MobileSpy 1/statusinfoOptionTitle - dropdownBtn'

2022-04-05 11:26:15 - [MESSAGE][WARNING] - Timeout '0' is invalid. Using default page load timeout: '20'

2022-04-05 11:26:15 - [MESSAGE][PASSED] - Tapped on element 'Object Repository/MayaHome/mayahome - MobileSpy 1/statusinfoOptionTitle - dropdownBtn'

2022-04-05 11:26:15 - [TEST_STEP][PASSED] - scrollToText("Tuan"): Scrolling to text 'Tuan' successfully

2022-04-05 11:26:27 - [MESSAGE][PASSED] - Scrolling to text 'Tuan' successfully

2022-04-05 11:26:27 - [TEST_STEP][PASSED] - tap(findTestObject("MayaHome/mayahome - MobileSpy 4/blankScreen - PersonalDetail"), 0): Tapped on element 'Object Repository/MayaHome/mayahome - MobileSpy 4/blankScreen - PersonalDetail'

2022-04-05 11:26:27 - [MESSAGE][WARNING] - Timeout '0' is invalid. Using default page load timeout: '20'

2022-04-05 11:26:28 - [MESSAGE][PASSED] - Tapped on element 'Object Repository/MayaHome/mayahome - MobileSpy 4/blankScreen - PersonalDetail'

2022-04-05 11:26:28 - [TEST_STEP][PASSED] - tap(findTestObject("MayaHome/mayahome - MobileSpy 1/statusinfoOptionResident - dropdownBtn"), 0): Tapped on element 'Object Repository/MayaHome/mayahome - MobileSpy 1/statusinfoOptionResident - dropdownBtn'

2022-04-05 11:26:28 - [MESSAGE][WARNING] - Timeout '0' is invalid. Using default page load timeout: '20'

2022-04-05 11:26:29 - [MESSAGE][PASSED] - Tapped on element 'Object Repository/MayaHome/mayahome - MobileSpy 1/statusinfoOptionResident - dropdownBtn'

2022-04-05 11:26:29 - [TEST_STEP][PASSED] - tap(findTestObject("MayaHome/mayahome - MobileSpy 1/statusInfoResidentOption - Bumiputera"), 0): Tapped on element 'Object Repository/MayaHome/mayahome - MobileSpy 1/statusInfoResidentOption - Bumiputera'

2022-04-05 11:26:29 - [MESSAGE][WARNING] - Timeout '0' is invalid. Using default page load timeout: '20'

2022-04-05 11:26:30 - [MESSAGE][PASSED] - Tapped on element 'Object Repository/MayaHome/mayahome - MobileSpy 1/statusInfoResidentOption - Bumiputera'

2022-04-05 11:26:30 - [TEST_STEP][PASSED] - tap(findTestObject("MayaHome/mayahome - MobileSpy 1/statusInfoDropDown - doneBtn"), 0): Tapped on element 'Object Repository/MayaHome/mayahome - MobileSpy 1/statusInfoDropDown - doneBtn'

2022-04-05 11:26:30 - [MESSAGE][WARNING] - Timeout '0' is invalid. Using default page load timeout: '20'

2022-04-05 11:26:30 - [MESSAGE][PASSED] - Tapped on element 'Object Repository/MayaHome/mayahome - MobileSpy 1/statusInfoDropDown - doneBtn'

2022-04-05 11:26:30 - [TEST_STEP][PASSED] - tap(findTestObject("MayaHome/mayahome - MobileSpy 1/statusinfoOptionEducation - dropdownBtn"), 0): Tapped on element 'Object Repository/MayaHome/mayahome - MobileSpy 1/statusinfoOptionEducation - dropdownBtn'

2022-04-05 11:26:30 - [MESSAGE][WARNING] - Timeout '0' is invalid. Using default page load timeout: '20'

2022-04-05 11:26:31 - [MESSAGE][PASSED] - Tapped on element 'Object Repository/MayaHome/mayahome - MobileSpy 1/statusinfoOptionEducation - dropdownBtn'

2022-04-05 11:26:31 - [TEST_STEP][PASSED] - scrollToText("Professional Qualification", STOP_ON_FAILURE): Scrolling to text 'Professional Qualification' successfully

2022-04-05 11:26:32 - [MESSAGE][PASSED] - Scrolling to text 'Professional Qualification' successfully

2022-04-05 11:26:32 - [TEST_STEP][PASSED] - tap(findTestObject("MayaHome/mayahome - MobileSpy 1/statusInfoEducationOption - Pro Qualify"), 0): Tapped on element 'Object Repository/MayaHome/mayahome - MobileSpy 1/statusInfoEducationOption - Pro Qualify'

2022-04-05 11:26:32 - [MESSAGE][WARNING] - Timeout '0' is invalid. Using default page load timeout: '20'

2022-04-05 11:26:33 - [MESSAGE][PASSED] - Tapped on element 'Object Repository/MayaHome/mayahome - MobileSpy 1/statusInfoEducationOption - Pro Qualify'

2022-04-05 11:26:33 - [TEST_STEP][PASSED] - tap(findTestObject("MayaHome/mayahome - MobileSpy 1/statusInfoDropDown - doneBtn"), 0): Tapped on element 'Object Repository/MayaHome/mayahome - MobileSpy 1/statusInfoDropDown - doneBtn'

2022-04-05 11:26:33 - [MESSAGE][WARNING] - Timeout '0' is invalid. Using default page load timeout: '20'

2022-04-05 11:26:33 - [MESSAGE][PASSED] - Tapped on element 'Object Repository/MayaHome/mayahome - MobileSpy 1/statusInfoDropDown - doneBtn'

2022-04-05 11:26:33 - [TEST_STEP][PASSED] - scrollToText("Employment status"): Scrolling to text 'Employment status' successfully

2022-04-05 11:26:37 - [MESSAGE][PASSED] - Scrolling to text 'Employment status' successfully

2022-04-05 11:26:37 - [TEST_STEP][PASSED] - tap(findTestObject("MayaHome/mayahome - MobileSpy 1/statusinfoOptionMarital - dropdownBtn"), 0): Tapped on element 'Object Repository/MayaHome/mayahome - MobileSpy 1/statusinfoOptionMarital - dropdownBtn'

2022-04-05 11:26:37 - [MESSAGE][WARNING] - Timeout '0' is invalid. Using default page load timeout: '20'

2022-04-05 11:26:37 - [MESSAGE][PASSED] - Tapped on element 'Object Repository/MayaHome/mayahome - MobileSpy 1/statusinfoOptionMarital - dropdownBtn'

2022-04-05 11:26:37 - [TEST_STEP][PASSED] - scrollToText("Single", STOP_ON_FAILURE): Scrolling to text 'Single' successfully

2022-04-05 11:26:38 - [MESSAGE][PASSED] - Scrolling to text 'Single' successfully

2022-04-05 11:26:38 - [TEST_STEP][PASSED] - tap(findTestObject("MayaHome/mayahome - MobileSpy 1/statusInfoMaritalStatus - Married"), 0): Tapped on element 'Object Repository/MayaHome/mayahome - MobileSpy 1/statusInfoMaritalStatus - Married'

2022-04-05 11:26:38 - [MESSAGE][WARNING] - Timeout '0' is invalid. Using default page load timeout: '20'

2022-04-05 11:26:39 - [MESSAGE][PASSED] - Tapped on element 'Object Repository/MayaHome/mayahome - MobileSpy 1/statusInfoMaritalStatus - Married'

2022-04-05 11:26:39 - [TEST_STEP][PASSED] - tap(findTestObject("MayaHome/mayahome - MobileSpy 1/statusInfoDropDown - doneBtn"), 0): Tapped on element 'Object Repository/MayaHome/mayahome - MobileSpy 1/statusInfoDropDown - doneBtn'

2022-04-05 11:26:39 - [MESSAGE][WARNING] - Timeout '0' is invalid. Using default page load timeout: '20'

2022-04-05 11:26:39 - [MESSAGE][PASSED] - Tapped on element 'Object Repository/MayaHome/mayahome - MobileSpy 1/statusInfoDropDown - doneBtn'

2022-04-05 11:26:39 - [TEST_STEP][PASSED] - if (verifyElementExist(findTestObject("MayaHome/mayahome - MobileSpy 1/spouseGrossIncome - header"), 0, OPTIONAL)): Element 'Object Repository/MayaHome/mayahome - MobileSpy 1/spouseGrossIncome - header' not found

2022-04-05 11:26:39 - [MESSAGE][WARNING] - Timeout '0' is invalid. Using default page load timeout: '20'

2022-04-05 11:26:59 - [MESSAGE][WARNING] - Element 'Object Repository/MayaHome/mayahome - MobileSpy 1/spouseGrossIncome - header' not found

2022-04-05 11:26:59 - [TEST_STEP][PASSED] - else: null

2022-04-05 11:26:59 - [TEST_STEP][PASSED] - tap(findTestObject("MayaHome/mayahome - MobileSpy 1/statusinfoOptionReligion - dropdownBtn"), 0): Tapped on element 'Object Repository/MayaHome/mayahome - MobileSpy 1/statusinfoOptionReligion - dropdownBtn'

2022-04-05 11:26:59 - [MESSAGE][WARNING] - Timeout '0' is invalid. Using default page load timeout: '20'

2022-04-05 11:26:59 - [MESSAGE][PASSED] - Tapped on element 'Object Repository/MayaHome/mayahome - MobileSpy 1/statusinfoOptionReligion - dropdownBtn'

2022-04-05 11:26:59 - [TEST_STEP][PASSED] - scrollToText("Others", STOP_ON_FAILURE): Scrolling to text 'Others' successfully

2022-04-05 11:27:05 - [MESSAGE][PASSED] - Scrolling to text 'Others' successfully

2022-04-05 11:27:05 - [TEST_STEP][PASSED] - tap(findTestObject("MayaHome/mayahome - MobileSpy 1/statusInfoReligion - Hinduism"), 0): Tapped on element 'Object Repository/MayaHome/mayahome - MobileSpy 1/statusInfoReligion - Hinduism'

2022-04-05 11:27:05 - [MESSAGE][WARNING] - Timeout '0' is invalid. Using default page load timeout: '20'

2022-04-05 11:27:05 - [MESSAGE][PASSED] - Tapped on element 'Object Repository/MayaHome/mayahome - MobileSpy 1/statusInfoReligion - Hinduism'

2022-04-05 11:27:05 - [TEST_STEP][PASSED] - tap(findTestObject("MayaHome/mayahome - MobileSpy 1/statusInfoDropDown - doneBtn"), 0): Tapped on element 'Object Repository/MayaHome/mayahome - MobileSpy 1/statusInfoDropDown - doneBtn'

2022-04-05 11:27:05 - [MESSAGE][WARNING] - Timeout '0' is invalid. Using default page load timeout: '20'

2022-04-05 11:27:05 - [MESSAGE][PASSED] - Tapped on element 'Object Repository/MayaHome/mayahome - MobileSpy 1/statusInfoDropDown - doneBtn'

2022-04-05 11:27:05 - [TEST_STEP][PASSED] - tap(findTestObject("MayaHome/mayahome - MobileSpy 1/statusinfoOptionEmpStatus - dropdownBtn"), 0): Tapped on element 'Object Repository/MayaHome/mayahome - MobileSpy 1/statusinfoOptionEmpStatus - dropdownBtn'

2022-04-05 11:27:05 - [MESSAGE][WARNING] - Timeout '0' is invalid. Using default page load timeout: '20'

2022-04-05 11:27:06 - [MESSAGE][PASSED] - Tapped on element 'Object Repository/MayaHome/mayahome - MobileSpy 1/statusinfoOptionEmpStatus - dropdownBtn'

2022-04-05 11:27:06 - [TEST_STEP][PASSED] - scrollToText("Unemployed", STOP_ON_FAILURE): Scrolling to text 'Unemployed' successfully

2022-04-05 11:27:11 - [MESSAGE][PASSED] - Scrolling to text 'Unemployed' successfully

2022-04-05 11:27:11 - [TEST_STEP][PASSED] - tap(findTestObject("MayaHome/mayahome - MobileSpy 1/statusInfoDropDown - doneBtn"), 0): Tapped on element 'Object Repository/MayaHome/mayahome - MobileSpy 1/statusInfoDropDown - doneBtn'

2022-04-05 11:27:11 - [MESSAGE][WARNING] - Timeout '0' is invalid. Using default page load timeout: '20'

2022-04-05 11:27:12 - [MESSAGE][PASSED] - Tapped on element 'Object Repository/MayaHome/mayahome - MobileSpy 1/statusInfoDropDown - doneBtn'

2022-04-05 11:27:12 - [TEST_STEP][PASSED] - tap(findTestObject("MayaHome/mayahome - MobileSpy 1/statusInfoBusinessClass - dropdownBtn"), 0): Tapped on element 'Object Repository/MayaHome/mayahome - MobileSpy 1/statusInfoBusinessClass - dropdownBtn'

2022-04-05 11:27:12 - [MESSAGE][WARNING] - Timeout '0' is invalid. Using default page load timeout: '20'

2022-04-05 11:27:13 - [MESSAGE][PASSED] - Tapped on element 'Object Repository/MayaHome/mayahome - MobileSpy 1/statusInfoBusinessClass - dropdownBtn'

2022-04-05 11:27:13 - [TEST_STEP][PASSED] - scrollToText("Sdn Bhd"): Scrolling to text 'Sdn Bhd' successfully

2022-04-05 11:27:18 - [MESSAGE][PASSED] - Scrolling to text 'Sdn Bhd' successfully

2022-04-05 11:27:18 - [TEST_STEP][PASSED] - tap(findTestObject("MayaHome/mayahome - MobileSpy 1/statusInfoOption - SdnBhd"), 0): Tapped on element 'Object Repository/MayaHome/mayahome - MobileSpy 1/statusInfoOption - SdnBhd'

2022-04-05 11:27:18 - [MESSAGE][WARNING] - Timeout '0' is invalid. Using default page load timeout: '20'

2022-04-05 11:27:18 - [MESSAGE][PASSED] - Tapped on element 'Object Repository/MayaHome/mayahome - MobileSpy 1/statusInfoOption - SdnBhd'

2022-04-05 11:27:18 - [TEST_STEP][PASSED] - tap(findTestObject("MayaHome/mayahome - MobileSpy 1/statusInfoDropDown - doneBtn"), 0): Tapped on element 'Object Repository/MayaHome/mayahome - MobileSpy 1/statusInfoDropDown - doneBtn'

2022-04-05 11:27:18 - [MESSAGE][WARNING] - Timeout '0' is invalid. Using default page load timeout: '20'

2022-04-05 11:27:20 - [MESSAGE][PASSED] - Tapped on element 'Object Repository/MayaHome/mayahome - MobileSpy 1/statusInfoDropDown - doneBtn'

2022-04-05 11:27:20 - [TEST_STEP][PASSED] - tap(findTestObject("MayaHome/mayahome - MobileSpy 1/save next - Btn"), 0): Tapped on element 'Object Repository/MayaHome/mayahome - MobileSpy 1/save next - Btn'

2022-04-05 11:27:20 - [MESSAGE][WARNING] - Timeout '0' is invalid. Using default page load timeout: '20'

2022-04-05 11:27:21 - [MESSAGE][PASSED] - Tapped on element 'Object Repository/MayaHome/mayahome - MobileSpy 1/save next - Btn'

2022-04-05 11:27:21 - [MESSAGE][PASSED] - Call Test Case 'Test Cases/MayaHome/mayahome_CEPersonalDetail' successfully

2022-04-05 11:27:21 - [TEST_STEP][PASSED] - callTestCase(findTestCase("MayaHome/mayahome_CEMonthlyIncome"), null): Call Test Case 'Test Cases/MayaHome/mayahome_CEMonthlyIncome' successfully

2022-04-05 11:27:21 - [TEST_CASE][PASSED] - Test Cases/MayaHome/mayahome_CEMonthlyIncome: Test Cases/MayaHome/mayahome_CEMonthlyIncome

2022-04-05 11:27:21 - [TEST_STEP][PASSED] - try: Delayed 10 second(s)

2022-04-05 11:27:21 - [TEST_STEP][PASSED] - tap(findTestObject("MayaHome/mayahome - MobileSpy 1/monthlyIncome - Txtfield"), 0): Tapped on element 'Object Repository/MayaHome/mayahome - MobileSpy 1/monthlyIncome - Txtfield'

2022-04-05 11:27:21 - [MESSAGE][WARNING] - Timeout '0' is invalid. Using default page load timeout: '20'

2022-04-05 11:27:25 - [MESSAGE][PASSED] - Tapped on element 'Object Repository/MayaHome/mayahome - MobileSpy 1/monthlyIncome - Txtfield'

2022-04-05 11:27:25 - [TEST_STEP][PASSED] - tap(findTestObject("MayaHome/mayahome - MobileSpy 1/pinMonthlyIncome - 4"), 1): Tapped on element 'Object Repository/MayaHome/mayahome - MobileSpy 1/pinMonthlyIncome - 4'

2022-04-05 11:27:27 - [MESSAGE][PASSED] - Tapped on element 'Object Repository/MayaHome/mayahome - MobileSpy 1/pinMonthlyIncome - 4'

2022-04-05 11:27:27 - [TEST_STEP][PASSED] - tap(findTestObject("MayaHome/mayahome - MobileSpy 1/pinMonthlyIncome - 0"), 1): Tapped on element 'Object Repository/MayaHome/mayahome - MobileSpy 1/pinMonthlyIncome - 0'

2022-04-05 11:27:28 - [MESSAGE][PASSED] - Tapped on element 'Object Repository/MayaHome/mayahome - MobileSpy 1/pinMonthlyIncome - 0'

2022-04-05 11:27:28 - [TEST_STEP][PASSED] - tap(findTestObject("MayaHome/mayahome - MobileSpy 1/pinMonthlyIncome - 0"), 1): Tapped on element 'Object Repository/MayaHome/mayahome - MobileSpy 1/pinMonthlyIncome - 0'

2022-04-05 11:27:29 - [MESSAGE][PASSED] - Tapped on element 'Object Repository/MayaHome/mayahome - MobileSpy 1/pinMonthlyIncome - 0'

2022-04-05 11:27:29 - [TEST_STEP][PASSED] - tap(findTestObject("MayaHome/mayahome - MobileSpy 1/pinMonthlyIncome - 0"), 1): Tapped on element 'Object Repository/MayaHome/mayahome - MobileSpy 1/pinMonthlyIncome - 0'

2022-04-05 11:27:30 - [MESSAGE][PASSED] - Tapped on element 'Object Repository/MayaHome/mayahome - MobileSpy 1/pinMonthlyIncome - 0'

2022-04-05 11:27:30 - [TEST_STEP][PASSED] - tap(findTestObject("MayaHome/mayahome - MobileSpy 1/pinMonthlyIncome - 0"), 1): Tapped on element 'Object Repository/MayaHome/mayahome - MobileSpy 1/pinMonthlyIncome - 0'

2022-04-05 11:27:30 - [MESSAGE][PASSED] - Tapped on element 'Object Repository/MayaHome/mayahome - MobileSpy 1/pinMonthlyIncome - 0'

2022-04-05 11:27:30 - [TEST_STEP][PASSED] - tap(findTestObject("MayaHome/mayahome - MobileSpy 1/pinMonthlyIncome - 0"), 1): Tapped on element 'Object Repository/MayaHome/mayahome - MobileSpy 1/pinMonthlyIncome - 0'

2022-04-05 11:27:31 - [MESSAGE][PASSED] - Tapped on element 'Object Repository/MayaHome/mayahome - MobileSpy 1/pinMonthlyIncome - 0'

2022-04-05 11:27:31 - [TEST_STEP][PASSED] - tap(findTestObject("MayaHome/mayahome - MobileSpy 1/pinMonthlyIncome - check"), 1): Tapped on element 'Object Repository/MayaHome/mayahome - MobileSpy 1/pinMonthlyIncome - check'

2022-04-05 11:27:32 - [MESSAGE][PASSED] - Tapped on element 'Object Repository/MayaHome/mayahome - MobileSpy 1/pinMonthlyIncome - check'

2022-04-05 11:27:32 - [TEST_STEP][PASSED] - tap(findTestObject("MayaHome/mayahome - MobileSpy 1/existingHousingLoan - dropdownBtn"), 0): Tapped on element 'Object Repository/MayaHome/mayahome - MobileSpy 1/existingHousingLoan - dropdownBtn'

2022-04-05 11:27:32 - [MESSAGE][WARNING] - Timeout '0' is invalid. Using default page load timeout: '20'

2022-04-05 11:27:34 - [MESSAGE][PASSED] - Tapped on element 'Object Repository/MayaHome/mayahome - MobileSpy 1/existingHousingLoan - dropdownBtn'

2022-04-05 11:27:34 - [TEST_STEP][PASSED] - tap(findTestObject("MayaHome/mayahome - MobileSpy 3/existingHousingLoan(1) - Btn"), 0): Tapped on element 'Object Repository/MayaHome/mayahome - MobileSpy 3/existingHousingLoan(1) - Btn'

2022-04-05 11:27:34 - [MESSAGE][WARNING] - Timeout '0' is invalid. Using default page load timeout: '20'

2022-04-05 11:27:35 - [MESSAGE][PASSED] - Tapped on element 'Object Repository/MayaHome/mayahome - MobileSpy 3/existingHousingLoan(1) - Btn'

2022-04-05 11:27:35 - [TEST_STEP][PASSED] - tap(findTestObject("MayaHome/mayahome - MobileSpy 1/statusInfoDropDown - doneBtn"), 0): Tapped on element 'Object Repository/MayaHome/mayahome - MobileSpy 1/statusInfoDropDown - doneBtn'

2022-04-05 11:27:35 - [MESSAGE][WARNING] - Timeout '0' is invalid. Using default page load timeout: '20'

2022-04-05 11:27:36 - [MESSAGE][PASSED] - Tapped on element 'Object Repository/MayaHome/mayahome - MobileSpy 1/statusInfoDropDown - doneBtn'

2022-04-05 11:27:36 - [TEST_STEP][PASSED] - delay(3): Delayed 3 second(s)

2022-04-05 11:27:39 - [MESSAGE][PASSED] - Delayed 3 second(s)

2022-04-05 11:27:39 - [TEST_STEP][PASSED] - tap(findTestObject("MayaHome/mayahome - MobileSpy 1/non-bankCommit - Txtfield"), 1): Tapped on element 'Object Repository/MayaHome/mayahome - MobileSpy 1/non-bankCommit - Txtfield'

2022-04-05 11:27:41 - [MESSAGE][PASSED] - Tapped on element 'Object Repository/MayaHome/mayahome - MobileSpy 1/non-bankCommit - Txtfield'

2022-04-05 11:27:41 - [TEST_STEP][PASSED] - tap(findTestObject("MayaHome/mayahome - MobileSpy 1/pinMonthlyIncome - 2"), 1): Tapped on element 'Object Repository/MayaHome/mayahome - MobileSpy 1/pinMonthlyIncome - 2'

2022-04-05 11:27:42 - [MESSAGE][PASSED] - Tapped on element 'Object Repository/MayaHome/mayahome - MobileSpy 1/pinMonthlyIncome - 2'

2022-04-05 11:27:42 - [TEST_STEP][PASSED] - tap(findTestObject("MayaHome/mayahome - MobileSpy 1/pinMonthlyIncome - 0"), 0): Tapped on element 'Object Repository/MayaHome/mayahome - MobileSpy 1/pinMonthlyIncome - 0'

2022-04-05 11:27:42 - [MESSAGE][WARNING] - Timeout '0' is invalid. Using default page load timeout: '20'

2022-04-05 11:27:43 - [MESSAGE][PASSED] - Tapped on element 'Object Repository/MayaHome/mayahome - MobileSpy 1/pinMonthlyIncome - 0'

2022-04-05 11:27:43 - [TEST_STEP][PASSED] - tap(findTestObject("MayaHome/mayahome - MobileSpy 1/pinMonthlyIncome - 0"), 0): Tapped on element 'Object Repository/MayaHome/mayahome - MobileSpy 1/pinMonthlyIncome - 0'

2022-04-05 11:27:43 - [MESSAGE][WARNING] - Timeout '0' is invalid. Using default page load timeout: '20'

2022-04-05 11:27:44 - [MESSAGE][PASSED] - Tapped on element 'Object Repository/MayaHome/mayahome - MobileSpy 1/pinMonthlyIncome - 0'

2022-04-05 11:27:44 - [TEST_STEP][PASSED] - tap(findTestObject("MayaHome/mayahome - MobileSpy 1/pinMonthlyIncome - 0"), 0): Tapped on element 'Object Repository/MayaHome/mayahome - MobileSpy 1/pinMonthlyIncome - 0'

2022-04-05 11:27:44 - [MESSAGE][WARNING] - Timeout '0' is invalid. Using default page load timeout: '20'

2022-04-05 11:27:45 - [MESSAGE][PASSED] - Tapped on element 'Object Repository/MayaHome/mayahome - MobileSpy 1/pinMonthlyIncome - 0'

2022-04-05 11:27:45 - [TEST_STEP][PASSED] - tap(findTestObject("MayaHome/mayahome - MobileSpy 1/pinMonthlyIncome - 0"), 0): Tapped on element 'Object Repository/MayaHome/mayahome - MobileSpy 1/pinMonthlyIncome - 0'

2022-04-05 11:27:45 - [MESSAGE][WARNING] - Timeout '0' is invalid. Using default page load timeout: '20'

2022-04-05 11:27:46 - [MESSAGE][PASSED] - Tapped on element 'Object Repository/MayaHome/mayahome - MobileSpy 1/pinMonthlyIncome - 0'

2022-04-05 11:27:46 - [TEST_STEP][PASSED] - tap(findTestObject("MayaHome/mayahome - MobileSpy 1/pinMonthlyIncome - check"), 0): Tapped on element 'Object Repository/MayaHome/mayahome - MobileSpy 1/pinMonthlyIncome - check'

2022-04-05 11:27:46 - [MESSAGE][WARNING] - Timeout '0' is invalid. Using default page load timeout: '20'

2022-04-05 11:27:47 - [MESSAGE][PASSED] - Tapped on element 'Object Repository/MayaHome/mayahome - MobileSpy 1/pinMonthlyIncome - check'

2022-04-05 11:27:47 - [TEST_STEP][PASSED] - tap(findTestObject("MayaHome/mayahome - MobileSpy 1/statusinfo - savenextBtn"), 0): Tapped on element 'Object Repository/MayaHome/mayahome - MobileSpy 1/statusinfo - savenextBtn'

2022-04-05 11:27:47 - [MESSAGE][WARNING] - Timeout '0' is invalid. Using default page load timeout: '20'

2022-04-05 11:27:48 - [MESSAGE][PASSED] - Tapped on element 'Object Repository/MayaHome/mayahome - MobileSpy 1/statusinfo - savenextBtn'

2022-04-05 11:27:48 - [TEST_STEP][PASSED] - delay(10): Delayed 10 second(s)

2022-04-05 11:27:58 - [MESSAGE][PASSED] - Delayed 10 second(s)

2022-04-05 11:27:58 - [MESSAGE][PASSED] - Call Test Case 'Test Cases/MayaHome/mayahome_CEMonthlyIncome' successfully

2022-04-05 11:27:58 - [TEST_STEP][PASSED] - if (verifyElementExist(findTestObject("MayaHome/mayahome - MobileSpy 2/hederAdditionalInfo - Txt"), 0, OPTIONAL)): Element 'Object Repository/MayaHome/mayahome - MobileSpy 2/hederAdditionalInfo - Txt' not found

2022-04-05 11:27:58 - [MESSAGE][WARNING] - Timeout '0' is invalid. Using default page load timeout: '20'

2022-04-05 11:28:18 - [MESSAGE][WARNING] - Element 'Object Repository/MayaHome/mayahome - MobileSpy 2/hederAdditionalInfo - Txt' not found

2022-04-05 11:28:18 - [TEST_STEP][PASSED] - else: null

2022-04-05 11:28:18 - [TEST_STEP][PASSED] - delay(5, STOP_ON_FAILURE): Delayed 5 second(s)

2022-04-05 11:28:23 - [MESSAGE][PASSED] - Delayed 5 second(s)

2022-04-05 11:28:23 - [TEST_STEP][PASSED] - if (verifyElementVisible(findTestObject("MayaHome/mayahome - MobileSpy 2/successStatement - Txt"), 0, OPTIONAL)): null

2022-04-05 11:28:23 - [MESSAGE][WARNING] - Timeout '0' is invalid. Using default page load timeout: '20'

2022-04-05 11:28:24 - [MESSAGE][PASSED] - Element 'Object Repository/MayaHome/mayahome - MobileSpy 2/successStatement - Txt' is visible

2022-04-05 11:28:24 - [TEST_STEP][PASSED] - swipe(500, 2000, 500, 1350): Swiped from 500,2,000 to 500,1,350

2022-04-05 11:28:25 - [MESSAGE][PASSED] - Swiped from 500,2,000 to 500,1,350

2022-04-05 11:28:25 - [TEST_STEP][PASSED] - delay(3, STOP_ON_FAILURE): Delayed 3 second(s)

2022-04-05 11:28:28 - [MESSAGE][PASSED] - Delayed 3 second(s)

2022-04-05 11:28:28 - [TEST_STEP][PASSED] - verifyElementVisible(findTestObject("MayaHome/mayahome - MobileSpy 4/reviewApp - propertyName"), 0, CONTINUE_ON_FAILURE): Element 'Object Repository/MayaHome/mayahome - MobileSpy 4/reviewApp - propertyName' is visible

2022-04-05 11:28:28 - [MESSAGE][WARNING] - Timeout '0' is invalid. Using default page load timeout: '20'

2022-04-05 11:28:28 - [MESSAGE][PASSED] - Element 'Object Repository/MayaHome/mayahome - MobileSpy 4/reviewApp - propertyName' is visible

2022-04-05 11:28:28 - [TEST_STEP][PASSED] - getText(findTestObject("MayaHome/mayahome - MobileSpy 4/reviewApp - propertyName"), 0): Text of element 'Object Repository/MayaHome/mayahome - MobileSpy 4/reviewApp - propertyName' is: 'Hampton Hills'

2022-04-05 11:28:28 - [MESSAGE][WARNING] - Timeout '0' is invalid. Using default page load timeout: '20'

2022-04-05 11:28:28 - [MESSAGE][PASSED] - Text of element 'Object Repository/MayaHome/mayahome - MobileSpy 4/reviewApp - propertyName' is: 'Hampton Hills'

2022-04-05 11:28:28 - [TEST_STEP][PASSED] - verifyElementVisible(findTestObject("MayaHome/mayahome - MobileSpy 4/reviewApp - propertyLoanAmountTxt"), 0, CONTINUE_ON_FAILURE): Element 'Object Repository/MayaHome/mayahome - MobileSpy 4/reviewApp - propertyLoanAmountTxt' is visible

2022-04-05 11:28:28 - [MESSAGE][WARNING] - Timeout '0' is invalid. Using default page load timeout: '20'

2022-04-05 11:28:29 - [MESSAGE][PASSED] - Element 'Object Repository/MayaHome/mayahome - MobileSpy 4/reviewApp - propertyLoanAmountTxt' is visible

2022-04-05 11:28:29 - [TEST_STEP][PASSED] - getText(findTestObject("MayaHome/mayahome - MobileSpy 4/reviewApp - propertyLoanAmountTxt"), 0): Text of element 'Object Repository/MayaHome/mayahome - MobileSpy 4/reviewApp - propertyLoanAmountTxt' is: 'Property financing amount'

2022-04-05 11:28:29 - [MESSAGE][WARNING] - Timeout '0' is invalid. Using default page load timeout: '20'

2022-04-05 11:28:29 - [MESSAGE][PASSED] - Text of element 'Object Repository/MayaHome/mayahome - MobileSpy 4/reviewApp - propertyLoanAmountTxt' is: 'Property financing amount'

2022-04-05 11:28:29 - [TEST_STEP][PASSED] - verifyElementText(findTestObject("MayaHome/mayahome - MobileSpy 4/reviewApp - propertyLoanAmount(RM)"), loanAmount, CONTINUE_ON_FAILURE): Actual text and expected text of test object 'Object Repository/MayaHome/mayahome - MobileSpy 4/reviewApp - propertyLoanAmount(RM)' are matched.

2022-04-05 11:28:29 - [MESSAGE][PASSED] - Actual text and expected text of test object 'Object Repository/MayaHome/mayahome - MobileSpy 4/reviewApp - propertyLoanAmount(RM)' are matched.

2022-04-05 11:28:29 - [TEST_STEP][PASSED] - getText(findTestObject("MayaHome/mayahome - MobileSpy 4/reviewApp - propertyLoanAmount(RM)"), 0): Text of element 'Object Repository/MayaHome/mayahome - MobileSpy 4/reviewApp - propertyLoanAmount(RM)' is: 'RM 160,000.00'

2022-04-05 11:28:29 - [MESSAGE][WARNING] - Timeout '0' is invalid. Using default page load timeout: '20'

2022-04-05 11:28:29 - [MESSAGE][PASSED] - Text of element 'Object Repository/MayaHome/mayahome - MobileSpy 4/reviewApp - propertyLoanAmount(RM)' is: 'RM 160,000.00'

2022-04-05 11:28:29 - [TEST_STEP][PASSED] - verifyElementVisible(findTestObject("MayaHome/mayahome - MobileSpy 4/reviewApp - effIntRateTxt"), 0, CONTINUE_ON_FAILURE): Element 'Object Repository/MayaHome/mayahome - MobileSpy 4/reviewApp - effIntRateTxt' is visible

2022-04-05 11:28:30 - [MESSAGE][WARNING] - Timeout '0' is invalid. Using default page load timeout: '20'

2022-04-05 11:28:30 - [MESSAGE][PASSED] - Element 'Object Repository/MayaHome/mayahome - MobileSpy 4/reviewApp - effIntRateTxt' is visible

2022-04-05 11:28:30 - [TEST_STEP][PASSED] - getText(findTestObject("MayaHome/mayahome - MobileSpy 4/reviewApp - effIntRateTxt"), 0): Text of element 'Object Repository/MayaHome/mayahome - MobileSpy 4/reviewApp - effIntRateTxt' is: 'Effective profit rate'

2022-04-05 11:28:30 - [MESSAGE][WARNING] - Timeout '0' is invalid. Using default page load timeout: '20'

2022-04-05 11:28:30 - [MESSAGE][PASSED] - Text of element 'Object Repository/MayaHome/mayahome - MobileSpy 4/reviewApp - effIntRateTxt' is: 'Effective profit rate'

2022-04-05 11:28:30 - [TEST_STEP][PASSED] - verifyElementVisible(findTestObject("MayaHome/mayahome - MobileSpy 4/reviewApp - effIntRate(percent)"), 0, CONTINUE_ON_FAILURE): Element 'Object Repository/MayaHome/mayahome - MobileSpy 4/reviewApp - effIntRate(percent)' is visible

2022-04-05 11:28:30 - [MESSAGE][WARNING] - Timeout '0' is invalid. Using default page load timeout: '20'

2022-04-05 11:28:30 - [MESSAGE][PASSED] - Element 'Object Repository/MayaHome/mayahome - MobileSpy 4/reviewApp - effIntRate(percent)' is visible

2022-04-05 11:28:30 - [TEST_STEP][PASSED] - getText(findTestObject("MayaHome/mayahome - MobileSpy 4/reviewApp - effIntRate(percent)"), 0): Text of element 'Object Repository/MayaHome/mayahome - MobileSpy 4/reviewApp - effIntRate(percent)' is: '6.06% p.a'

2022-04-05 11:28:30 - [MESSAGE][WARNING] - Timeout '0' is invalid. Using default page load timeout: '20'

2022-04-05 11:28:31 - [MESSAGE][PASSED] - Text of element 'Object Repository/MayaHome/mayahome - MobileSpy 4/reviewApp - effIntRate(percent)' is: '6.06% p.a'

2022-04-05 11:28:31 - [TEST_STEP][PASSED] - verifyElementVisible(findTestObject("MayaHome/mayahome - MobileSpy 4/reviewApp - baseRate"), 0, CONTINUE_ON_FAILURE): Element 'Object Repository/MayaHome/mayahome - MobileSpy 4/reviewApp - baseRate' is visible

2022-04-05 11:28:31 - [MESSAGE][WARNING] - Timeout '0' is invalid. Using default page load timeout: '20'

2022-04-05 11:28:31 - [MESSAGE][PASSED] - Element 'Object Repository/MayaHome/mayahome - MobileSpy 4/reviewApp - baseRate' is visible

2022-04-05 11:28:31 - [TEST_STEP][PASSED] - getText(findTestObject("MayaHome/mayahome - MobileSpy 4/reviewApp - baseRate"), 0): Text of element 'Object Repository/MayaHome/mayahome - MobileSpy 4/reviewApp - baseRate' is: 'Base Rate: 3.50%'

2022-04-05 11:28:31 - [MESSAGE][WARNING] - Timeout '0' is invalid. Using default page load timeout: '20'

2022-04-05 11:28:31 - [MESSAGE][PASSED] - Text of element 'Object Repository/MayaHome/mayahome - MobileSpy 4/reviewApp - baseRate' is: 'Base Rate: 3.50%'

2022-04-05 11:28:31 - [TEST_STEP][PASSED] - verifyElementVisible(findTestObject("MayaHome/mayahome - MobileSpy 4/reviewApp - spread"), 0, CONTINUE_ON_FAILURE): Element 'Object Repository/MayaHome/mayahome - MobileSpy 4/reviewApp - spread' is visible

2022-04-05 11:28:31 - [MESSAGE][WARNING] - Timeout '0' is invalid. Using default page load timeout: '20'

2022-04-05 11:28:31 - [MESSAGE][PASSED] - Element 'Object Repository/MayaHome/mayahome - MobileSpy 4/reviewApp - spread' is visible

2022-04-05 11:28:31 - [TEST_STEP][PASSED] - getText(findTestObject("MayaHome/mayahome - MobileSpy 4/reviewApp - spread"), 0): Text of element 'Object Repository/MayaHome/mayahome - MobileSpy 4/reviewApp - spread' is: 'Spread: 2.56%'

2022-04-05 11:28:31 - [MESSAGE][WARNING] - Timeout '0' is invalid. Using default page load timeout: '20'

2022-04-05 11:28:32 - [MESSAGE][PASSED] - Text of element 'Object Repository/MayaHome/mayahome - MobileSpy 4/reviewApp - spread' is: 'Spread: 2.56%'

2022-04-05 11:28:32 - [TEST_STEP][PASSED] - verifyElementVisible(findTestObject("MayaHome/mayahome - MobileSpy 4/reviewApp - loanPeriodTxt"), 0, CONTINUE_ON_FAILURE): Element 'Object Repository/MayaHome/mayahome - MobileSpy 4/reviewApp - loanPeriodTxt' is visible

2022-04-05 11:28:32 - [MESSAGE][WARNING] - Timeout '0' is invalid. Using default page load timeout: '20'

2022-04-05 11:28:32 - [MESSAGE][PASSED] - Element 'Object Repository/MayaHome/mayahome - MobileSpy 4/reviewApp - loanPeriodTxt' is visible

2022-04-05 11:28:32 - [TEST_STEP][PASSED] - getText(findTestObject("MayaHome/mayahome - MobileSpy 4/reviewApp - loanPeriodTxt"), 0): Text of element 'Object Repository/MayaHome/mayahome - MobileSpy 4/reviewApp - loanPeriodTxt' is: 'Financing period'

2022-04-05 11:28:32 - [MESSAGE][WARNING] - Timeout '0' is invalid. Using default page load timeout: '20'

2022-04-05 11:28:32 - [MESSAGE][PASSED] - Text of element 'Object Repository/MayaHome/mayahome - MobileSpy 4/reviewApp - loanPeriodTxt' is: 'Financing period'

2022-04-05 11:28:32 - [TEST_STEP][PASSED] - verifyElementText(findTestObject("MayaHome/mayahome - MobileSpy 4/reviewApp - loanPeriod(year)"), loanPeriod, CONTINUE_ON_FAILURE): Actual text and expected text of test object 'Object Repository/MayaHome/mayahome - MobileSpy 4/reviewApp - loanPeriod(year)' are matched.

2022-04-05 11:28:33 - [MESSAGE][PASSED] - Actual text and expected text of test object 'Object Repository/MayaHome/mayahome - MobileSpy 4/reviewApp - loanPeriod(year)' are matched.

2022-04-05 11:28:33 - [TEST_STEP][PASSED] - getText(findTestObject("MayaHome/mayahome - MobileSpy 4/reviewApp - loanPeriod(year)"), 0): Text of element 'Object Repository/MayaHome/mayahome - MobileSpy 4/reviewApp - loanPeriod(year)' is: '28 years'

2022-04-05 11:28:33 - [MESSAGE][WARNING] - Timeout '0' is invalid. Using default page load timeout: '20'

2022-04-05 11:28:33 - [MESSAGE][PASSED] - Text of element 'Object Repository/MayaHome/mayahome - MobileSpy 4/reviewApp - loanPeriod(year)' is: '28 years'

2022-04-05 11:28:33 - [TEST_STEP][PASSED] - verifyElementVisible(findTestObject("MayaHome/mayahome - MobileSpy 4/reviewApp - monthlyInsalmentTxt"), 0, CONTINUE_ON_FAILURE): Element 'Object Repository/MayaHome/mayahome - MobileSpy 4/reviewApp - monthlyInsalmentTxt' is visible

2022-04-05 11:28:33 - [MESSAGE][WARNING] - Timeout '0' is invalid. Using default page load timeout: '20'

2022-04-05 11:28:33 - [MESSAGE][PASSED] - Element 'Object Repository/MayaHome/mayahome - MobileSpy 4/reviewApp - monthlyInsalmentTxt' is visible

2022-04-05 11:28:33 - [TEST_STEP][PASSED] - getText(findTestObject("MayaHome/mayahome - MobileSpy 4/reviewApp - monthlyInsalmentTxt"), 0): Text of element 'Object Repository/MayaHome/mayahome - MobileSpy 4/reviewApp - monthlyInsalmentTxt' is: 'Monthly instalment'

2022-04-05 11:28:33 - [MESSAGE][WARNING] - Timeout '0' is invalid. Using default page load timeout: '20'

2022-04-05 11:28:33 - [MESSAGE][PASSED] - Text of element 'Object Repository/MayaHome/mayahome - MobileSpy 4/reviewApp - monthlyInsalmentTxt' is: 'Monthly instalment'

2022-04-05 11:28:33 - [TEST_STEP][PASSED] - verifyElementVisible(findTestObject("MayaHome/mayahome - MobileSpy 4/reviewApp - monthlyInstalment(RM)"), 0, CONTINUE_ON_FAILURE): Element 'Object Repository/MayaHome/mayahome - MobileSpy 4/reviewApp - monthlyInstalment(RM)' is visible

2022-04-05 11:28:33 - [MESSAGE][WARNING] - Timeout '0' is invalid. Using default page load timeout: '20'

2022-04-05 11:28:34 - [MESSAGE][PASSED] - Element 'Object Repository/MayaHome/mayahome - MobileSpy 4/reviewApp - monthlyInstalment(RM)' is visible

2022-04-05 11:28:34 - [TEST_STEP][PASSED] - getText(findTestObject("MayaHome/mayahome - MobileSpy 4/reviewApp - monthlyInstalment(RM)"), 0): Text of element 'Object Repository/MayaHome/mayahome - MobileSpy 4/reviewApp - monthlyInstalment(RM)' is: 'RM 991.00'

2022-04-05 11:28:34 - [MESSAGE][WARNING] - Timeout '0' is invalid. Using default page load timeout: '20'

2022-04-05 11:28:34 - [MESSAGE][PASSED] - Text of element 'Object Repository/MayaHome/mayahome - MobileSpy 4/reviewApp - monthlyInstalment(RM)' is: 'RM 991.00'

2022-04-05 11:28:34 - [TEST_STEP][PASSED] - verifyElementVisible(findTestObject("MayaHome/mayahome - MobileSpy 4/reviewApp - propertyPriceTxt"), 0, CONTINUE_ON_FAILURE): Element 'Object Repository/MayaHome/mayahome - MobileSpy 4/reviewApp - propertyPriceTxt' is visible

2022-04-05 11:28:34 - [MESSAGE][WARNING] - Timeout '0' is invalid. Using default page load timeout: '20'

2022-04-05 11:28:34 - [MESSAGE][PASSED] - Element 'Object Repository/MayaHome/mayahome - MobileSpy 4/reviewApp - propertyPriceTxt' is visible

2022-04-05 11:28:34 - [TEST_STEP][PASSED] - getText(findTestObject("MayaHome/mayahome - MobileSpy 4/reviewApp - propertyPriceTxt"), 0): Text of element 'Object Repository/MayaHome/mayahome - MobileSpy 4/reviewApp - propertyPriceTxt' is: 'Property price'

2022-04-05 11:28:34 - [MESSAGE][WARNING] - Timeout '0' is invalid. Using default page load timeout: '20'

2022-04-05 11:28:35 - [MESSAGE][PASSED] - Text of element 'Object Repository/MayaHome/mayahome - MobileSpy 4/reviewApp - propertyPriceTxt' is: 'Property price'

2022-04-05 11:28:35 - [TEST_STEP][PASSED] - verifyElementText(findTestObject("MayaHome/mayahome - MobileSpy 4/reviewApp - propertyPrice(RM)"), propertyPrice, CONTINUE_ON_FAILURE): Actual text and expected text of test object 'Object Repository/MayaHome/mayahome - MobileSpy 4/reviewApp - propertyPrice(RM)' are matched.

2022-04-05 11:28:35 - [MESSAGE][PASSED] - Actual text and expected text of test object 'Object Repository/MayaHome/mayahome - MobileSpy 4/reviewApp - propertyPrice(RM)' are matched.

2022-04-05 11:28:35 - [TEST_STEP][PASSED] - getText(findTestObject("MayaHome/mayahome - MobileSpy 4/reviewApp - propertyPrice(RM)"), 0): Text of element 'Object Repository/MayaHome/mayahome - MobileSpy 4/reviewApp - propertyPrice(RM)' is: 'RM 200,000.00'

2022-04-05 11:28:35 - [MESSAGE][WARNING] - Timeout '0' is invalid. Using default page load timeout: '20'

2022-04-05 11:28:35 - [MESSAGE][PASSED] - Text of element 'Object Repository/MayaHome/mayahome - MobileSpy 4/reviewApp - propertyPrice(RM)' is: 'RM 200,000.00'

2022-04-05 11:28:35 - [TEST_STEP][PASSED] - verifyElementVisible(findTestObject("MayaHome/mayahome - MobileSpy 4/reviewApp - downpaymentTxt"), 0, CONTINUE_ON_FAILURE): Element 'Object Repository/MayaHome/mayahome - MobileSpy 4/reviewApp - downpaymentTxt' is visible

2022-04-05 11:28:35 - [MESSAGE][WARNING] - Timeout '0' is invalid. Using default page load timeout: '20'

2022-04-05 11:28:35 - [MESSAGE][PASSED] - Element 'Object Repository/MayaHome/mayahome - MobileSpy 4/reviewApp - downpaymentTxt' is visible

2022-04-05 11:28:35 - [TEST_STEP][PASSED] - getText(findTestObject("MayaHome/mayahome - MobileSpy 4/reviewApp - downpaymentTxt"), 0): Text of element 'Object Repository/MayaHome/mayahome - MobileSpy 4/reviewApp - downpaymentTxt' is: 'Downpayment'

2022-04-05 11:28:35 - [MESSAGE][WARNING] - Timeout '0' is invalid. Using default page load timeout: '20'

2022-04-05 11:28:36 - [MESSAGE][PASSED] - Text of element 'Object Repository/MayaHome/mayahome - MobileSpy 4/reviewApp - downpaymentTxt' is: 'Downpayment'

2022-04-05 11:28:36 - [TEST_STEP][PASSED] - verifyElementText(findTestObject("MayaHome/mayahome - MobileSpy 4/reviewApp - downpayment(RM)"), downpaymentPrice, CONTINUE_ON_FAILURE): Actual text and expected text of test object 'Object Repository/MayaHome/mayahome - MobileSpy 4/reviewApp - downpayment(RM)' are matched.

2022-04-05 11:28:36 - [MESSAGE][PASSED] - Actual text and expected text of test object 'Object Repository/MayaHome/mayahome - MobileSpy 4/reviewApp - downpayment(RM)' are matched.

2022-04-05 11:28:36 - [TEST_STEP][PASSED] - getText(findTestObject("MayaHome/mayahome - MobileSpy 4/reviewApp - downpayment(RM)"), 0): Text of element 'Object Repository/MayaHome/mayahome - MobileSpy 4/reviewApp - downpayment(RM)' is: 'RM 40,000.00'

2022-04-05 11:28:36 - [MESSAGE][WARNING] - Timeout '0' is invalid. Using default page load timeout: '20'

2022-04-05 11:28:37 - [MESSAGE][PASSED] - Text of element 'Object Repository/MayaHome/mayahome - MobileSpy 4/reviewApp - downpayment(RM)' is: 'RM 40,000.00'

2022-04-05 11:28:37 - [TEST_STEP][PASSED] - delay(3, STOP_ON_FAILURE): Delayed 3 second(s)

2022-04-05 11:28:40 - [MESSAGE][PASSED] - Delayed 3 second(s)

2022-04-05 11:28:40 - [TEST_STEP][PASSED] - swipe(500, 700, 500, 1700): Swiped from 500,700 to 500,1,700

2022-04-05 11:28:41 - [MESSAGE][PASSED] - Swiped from 500,700 to 500,1,700

2022-04-05 11:28:41 - [TEST_STEP][PASSED] - tap(findTestObject("MayaHome/mayahome - MobileSpy 1/closePropertyApplication - Btn"), 0): Tapped on element 'Object Repository/MayaHome/mayahome - MobileSpy 1/closePropertyApplication - Btn'

2022-04-05 11:28:41 - [MESSAGE][WARNING] - Timeout '0' is invalid. Using default page load timeout: '20'

2022-04-05 11:28:41 - [MESSAGE][PASSED] - Tapped on element 'Object Repository/MayaHome/mayahome - MobileSpy 1/closePropertyApplication - Btn'

2022-04-05 11:28:41 - [TEST_STEP][PASSED] - tap(findTestObject("MayaHome/mayahome - MobileSpy 2/closeSaveProgressBeforeLeaving - Btn"), 0): Tapped on element 'Object Repository/MayaHome/mayahome - MobileSpy 2/closeSaveProgressBeforeLeaving - Btn'

2022-04-05 11:28:41 - [MESSAGE][WARNING] - Timeout '0' is invalid. Using default page load timeout: '20'

2022-04-05 11:28:42 - [MESSAGE][PASSED] - Tapped on element 'Object Repository/MayaHome/mayahome - MobileSpy 2/closeSaveProgressBeforeLeaving - Btn'

2022-04-05 11:28:42 - [TEST_STEP][PASSED] - scrollToText("Request assistance"): Scrolling to text 'Request assistance' successfully

2022-04-05 11:28:48 - [MESSAGE][PASSED] - Scrolling to text 'Request assistance' successfully

2022-04-05 11:28:48 - [TEST_STEP][PASSED] - tap(findTestObject("MayaHome/mayahome - MobileSpy 2/applynow - Btn"), 0): Tapped on element 'Object Repository/MayaHome/mayahome - MobileSpy 2/applynow - Btn'

2022-04-05 11:28:48 - [MESSAGE][WARNING] - Timeout '0' is invalid. Using default page load timeout: '20'

2022-04-05 11:28:48 - [MESSAGE][PASSED] - Tapped on element 'Object Repository/MayaHome/mayahome - MobileSpy 2/applynow - Btn'

2022-04-05 11:28:48 - [TEST_STEP][PASSED] - tap(findTestObject("MayaHome/mayahome - MobileSpy 2/successAppliedOkay - Btn"), 0): Tapped on element 'Object Repository/MayaHome/mayahome - MobileSpy 2/successAppliedOkay - Btn'

2022-04-05 11:28:48 - [MESSAGE][WARNING] - Timeout '0' is invalid. Using default page load timeout: '20'

2022-04-05 11:28:54 - [MESSAGE][PASSED] - Tapped on element 'Object Repository/MayaHome/mayahome - MobileSpy 2/successAppliedOkay - Btn'

2022-04-05 11:28:54 - [TEST_STEP][PASSED] - verifyElementExist(findTestObject("MayaHome/mayahome - MobileSpy 2/propertyApplicationCard(1) - Btn"), 0): Element 'Object Repository/MayaHome/mayahome - MobileSpy 2/propertyApplicationCard(1) - Btn' is exist

2022-04-05 11:28:54 - [MESSAGE][WARNING] - Timeout '0' is invalid. Using default page load timeout: '20'

2022-04-05 11:29:00 - [MESSAGE][PASSED] - Element 'Object Repository/MayaHome/mayahome - MobileSpy 2/propertyApplicationCard(1) - Btn' is exist]]></system-out>
         <system-err><![CDATA[]]></system-err>
      </testcase>
      <system-out><![CDATA[2022-04-05 11:23:50 - [TEST_SUITE][PASSED] - Maya Home: Test Cases/MayaHome/mayahome_CEReviewApplication]]></system-out>
      <system-err><![CDATA[]]></system-err>
   </testsuite>
</testsuites>
