<?xml version="1.0" encoding="UTF-8"?>
<testsuites name="Maya Home" time="63.288" tests="3" failures="0" errors="0">
   <testsuite name="Maya Home" tests="3" failures="0" errors="0" time="63.288" skipped="0" timestamp="2022-05-12 10:01:26" hostname="vinayeddla - localhost" id="Test Suites/Maya Home">
      <properties>
         <property name="deviceName" value="samsung SM-G960F (Android 10)"/>
         <property name="devicePlatform" value=""/>
         <property name="logFolder" value="/Users/vinayeddla/git/MAYA-Home/Reports/20220512_100116/Maya Home/20220512_100116"/>
         <property name="logFiles" value="/Users/vinayeddla/git/MAYA-Home/Reports/20220512_100116/Maya Home/20220512_100116/execution0.log, /Users/vinayeddla/git/MAYA-Home/Reports/20220512_100116/Maya Home/20220512_100116/appium.log"/>
         <property name="attachments" value=""/>
         <property name="hostName" value="vinayeddla - localhost"/>
         <property name="os" value="Mac OS X 64bit"/>
         <property name="appiumServerStatus" value="{&quot;value&quot;:{&quot;build&quot;:{&quot;version&quot;:&quot;1.22.3&quot;}},&quot;sessionId&quot;:null,&quot;status&quot;:0}"/>
         <property name="katalonVersion" value="8.2.0.208"/>
         <property name="deviceOS" value="Android"/>
         <property name="appiumVersion" value="1.22.3"/>
         <property name="deviceModel" value="SM-G960F"/>
         <property name="hostAddress" value="127.0.0.1"/>
         <property name="deviceManufacturer" value="samsung"/>
         <property name="deviceId" value="225ac1ea21057ece"/>
         <property name="deviceName" value="samsung SM-G960F (Android 10)"/>
         <property name="deviceOSVersion" value="10"/>
      </properties>
      <testcase name="Test Cases/MayaHome/MH_Homepage" time="46.43" classname="Test Cases/MayaHome/MH_Homepage" status="PASSED">
         <system-out><![CDATA[2022-05-12 10:01:26 - [TEST_CASE][PASSED] - Test Cases/MayaHome/MH_Homepage: Test Cases/MayaHome/MH_Homepage

2022-05-12 10:01:26 - [TEST_STEP][PASSED] - startApplication(appPathSIT, false): Started app at: '/Users/vinayeddla/Desktop/MAE/app-sit-universal-release.apk'

2022-05-12 10:01:26 - [MESSAGE][INFO] - User set preference: ['appWaitActivity', '*']

2022-05-12 10:01:26 - [MESSAGE][INFO] - User set preference: ['deviceId', '225ac1ea21057ece']

2022-05-12 10:01:28 - [MESSAGE][INFO] - Appium server started on port 60,770

2022-05-12 10:01:39 - [MESSAGE][PASSED] - Started app at: '/Users/vinayeddla/Desktop/MAE/app-sit-universal-release.apk'

2022-05-12 10:01:39 - [TEST_STEP][PASSED] - tap(findTestObject("MayaHome/mayahome - MobileSpy 1/dashboard - more3dotsBtn"), 0, CONTINUE_ON_FAILURE): Tapped on element 'Object Repository/MayaHome/mayahome - MobileSpy 1/dashboard - more3dotsBtn'

2022-05-12 10:01:39 - [MESSAGE][WARNING] - Timeout '0' is invalid. Using default page load timeout: '20'

2022-05-12 10:01:43 - [MESSAGE][PASSED] - Tapped on element 'Object Repository/MayaHome/mayahome - MobileSpy 1/dashboard - more3dotsBtn'

2022-05-12 10:01:43 - [TEST_STEP][PASSED] - delay(3): Delayed 3 second(s)

2022-05-12 10:01:46 - [MESSAGE][PASSED] - Delayed 3 second(s)

2022-05-12 10:01:46 - [TEST_STEP][PASSED] - tap(findTestObject("MayaHome/mayahome - MobileSpy 3/home2u - Btn"), 0): Tapped on element 'Object Repository/MayaHome/mayahome - MobileSpy 3/home2u - Btn'

2022-05-12 10:01:46 - [MESSAGE][WARNING] - Timeout '0' is invalid. Using default page load timeout: '20'

2022-05-12 10:01:51 - [MESSAGE][PASSED] - Tapped on element 'Object Repository/MayaHome/mayahome - MobileSpy 3/home2u - Btn'

2022-05-12 10:01:51 - [TEST_STEP][PASSED] - if (verifyElementVisible(findTestObject("Login Onboarding/onboardWelcomeSkipBtn"), 0, OPTIONAL)): Element 'Object Repository/Login Onboarding/onboardWelcomeSkipBtn' not found

2022-05-12 10:01:51 - [MESSAGE][WARNING] - Timeout '0' is invalid. Using default page load timeout: '20'

2022-05-12 10:02:12 - [MESSAGE][WARNING] - Element 'Object Repository/Login Onboarding/onboardWelcomeSkipBtn' not found

2022-05-12 10:02:12 - [TEST_STEP][PASSED] - else: null

2022-05-12 10:02:12 - [TEST_STEP][PASSED] - verifyElementVisible(findTestObject("MayaHome/mayahome - MobileSpy 6/property - Header"), 0, CONTINUE_ON_FAILURE): Element 'Object Repository/MayaHome/mayahome - MobileSpy 6/property - Header' is visible

2022-05-12 10:02:12 - [MESSAGE][WARNING] - Timeout '0' is invalid. Using default page load timeout: '20'

2022-05-12 10:02:12 - [MESSAGE][PASSED] - Element 'Object Repository/MayaHome/mayahome - MobileSpy 6/property - Header' is visible

2022-05-12 10:02:12 - [TEST_STEP][PASSED] - verifyElementVisible(findTestObject("MayaHome/mayahome - MobileSpy 6/discover - Header"), 0, CONTINUE_ON_FAILURE): Element 'Object Repository/MayaHome/mayahome - MobileSpy 6/discover - Header' is visible

2022-05-12 10:02:12 - [MESSAGE][WARNING] - Timeout '0' is invalid. Using default page load timeout: '20'

2022-05-12 10:02:12 - [MESSAGE][PASSED] - Element 'Object Repository/MayaHome/mayahome - MobileSpy 6/discover - Header' is visible]]></system-out>
         <system-err><![CDATA[]]></system-err>
      </testcase>
      <testcase name="Test Cases/MayaHome/MH_SearchProperties_01" time="9.514" classname="Test Cases/MayaHome/MH_SearchProperties_01" status="PASSED">
         <system-out><![CDATA[2022-05-12 10:02:12 - [TEST_CASE][PASSED] - Test Cases/MayaHome/MH_SearchProperties_01: Test Cases/MayaHome/MH_SearchProperties_01

2022-05-12 10:02:12 - [TEST_STEP][PASSED] - tap(findTestObject("MayaHome/mayahome - MobileSpy 1/Search properties - Txtfield"), 0): Tapped on element 'Object Repository/MayaHome/mayahome - MobileSpy 1/Search properties - Txtfield'

2022-05-12 10:02:13 - [MESSAGE][WARNING] - Timeout '0' is invalid. Using default page load timeout: '20'

2022-05-12 10:02:13 - [MESSAGE][PASSED] - Tapped on element 'Object Repository/MayaHome/mayahome - MobileSpy 1/Search properties - Txtfield'

2022-05-12 10:02:13 - [TEST_STEP][PASSED] - setText(findTestObject("MayaHome/mayahome - MobileSpy 1/searchproperties - editTxt"), "!@#$", 0): Text '!@#$' has been set to element 'Object Repository/MayaHome/mayahome - MobileSpy 1/searchproperties - editTxt'

2022-05-12 10:02:13 - [MESSAGE][WARNING] - Timeout '0' is invalid. Using default page load timeout: '20'

2022-05-12 10:02:15 - [MESSAGE][PASSED] - Text '!@#$' has been set to element 'Object Repository/MayaHome/mayahome - MobileSpy 1/searchproperties - editTxt'

2022-05-12 10:02:15 - [TEST_STEP][PASSED] - hideKeyboard(): Keyboard is hidden

2022-05-12 10:02:16 - [MESSAGE][PASSED] - Keyboard is hidden

2022-05-12 10:02:16 - [TEST_STEP][PASSED] - setText(findTestObject("MayaHome/mayahome - MobileSpy 1/searchproperties - editTxt"), "12345", 0): Text '12345' has been set to element 'Object Repository/MayaHome/mayahome - MobileSpy 1/searchproperties - editTxt'

2022-05-12 10:02:16 - [MESSAGE][WARNING] - Timeout '0' is invalid. Using default page load timeout: '20'

2022-05-12 10:02:19 - [MESSAGE][PASSED] - Text '12345' has been set to element 'Object Repository/MayaHome/mayahome - MobileSpy 1/searchproperties - editTxt'

2022-05-12 10:02:19 - [TEST_STEP][PASSED] - hideKeyboard(): Keyboard is hidden

2022-05-12 10:02:20 - [MESSAGE][PASSED] - Keyboard is hidden

2022-05-12 10:02:20 - [TEST_STEP][PASSED] - setText(findTestObject("MayaHome/mayahome - MobileSpy 1/searchproperties - editTxt"), "abcd", 0): Text 'abcd' has been set to element 'Object Repository/MayaHome/mayahome - MobileSpy 1/searchproperties - editTxt'

2022-05-12 10:02:20 - [MESSAGE][WARNING] - Timeout '0' is invalid. Using default page load timeout: '20'

2022-05-12 10:02:21 - [MESSAGE][PASSED] - Text 'abcd' has been set to element 'Object Repository/MayaHome/mayahome - MobileSpy 1/searchproperties - editTxt'

2022-05-12 10:02:21 - [TEST_STEP][PASSED] - hideKeyboard(): Keyboard is hidden

2022-05-12 10:02:21 - [MESSAGE][PASSED] - Keyboard is hidden

2022-05-12 10:02:21 - [TEST_STEP][PASSED] - waitForElementPresent(findTestObject("MayaHome/mayahome - MobileSpy 2/propertyDisplayCard - Frame"), 0): Element 'Object Repository/MayaHome/mayahome - MobileSpy 2/propertyDisplayCard - Frame' is present

2022-05-12 10:02:21 - [MESSAGE][WARNING] - Timeout '0' is invalid. Using default page load timeout: '20'

2022-05-12 10:02:22 - [MESSAGE][PASSED] - Element 'Object Repository/MayaHome/mayahome - MobileSpy 2/propertyDisplayCard - Frame' is present

2022-05-12 10:02:22 - [TEST_STEP][PASSED] - verifyElementVisible(findTestObject("MayaHome/mayahome - MobileSpy 2/propertyDisplayCard - Frame"), 0, CONTINUE_ON_FAILURE): Element 'Object Repository/MayaHome/mayahome - MobileSpy 2/propertyDisplayCard - Frame' is visible

2022-05-12 10:02:22 - [MESSAGE][WARNING] - Timeout '0' is invalid. Using default page load timeout: '20'

2022-05-12 10:02:22 - [MESSAGE][PASSED] - Element 'Object Repository/MayaHome/mayahome - MobileSpy 2/propertyDisplayCard - Frame' is visible]]></system-out>
         <system-err><![CDATA[]]></system-err>
      </testcase>
      <testcase name="Test Cases/MayaHome/MH_SearchProperties_02" time="7.1" classname="Test Cases/MayaHome/MH_SearchProperties_02" status="PASSED">
         <system-out><![CDATA[2022-05-12 10:02:22 - [TEST_CASE][PASSED] - Test Cases/MayaHome/MH_SearchProperties_02: Test Cases/MayaHome/MH_SearchProperties_02

2022-05-12 10:02:22 - [TEST_STEP][PASSED] - setText(findTestObject("MayaHome/mayahome - MobileSpy 1/searchproperties - editTxt"), findTestData("propertyDetails").getValue(3, 1), 0): Text 'Kinabalu Residence' has been set to element 'Object Repository/MayaHome/mayahome - MobileSpy 1/searchproperties - editTxt'

2022-05-12 10:02:23 - [MESSAGE][WARNING] - Timeout '0' is invalid. Using default page load timeout: '20'

2022-05-12 10:02:25 - [MESSAGE][PASSED] - Text 'Kinabalu Residence' has been set to element 'Object Repository/MayaHome/mayahome - MobileSpy 1/searchproperties - editTxt'

2022-05-12 10:02:25 - [TEST_STEP][PASSED] - hideKeyboard(): Keyboard is hidden

2022-05-12 10:02:25 - [MESSAGE][PASSED] - Keyboard is hidden

2022-05-12 10:02:25 - [TEST_STEP][PASSED] - delay(2, STOP_ON_FAILURE): Delayed 2 second(s)

2022-05-12 10:02:27 - [MESSAGE][PASSED] - Delayed 2 second(s)

2022-05-12 10:02:27 - [TEST_STEP][PASSED] - waitForElementPresent(findTestObject("MayaHome/mayahome - MobileSpy 2/propertyDisplayCard - Frame"), 0): Element 'Object Repository/MayaHome/mayahome - MobileSpy 2/propertyDisplayCard - Frame' is present

2022-05-12 10:02:27 - [MESSAGE][WARNING] - Timeout '0' is invalid. Using default page load timeout: '20'

2022-05-12 10:02:29 - [MESSAGE][PASSED] - Element 'Object Repository/MayaHome/mayahome - MobileSpy 2/propertyDisplayCard - Frame' is present

2022-05-12 10:02:29 - [TEST_STEP][PASSED] - verifyElementVisible(findTestObject("MayaHome/mayahome - MobileSpy 2/propertyDisplayCard - Frame"), 0, CONTINUE_ON_FAILURE): Element 'Object Repository/MayaHome/mayahome - MobileSpy 2/propertyDisplayCard - Frame' is visible

2022-05-12 10:02:29 - [MESSAGE][WARNING] - Timeout '0' is invalid. Using default page load timeout: '20'

2022-05-12 10:02:29 - [MESSAGE][PASSED] - Element 'Object Repository/MayaHome/mayahome - MobileSpy 2/propertyDisplayCard - Frame' is visible]]></system-out>
         <system-err><![CDATA[]]></system-err>
      </testcase>
      <system-out><![CDATA[2022-05-12 10:01:26 - [TEST_SUITE][PASSED] - Maya Home: Test Cases/MayaHome/MH_SearchProperties_02]]></system-out>
      <system-err><![CDATA[]]></system-err>
   </testsuite>
</testsuites>
