<?xml version="1.0" encoding="UTF-8"?>
<testsuites name="Maya Home" time="320.612" tests="5" failures="0" errors="0">
   <testsuite name="Maya Home" tests="5" failures="0" errors="0" time="320.612" skipped="0" timestamp="2022-04-26 09:19:34" hostname="vinayeddla - localhost" id="Test Suites/Maya Home">
      <properties>
         <property name="deviceName" value="samsung SM-G960F (Android 10)"/>
         <property name="devicePlatform" value=""/>
         <property name="logFolder" value="/Users/vinayeddla/git/MAYA-Home/Reports/20220426_091924/Maya Home/20220426_091924"/>
         <property name="logFiles" value="/Users/vinayeddla/git/MAYA-Home/Reports/20220426_091924/Maya Home/20220426_091924/execution0.log, /Users/vinayeddla/git/MAYA-Home/Reports/20220426_091924/Maya Home/20220426_091924/appium.log"/>
         <property name="attachments" value=""/>
         <property name="hostName" value="vinayeddla - localhost"/>
         <property name="os" value="Mac OS X 64bit"/>
         <property name="appiumServerStatus" value="{&quot;value&quot;:{&quot;build&quot;:{&quot;version&quot;:&quot;1.22.3&quot;}},&quot;sessionId&quot;:null,&quot;status&quot;:0}"/>
         <property name="katalonVersion" value="8.2.0.208"/>
         <property name="deviceOS" value="Android"/>
         <property name="appiumVersion" value="1.22.3"/>
         <property name="deviceModel" value="SM-G960F"/>
         <property name="hostAddress" value="127.0.0.1"/>
         <property name="deviceManufacturer" value="samsung"/>
         <property name="deviceId" value="225ac1ea21057ece"/>
         <property name="deviceName" value="samsung SM-G960F (Android 10)"/>
         <property name="deviceOSVersion" value="10"/>
      </properties>
      <testcase name="Test Cases/MayaHome/mayahome_CESearchProperties" time="87.5" classname="Test Cases/MayaHome/mayahome_CESearchProperties" status="PASSED">
         <system-out><![CDATA[2022-04-26 09:19:35 - [TEST_CASE][PASSED] - Test Cases/MayaHome/mayahome_CESearchProperties: Test Cases/MayaHome/mayahome_CESearchProperties

2022-04-26 09:19:35 - [TEST_STEP][PASSED] - startApplication(appPathSIT, false): Started app at: '/Users/vinayeddla/Desktop/MAE/app-sit-universal-release.apk'

2022-04-26 09:19:35 - [MESSAGE][INFO] - User set preference: ['appWaitActivity', '*']

2022-04-26 09:19:35 - [MESSAGE][INFO] - User set preference: ['deviceId', '225ac1ea21057ece']

2022-04-26 09:19:36 - [MESSAGE][INFO] - Appium server started on port 52,510

2022-04-26 09:19:47 - [MESSAGE][PASSED] - Started app at: '/Users/vinayeddla/Desktop/MAE/app-sit-universal-release.apk'

2022-04-26 09:19:47 - [TEST_STEP][PASSED] - tap(findTestObject("MayaHome/mayahome - MobileSpy 1/dashboard - more3dotsBtn"), 0, CONTINUE_ON_FAILURE): Tapped on element 'Object Repository/MayaHome/mayahome - MobileSpy 1/dashboard - more3dotsBtn'

2022-04-26 09:19:47 - [MESSAGE][WARNING] - Timeout '0' is invalid. Using default page load timeout: '20'

2022-04-26 09:19:53 - [MESSAGE][PASSED] - Tapped on element 'Object Repository/MayaHome/mayahome - MobileSpy 1/dashboard - more3dotsBtn'

2022-04-26 09:19:53 - [TEST_STEP][PASSED] - delay(3): Delayed 3 second(s)

2022-04-26 09:19:56 - [MESSAGE][PASSED] - Delayed 3 second(s)

2022-04-26 09:19:56 - [TEST_STEP][PASSED] - tap(findTestObject("MayaHome/mayahome - MobileSpy 3/home2u - Btn"), 0): Tapped on element 'Object Repository/MayaHome/mayahome - MobileSpy 3/home2u - Btn'

2022-04-26 09:19:56 - [MESSAGE][WARNING] - Timeout '0' is invalid. Using default page load timeout: '20'

2022-04-26 09:20:01 - [MESSAGE][PASSED] - Tapped on element 'Object Repository/MayaHome/mayahome - MobileSpy 3/home2u - Btn'

2022-04-26 09:20:01 - [TEST_STEP][PASSED] - if (verifyElementVisible(findTestObject("Login Onboarding/onboardWelcomeSkipBtn"), 0, OPTIONAL)): Element 'Object Repository/Login Onboarding/onboardWelcomeSkipBtn' not found

2022-04-26 09:20:01 - [MESSAGE][WARNING] - Timeout '0' is invalid. Using default page load timeout: '20'

2022-04-26 09:20:21 - [MESSAGE][WARNING] - Element 'Object Repository/Login Onboarding/onboardWelcomeSkipBtn' not found

2022-04-26 09:20:21 - [TEST_STEP][PASSED] - else: null

2022-04-26 09:20:21 - [TEST_STEP][PASSED] - verifyElementVisible(findTestObject("MayaHome/mayahome - MobileSpy 6/property - Header"), 0, CONTINUE_ON_FAILURE): Element 'Object Repository/MayaHome/mayahome - MobileSpy 6/property - Header' is visible

2022-04-26 09:20:21 - [MESSAGE][WARNING] - Timeout '0' is invalid. Using default page load timeout: '20'

2022-04-26 09:20:22 - [MESSAGE][PASSED] - Element 'Object Repository/MayaHome/mayahome - MobileSpy 6/property - Header' is visible

2022-04-26 09:20:22 - [TEST_STEP][PASSED] - verifyElementVisible(findTestObject("MayaHome/mayahome - MobileSpy 6/discover - Header"), 0, CONTINUE_ON_FAILURE): Element 'Object Repository/MayaHome/mayahome - MobileSpy 6/discover - Header' is visible

2022-04-26 09:20:22 - [MESSAGE][WARNING] - Timeout '0' is invalid. Using default page load timeout: '20'

2022-04-26 09:20:23 - [MESSAGE][PASSED] - Element 'Object Repository/MayaHome/mayahome - MobileSpy 6/discover - Header' is visible

2022-04-26 09:20:23 - [TEST_STEP][PASSED] - tap(findTestObject("MayaHome/mayahome - MobileSpy 1/Search properties - Txtfield"), 0): Tapped on element 'Object Repository/MayaHome/mayahome - MobileSpy 1/Search properties - Txtfield'

2022-04-26 09:20:23 - [MESSAGE][WARNING] - Timeout '0' is invalid. Using default page load timeout: '20'

2022-04-26 09:20:23 - [MESSAGE][PASSED] - Tapped on element 'Object Repository/MayaHome/mayahome - MobileSpy 1/Search properties - Txtfield'

2022-04-26 09:20:23 - [TEST_STEP][PASSED] - setText(findTestObject("MayaHome/mayahome - MobileSpy 1/searchproperties - editTxt"), findTestData("mayahomeCredentials").getValue(3, 1), 0): Text 'Kinabalu Residence' has been set to element 'Object Repository/MayaHome/mayahome - MobileSpy 1/searchproperties - editTxt'

2022-04-26 09:20:24 - [MESSAGE][WARNING] - Timeout '0' is invalid. Using default page load timeout: '20'

2022-04-26 09:20:25 - [MESSAGE][PASSED] - Text 'Kinabalu Residence' has been set to element 'Object Repository/MayaHome/mayahome - MobileSpy 1/searchproperties - editTxt'

2022-04-26 09:20:25 - [TEST_STEP][PASSED] - hideKeyboard(): Keyboard is hidden

2022-04-26 09:20:26 - [MESSAGE][PASSED] - Keyboard is hidden

2022-04-26 09:20:26 - [TEST_STEP][PASSED] - delay(2, STOP_ON_FAILURE): Delayed 2 second(s)

2022-04-26 09:20:28 - [MESSAGE][PASSED] - Delayed 2 second(s)

2022-04-26 09:20:28 - [TEST_STEP][PASSED] - waitForElementPresent(findTestObject("MayaHome/mayahome - MobileSpy 2/propertyDisplayCard - Frame"), 0): Element 'Object Repository/MayaHome/mayahome - MobileSpy 2/propertyDisplayCard - Frame' is present

2022-04-26 09:20:28 - [MESSAGE][WARNING] - Timeout '0' is invalid. Using default page load timeout: '20'

2022-04-26 09:20:29 - [MESSAGE][PASSED] - Element 'Object Repository/MayaHome/mayahome - MobileSpy 2/propertyDisplayCard - Frame' is present

2022-04-26 09:20:29 - [TEST_STEP][PASSED] - verifyElementVisible(findTestObject("MayaHome/mayahome - MobileSpy 2/propertyDisplayCard - Frame"), 0, CONTINUE_ON_FAILURE): Element 'Object Repository/MayaHome/mayahome - MobileSpy 2/propertyDisplayCard - Frame' is visible

2022-04-26 09:20:29 - [MESSAGE][WARNING] - Timeout '0' is invalid. Using default page load timeout: '20'

2022-04-26 09:20:29 - [MESSAGE][PASSED] - Element 'Object Repository/MayaHome/mayahome - MobileSpy 2/propertyDisplayCard - Frame' is visible

2022-04-26 09:20:29 - [TEST_STEP][PASSED] - doubleTap(findTestObject("MayaHome/mayahome - MobileSpy 2/propertyDisplayCard - Frame"), 0): Double tapped on element 'Object Repository/MayaHome/mayahome - MobileSpy 2/propertyDisplayCard - Frame'

2022-04-26 09:20:29 - [MESSAGE][WARNING] - Timeout '0' is invalid. Using default page load timeout: '20'

2022-04-26 09:20:32 - [MESSAGE][PASSED] - Double tapped on element 'Object Repository/MayaHome/mayahome - MobileSpy 2/propertyDisplayCard - Frame'

2022-04-26 09:20:32 - [TEST_STEP][PASSED] - delay(3, STOP_ON_FAILURE): Delayed 3 second(s)

2022-04-26 09:20:35 - [MESSAGE][PASSED] - Delayed 3 second(s)

2022-04-26 09:20:35 - [TEST_STEP][PASSED] - verifyElementVisible(findTestObject("MayaHome/mayahome - MobileSpy 6/propertyName - Txt"), 0, CONTINUE_ON_FAILURE): Element 'Object Repository/MayaHome/mayahome - MobileSpy 6/propertyName - Txt' is visible

2022-04-26 09:20:35 - [MESSAGE][WARNING] - Timeout '0' is invalid. Using default page load timeout: '20'

2022-04-26 09:20:36 - [MESSAGE][PASSED] - Element 'Object Repository/MayaHome/mayahome - MobileSpy 6/propertyName - Txt' is visible

2022-04-26 09:20:36 - [TEST_STEP][PASSED] - propertyName = getText(findTestObject("MayaHome/mayahome - MobileSpy 6/propertyName - Txt"), 0): Text of element 'Object Repository/MayaHome/mayahome - MobileSpy 6/propertyName - Txt' is: 'Kinabalu Residence'

2022-04-26 09:20:36 - [MESSAGE][WARNING] - Timeout '0' is invalid. Using default page load timeout: '20'

2022-04-26 09:20:36 - [MESSAGE][PASSED] - Text of element 'Object Repository/MayaHome/mayahome - MobileSpy 6/propertyName - Txt' is: 'Kinabalu Residence'

2022-04-26 09:20:36 - [TEST_STEP][PASSED] - verifyElementVisible(findTestObject("MayaHome/mayahome - MobileSpy 6/propertyPrice - Txt"), 0, CONTINUE_ON_FAILURE): Element 'Object Repository/MayaHome/mayahome - MobileSpy 6/propertyPrice - Txt' is visible

2022-04-26 09:20:36 - [MESSAGE][WARNING] - Timeout '0' is invalid. Using default page load timeout: '20'

2022-04-26 09:20:37 - [MESSAGE][PASSED] - Element 'Object Repository/MayaHome/mayahome - MobileSpy 6/propertyPrice - Txt' is visible

2022-04-26 09:20:37 - [TEST_STEP][PASSED] - propertyPrice = getText(findTestObject("MayaHome/mayahome - MobileSpy 6/propertyPrice - Txt"), 0): Text of element 'Object Repository/MayaHome/mayahome - MobileSpy 6/propertyPrice - Txt' is: 'RM 100,000 - RM 650,000'

2022-04-26 09:20:37 - [MESSAGE][WARNING] - Timeout '0' is invalid. Using default page load timeout: '20'

2022-04-26 09:20:38 - [MESSAGE][PASSED] - Text of element 'Object Repository/MayaHome/mayahome - MobileSpy 6/propertyPrice - Txt' is: 'RM 100,000 - RM 650,000'

2022-04-26 09:20:38 - [TEST_STEP][PASSED] - verifyElementVisible(findTestObject("MayaHome/mayahome - MobileSpy 6/propertySize - Txt"), 0, CONTINUE_ON_FAILURE): Element 'Object Repository/MayaHome/mayahome - MobileSpy 6/propertySize - Txt' is visible

2022-04-26 09:20:38 - [MESSAGE][WARNING] - Timeout '0' is invalid. Using default page load timeout: '20'

2022-04-26 09:20:38 - [MESSAGE][PASSED] - Element 'Object Repository/MayaHome/mayahome - MobileSpy 6/propertySize - Txt' is visible

2022-04-26 09:20:38 - [TEST_STEP][PASSED] - propertySize = getText(findTestObject("MayaHome/mayahome - MobileSpy 6/propertySize - Txt"), 0): Text of element 'Object Repository/MayaHome/mayahome - MobileSpy 6/propertySize - Txt' is: '1235 - 1821 sqft'

2022-04-26 09:20:38 - [MESSAGE][WARNING] - Timeout '0' is invalid. Using default page load timeout: '20'

2022-04-26 09:20:39 - [MESSAGE][PASSED] - Text of element 'Object Repository/MayaHome/mayahome - MobileSpy 6/propertySize - Txt' is: '1235 - 1821 sqft'

2022-04-26 09:20:39 - [TEST_STEP][PASSED] - verifyElementVisible(findTestObject("MayaHome/mayahome - MobileSpy 6/unitType - txt"), 0, CONTINUE_ON_FAILURE): Element 'Object Repository/MayaHome/mayahome - MobileSpy 6/unitType - txt' is visible

2022-04-26 09:20:39 - [MESSAGE][WARNING] - Timeout '0' is invalid. Using default page load timeout: '20'

2022-04-26 09:20:39 - [MESSAGE][PASSED] - Element 'Object Repository/MayaHome/mayahome - MobileSpy 6/unitType - txt' is visible

2022-04-26 09:20:39 - [TEST_STEP][PASSED] - unitType = getText(findTestObject("MayaHome/mayahome - MobileSpy 6/unitType - txt"), 0): Text of element 'Object Repository/MayaHome/mayahome - MobileSpy 6/unitType - txt' is: 'Semi-detached
SOHO - Small Office Home Office
SOFO  - Small Office Virtual Office
Service Apartment
Terrace / Link
Detached / Bungalow
Townhouse
Condominium'

2022-04-26 09:20:39 - [MESSAGE][WARNING] - Timeout '0' is invalid. Using default page load timeout: '20'

2022-04-26 09:20:40 - [MESSAGE][PASSED] - Text of element 'Object Repository/MayaHome/mayahome - MobileSpy 6/unitType - txt' is: 'Semi-detached
SOHO - Small Office Home Office
SOFO  - Small Office Virtual Office
Service Apartment
Terrace / Link
Detached / Bungalow
Townhouse
Condominium'

2022-04-26 09:20:40 - [TEST_STEP][PASSED] - scrollToText("Unit Types"): Scrolling to text 'Unit Types' successfully

2022-04-26 09:20:45 - [MESSAGE][PASSED] - Scrolling to text 'Unit Types' successfully

2022-04-26 09:20:45 - [TEST_STEP][PASSED] - verifyElementVisible(findTestObject("MayaHome/mayahome - MobileSpy 6/unitType - Header"), 0, CONTINUE_ON_FAILURE): Element 'Object Repository/MayaHome/mayahome - MobileSpy 6/unitType - Header' is visible

2022-04-26 09:20:45 - [MESSAGE][WARNING] - Timeout '0' is invalid. Using default page load timeout: '20'

2022-04-26 09:20:46 - [MESSAGE][PASSED] - Element 'Object Repository/MayaHome/mayahome - MobileSpy 6/unitType - Header' is visible

2022-04-26 09:20:46 - [TEST_STEP][PASSED] - verifyElementVisible(findTestObject("MayaHome/mayahome - MobileSpy 6/unitTypeVisualCard1 - Img"), 0, CONTINUE_ON_FAILURE): Element 'Object Repository/MayaHome/mayahome - MobileSpy 6/unitTypeVisualCard1 - Img' is visible

2022-04-26 09:20:46 - [MESSAGE][WARNING] - Timeout '0' is invalid. Using default page load timeout: '20'

2022-04-26 09:20:46 - [MESSAGE][PASSED] - Element 'Object Repository/MayaHome/mayahome - MobileSpy 6/unitTypeVisualCard1 - Img' is visible

2022-04-26 09:20:46 - [TEST_STEP][PASSED] - scrollToText("Check Eligibility"): Scrolling to text 'Check Eligibility' successfully

2022-04-26 09:20:59 - [MESSAGE][PASSED] - Scrolling to text 'Check Eligibility' successfully

2022-04-26 09:20:59 - [TEST_STEP][PASSED] - verifyElementVisible(findTestObject("MayaHome/mayahome - MobileSpy 6/developer - Header"), 0, CONTINUE_ON_FAILURE): Element 'Object Repository/MayaHome/mayahome - MobileSpy 6/developer - Header' is visible

2022-04-26 09:20:59 - [MESSAGE][WARNING] - Timeout '0' is invalid. Using default page load timeout: '20'

2022-04-26 09:21:00 - [MESSAGE][PASSED] - Element 'Object Repository/MayaHome/mayahome - MobileSpy 6/developer - Header' is visible

2022-04-26 09:21:00 - [TEST_STEP][PASSED] - verifyElementVisible(findTestObject("MayaHome/mayahome - MobileSpy 6/developerNameCEscreen - Txt"), 0, CONTINUE_ON_FAILURE): Element 'Object Repository/MayaHome/mayahome - MobileSpy 6/developerNameCEscreen - Txt' is visible

2022-04-26 09:21:00 - [MESSAGE][WARNING] - Timeout '0' is invalid. Using default page load timeout: '20'

2022-04-26 09:21:01 - [MESSAGE][PASSED] - Element 'Object Repository/MayaHome/mayahome - MobileSpy 6/developerNameCEscreen - Txt' is visible

2022-04-26 09:21:01 - [TEST_STEP][PASSED] - developerName = getText(findTestObject("MayaHome/mayahome - MobileSpy 6/developerNameCEscreen - Txt"), 0): Text of element 'Object Repository/MayaHome/mayahome - MobileSpy 6/developerNameCEscreen - Txt' is: 'Eco World'

2022-04-26 09:21:01 - [MESSAGE][WARNING] - Timeout '0' is invalid. Using default page load timeout: '20'

2022-04-26 09:21:01 - [MESSAGE][PASSED] - Text of element 'Object Repository/MayaHome/mayahome - MobileSpy 6/developerNameCEscreen - Txt' is: 'Eco World'

2022-04-26 09:21:01 - [TEST_STEP][PASSED] - println("Property Name: " + propertyName): null

2022-04-26 09:21:01 - [TEST_STEP][PASSED] - println("Property Price: " + propertyPrice): null

2022-04-26 09:21:01 - [TEST_STEP][PASSED] - println("Property Size: " + propertySize): null

2022-04-26 09:21:01 - [TEST_STEP][PASSED] - println("Unit Type: " + unitType): null

2022-04-26 09:21:01 - [TEST_STEP][PASSED] - println("Developer Name" + developerName): null

2022-04-26 09:21:01 - [TEST_STEP][PASSED] - tap(findTestObject("MayaHome/mayahome - MobileSpy 1/checkeligibility - Btn"), 0): Tapped on element 'Object Repository/MayaHome/mayahome - MobileSpy 1/checkeligibility - Btn'

2022-04-26 09:21:01 - [MESSAGE][WARNING] - Timeout '0' is invalid. Using default page load timeout: '20'

2022-04-26 09:21:02 - [MESSAGE][PASSED] - Tapped on element 'Object Repository/MayaHome/mayahome - MobileSpy 1/checkeligibility - Btn']]></system-out>
         <system-err><![CDATA[]]></system-err>
      </testcase>
      <testcase name="Test Cases/MayaHome/mayahome_CEAgreementCheck" time="26.159" classname="Test Cases/MayaHome/mayahome_CEAgreementCheck" status="PASSED">
         <system-out><![CDATA[2022-04-26 09:21:02 - [TEST_CASE][PASSED] - Test Cases/MayaHome/mayahome_CEAgreementCheck: Test Cases/MayaHome/mayahome_CEAgreementCheck

2022-04-26 09:21:02 - [TEST_STEP][PASSED] - if (verifyElementExist(findTestObject("MayaHome/mayahome - MobileSpy 2/header6DigitPin - Txt"), 0, OPTIONAL)): null

2022-04-26 09:21:02 - [MESSAGE][WARNING] - Timeout '0' is invalid. Using default page load timeout: '20'

2022-04-26 09:21:04 - [MESSAGE][PASSED] - Element 'Object Repository/MayaHome/mayahome - MobileSpy 2/header6DigitPin - Txt' is exist

2022-04-26 09:21:04 - [TEST_STEP][PASSED] - tap(findTestObject("MayaHome/mayahome - MobileSpy 1/pinlogin - 1"), 0): Tapped on element 'Object Repository/MayaHome/mayahome - MobileSpy 1/pinlogin - 1'

2022-04-26 09:21:04 - [MESSAGE][WARNING] - Timeout '0' is invalid. Using default page load timeout: '20'

2022-04-26 09:21:04 - [MESSAGE][PASSED] - Tapped on element 'Object Repository/MayaHome/mayahome - MobileSpy 1/pinlogin - 1'

2022-04-26 09:21:04 - [TEST_STEP][PASSED] - tap(findTestObject("MayaHome/mayahome - MobileSpy 1/pinlogin - 2"), 0): Tapped on element 'Object Repository/MayaHome/mayahome - MobileSpy 1/pinlogin - 2'

2022-04-26 09:21:05 - [MESSAGE][WARNING] - Timeout '0' is invalid. Using default page load timeout: '20'

2022-04-26 09:21:06 - [MESSAGE][PASSED] - Tapped on element 'Object Repository/MayaHome/mayahome - MobileSpy 1/pinlogin - 2'

2022-04-26 09:21:06 - [TEST_STEP][PASSED] - tap(findTestObject("MayaHome/mayahome - MobileSpy 1/pinlogin - 3"), 0): Tapped on element 'Object Repository/MayaHome/mayahome - MobileSpy 1/pinlogin - 3'

2022-04-26 09:21:06 - [MESSAGE][WARNING] - Timeout '0' is invalid. Using default page load timeout: '20'

2022-04-26 09:21:08 - [MESSAGE][PASSED] - Tapped on element 'Object Repository/MayaHome/mayahome - MobileSpy 1/pinlogin - 3'

2022-04-26 09:21:08 - [TEST_STEP][PASSED] - tap(findTestObject("MayaHome/mayahome - MobileSpy 1/pinlogin - 4"), 0): Tapped on element 'Object Repository/MayaHome/mayahome - MobileSpy 1/pinlogin - 4'

2022-04-26 09:21:08 - [MESSAGE][WARNING] - Timeout '0' is invalid. Using default page load timeout: '20'

2022-04-26 09:21:12 - [MESSAGE][PASSED] - Tapped on element 'Object Repository/MayaHome/mayahome - MobileSpy 1/pinlogin - 4'

2022-04-26 09:21:12 - [TEST_STEP][PASSED] - tap(findTestObject("MayaHome/mayahome - MobileSpy 1/pinlogin - 5"), 0): Tapped on element 'Object Repository/MayaHome/mayahome - MobileSpy 1/pinlogin - 5'

2022-04-26 09:21:12 - [MESSAGE][WARNING] - Timeout '0' is invalid. Using default page load timeout: '20'

2022-04-26 09:21:12 - [MESSAGE][PASSED] - Tapped on element 'Object Repository/MayaHome/mayahome - MobileSpy 1/pinlogin - 5'

2022-04-26 09:21:12 - [TEST_STEP][PASSED] - tap(findTestObject("MayaHome/mayahome - MobileSpy 1/pinlogin - 6"), 0): Tapped on element 'Object Repository/MayaHome/mayahome - MobileSpy 1/pinlogin - 6'

2022-04-26 09:21:12 - [MESSAGE][WARNING] - Timeout '0' is invalid. Using default page load timeout: '20'

2022-04-26 09:21:14 - [MESSAGE][PASSED] - Tapped on element 'Object Repository/MayaHome/mayahome - MobileSpy 1/pinlogin - 6'

2022-04-26 09:21:14 - [TEST_STEP][PASSED] - delay(3): Delayed 3 second(s)

2022-04-26 09:21:17 - [MESSAGE][PASSED] - Delayed 3 second(s)

2022-04-26 09:21:17 - [TEST_STEP][PASSED] - verifyElementVisible(findTestObject("MayaHome/mayahome - MobileSpy 6/checkEligibility - Header"), 0): Element 'Object Repository/MayaHome/mayahome - MobileSpy 6/checkEligibility - Header' is visible

2022-04-26 09:21:17 - [MESSAGE][WARNING] - Timeout '0' is invalid. Using default page load timeout: '20'

2022-04-26 09:21:26 - [MESSAGE][PASSED] - Element 'Object Repository/MayaHome/mayahome - MobileSpy 6/checkEligibility - Header' is visible

2022-04-26 09:21:26 - [TEST_STEP][PASSED] - verifyElementVisible(findTestObject("MayaHome/mayahome - MobileSpy 6/checkEligibilityAgreement - Header"), 0): Element 'Object Repository/MayaHome/mayahome - MobileSpy 6/checkEligibilityAgreement - Header' is visible

2022-04-26 09:21:26 - [MESSAGE][WARNING] - Timeout '0' is invalid. Using default page load timeout: '20'

2022-04-26 09:21:27 - [MESSAGE][PASSED] - Element 'Object Repository/MayaHome/mayahome - MobileSpy 6/checkEligibilityAgreement - Header' is visible

2022-04-26 09:21:27 - [TEST_STEP][PASSED] - verifyElementVisible(findTestObject("MayaHome/mayahome - MobileSpy 6/checkEligibilityAgreement - Txt"), 0): Element 'Object Repository/MayaHome/mayahome - MobileSpy 6/checkEligibilityAgreement - Txt' is visible

2022-04-26 09:21:27 - [MESSAGE][WARNING] - Timeout '0' is invalid. Using default page load timeout: '20'

2022-04-26 09:21:27 - [MESSAGE][PASSED] - Element 'Object Repository/MayaHome/mayahome - MobileSpy 6/checkEligibilityAgreement - Txt' is visible

2022-04-26 09:21:27 - [TEST_STEP][PASSED] - tap(findTestObject("MayaHome/mayahome - MobileSpy 1/termagreement - tickBtn"), 0): Tapped on element 'Object Repository/MayaHome/mayahome - MobileSpy 1/termagreement - tickBtn'

2022-04-26 09:21:27 - [MESSAGE][WARNING] - Timeout '0' is invalid. Using default page load timeout: '20'

2022-04-26 09:21:27 - [MESSAGE][PASSED] - Tapped on element 'Object Repository/MayaHome/mayahome - MobileSpy 1/termagreement - tickBtn'

2022-04-26 09:21:27 - [TEST_STEP][PASSED] - tap(findTestObject("MayaHome/mayahome - MobileSpy 1/confirm - Btn"), 0): Tapped on element 'Object Repository/MayaHome/mayahome - MobileSpy 1/confirm - Btn'

2022-04-26 09:21:27 - [MESSAGE][WARNING] - Timeout '0' is invalid. Using default page load timeout: '20'

2022-04-26 09:21:28 - [MESSAGE][PASSED] - Tapped on element 'Object Repository/MayaHome/mayahome - MobileSpy 1/confirm - Btn']]></system-out>
         <system-err><![CDATA[]]></system-err>
      </testcase>
      <testcase name="Test Cases/MayaHome/mayahome_CEAgentPropertyData" time="11.948" classname="Test Cases/MayaHome/mayahome_CEAgentPropertyData" status="PASSED">
         <system-out><![CDATA[2022-04-26 09:21:28 - [TEST_CASE][PASSED] - Test Cases/MayaHome/mayahome_CEAgentPropertyData: Test Cases/MayaHome/mayahome_CEAgentPropertyData

2022-04-26 09:21:28 - [TEST_STEP][PASSED] - setText(findTestObject("MayaHome/mayahome - MobileSpy 1/propertyagent - Txtfield"), findTestData("mayahomeCredentials").getValue(2, 1), 0): Text '00130052' has been set to element 'Object Repository/MayaHome/mayahome - MobileSpy 1/propertyagent - Txtfield'

2022-04-26 09:21:29 - [MESSAGE][WARNING] - Timeout '0' is invalid. Using default page load timeout: '20'

2022-04-26 09:21:33 - [MESSAGE][PASSED] - Text '00130052' has been set to element 'Object Repository/MayaHome/mayahome - MobileSpy 1/propertyagent - Txtfield'

2022-04-26 09:21:33 - [TEST_STEP][PASSED] - staffNumber = getText(findTestObject("MayaHome/mayahome - MobileSpy 4/staffNumberEnter - Txt"), 0): Text of element 'Object Repository/MayaHome/mayahome - MobileSpy 4/staffNumberEnter - Txt' is: '00130052'

2022-04-26 09:21:33 - [MESSAGE][WARNING] - Timeout '0' is invalid. Using default page load timeout: '20'

2022-04-26 09:21:34 - [MESSAGE][PASSED] - Text of element 'Object Repository/MayaHome/mayahome - MobileSpy 4/staffNumberEnter - Txt' is: '00130052'

2022-04-26 09:21:34 - [TEST_STEP][PASSED] - tap(findTestObject("MayaHome/mayahome - MobileSpy 1/agentSelectConfirm - Btn"), 0): Tapped on element 'Object Repository/MayaHome/mayahome - MobileSpy 1/agentSelectConfirm - Btn'

2022-04-26 09:21:34 - [MESSAGE][WARNING] - Timeout '0' is invalid. Using default page load timeout: '20'

2022-04-26 09:21:35 - [MESSAGE][PASSED] - Tapped on element 'Object Repository/MayaHome/mayahome - MobileSpy 1/agentSelectConfirm - Btn'

2022-04-26 09:21:35 - [TEST_STEP][PASSED] - delay(2, STOP_ON_FAILURE): Delayed 2 second(s)

2022-04-26 09:21:37 - [MESSAGE][PASSED] - Delayed 2 second(s)

2022-04-26 09:21:37 - [TEST_STEP][PASSED] - waitForElementPresent(findTestObject("MayaHome/mayahome - MobileSpy 4/staffNameHeader - Txt"), 0, CONTINUE_ON_FAILURE): Element 'Object Repository/MayaHome/mayahome - MobileSpy 4/staffNameHeader - Txt' is present

2022-04-26 09:21:37 - [MESSAGE][WARNING] - Timeout '0' is invalid. Using default page load timeout: '20'

2022-04-26 09:21:39 - [MESSAGE][PASSED] - Element 'Object Repository/MayaHome/mayahome - MobileSpy 4/staffNameHeader - Txt' is present

2022-04-26 09:21:39 - [TEST_STEP][PASSED] - verifyElementVisible(findTestObject("MayaHome/mayahome - MobileSpy 4/staffNameHeader - Txt"), 0, CONTINUE_ON_FAILURE): Element 'Object Repository/MayaHome/mayahome - MobileSpy 4/staffNameHeader - Txt' is visible

2022-04-26 09:21:39 - [MESSAGE][WARNING] - Timeout '0' is invalid. Using default page load timeout: '20'

2022-04-26 09:21:39 - [MESSAGE][PASSED] - Element 'Object Repository/MayaHome/mayahome - MobileSpy 4/staffNameHeader - Txt' is visible

2022-04-26 09:21:39 - [TEST_STEP][PASSED] - verifyElementVisible(findTestObject("MayaHome/mayahome - MobileSpy 4/staffNameReview - Txt"), 0, CONTINUE_ON_FAILURE): Element 'Object Repository/MayaHome/mayahome - MobileSpy 4/staffNameReview - Txt' is visible

2022-04-26 09:21:39 - [MESSAGE][WARNING] - Timeout '0' is invalid. Using default page load timeout: '20'

2022-04-26 09:21:39 - [MESSAGE][PASSED] - Element 'Object Repository/MayaHome/mayahome - MobileSpy 4/staffNameReview - Txt' is visible

2022-04-26 09:21:39 - [TEST_STEP][PASSED] - verifyElementVisible(findTestObject("MayaHome/mayahome - MobileSpy 4/staffNumberHeader - Txt"), 0, CONTINUE_ON_FAILURE): Element 'Object Repository/MayaHome/mayahome - MobileSpy 4/staffNumberHeader - Txt' is visible

2022-04-26 09:21:39 - [MESSAGE][WARNING] - Timeout '0' is invalid. Using default page load timeout: '20'

2022-04-26 09:21:40 - [MESSAGE][PASSED] - Element 'Object Repository/MayaHome/mayahome - MobileSpy 4/staffNumberHeader - Txt' is visible

2022-04-26 09:21:40 - [TEST_STEP][PASSED] - verifyElementText(findTestObject("MayaHome/mayahome - MobileSpy 4/staffNumberReview - Txt"), staffNumber, CONTINUE_ON_FAILURE): Actual text and expected text of test object 'Object Repository/MayaHome/mayahome - MobileSpy 4/staffNumberReview - Txt' are matched.

2022-04-26 09:21:40 - [MESSAGE][PASSED] - Actual text and expected text of test object 'Object Repository/MayaHome/mayahome - MobileSpy 4/staffNumberReview - Txt' are matched.

2022-04-26 09:21:40 - [TEST_STEP][PASSED] - tap(findTestObject("MayaHome/mayahome - MobileSpy 1/agentSelectYes - Btn"), 0): Tapped on element 'Object Repository/MayaHome/mayahome - MobileSpy 1/agentSelectYes - Btn'

2022-04-26 09:21:40 - [MESSAGE][WARNING] - Timeout '0' is invalid. Using default page load timeout: '20'

2022-04-26 09:21:40 - [MESSAGE][PASSED] - Tapped on element 'Object Repository/MayaHome/mayahome - MobileSpy 1/agentSelectYes - Btn']]></system-out>
         <system-err><![CDATA[]]></system-err>
      </testcase>
      <testcase name="Test Cases/MayaHome/mayahome_CEUnitType" time="12.64" classname="Test Cases/MayaHome/mayahome_CEUnitType" status="PASSED">
         <system-out><![CDATA[2022-04-26 09:21:40 - [TEST_CASE][PASSED] - Test Cases/MayaHome/mayahome_CEUnitType: Test Cases/MayaHome/mayahome_CEUnitType

2022-04-26 09:21:40 - [TEST_STEP][PASSED] - waitForElementPresent(findTestObject("MayaHome/mayahome - MobileSpy 2/headerPropertyName(UnitType) - Txt"), 5): Element 'Object Repository/MayaHome/mayahome - MobileSpy 2/headerPropertyName(UnitType) - Txt' is present

2022-04-26 09:21:44 - [MESSAGE][PASSED] - Element 'Object Repository/MayaHome/mayahome - MobileSpy 2/headerPropertyName(UnitType) - Txt' is present

2022-04-26 09:21:44 - [TEST_STEP][PASSED] - verifyElementVisible(findTestObject("MayaHome/mayahome - MobileSpy 6/UTpropertyName - Txt"), 0): Element 'Object Repository/MayaHome/mayahome - MobileSpy 6/UTpropertyName - Txt' is visible

2022-04-26 09:21:44 - [MESSAGE][WARNING] - Timeout '0' is invalid. Using default page load timeout: '20'

2022-04-26 09:21:44 - [MESSAGE][PASSED] - Element 'Object Repository/MayaHome/mayahome - MobileSpy 6/UTpropertyName - Txt' is visible

2022-04-26 09:21:44 - [TEST_STEP][PASSED] - verifyElementVisible(findTestObject("MayaHome/mayahome - MobileSpy 6/UTpropertyLayout - Img"), 0): Element 'Object Repository/MayaHome/mayahome - MobileSpy 6/UTpropertyLayout - Img' is visible

2022-04-26 09:21:44 - [MESSAGE][WARNING] - Timeout '0' is invalid. Using default page load timeout: '20'

2022-04-26 09:21:44 - [MESSAGE][PASSED] - Element 'Object Repository/MayaHome/mayahome - MobileSpy 6/UTpropertyLayout - Img' is visible

2022-04-26 09:21:44 - [TEST_STEP][PASSED] - verifyElementVisible(findTestObject("MayaHome/mayahome - MobileSpy 6/UTpropertyPrice - Txt"), 0): Element 'Object Repository/MayaHome/mayahome - MobileSpy 6/UTpropertyPrice - Txt' is visible

2022-04-26 09:21:44 - [MESSAGE][WARNING] - Timeout '0' is invalid. Using default page load timeout: '20'

2022-04-26 09:21:45 - [MESSAGE][PASSED] - Element 'Object Repository/MayaHome/mayahome - MobileSpy 6/UTpropertyPrice - Txt' is visible

2022-04-26 09:21:45 - [TEST_STEP][PASSED] - verifyElementVisible(findTestObject("MayaHome/mayahome - MobileSpy 2/unittypeCornerLot - Frame"), 0): Element 'Object Repository/MayaHome/mayahome - MobileSpy 2/unittypeCornerLot - Frame' is visible

2022-04-26 09:21:45 - [MESSAGE][WARNING] - Timeout '0' is invalid. Using default page load timeout: '20'

2022-04-26 09:21:45 - [MESSAGE][PASSED] - Element 'Object Repository/MayaHome/mayahome - MobileSpy 2/unittypeCornerLot - Frame' is visible

2022-04-26 09:21:45 - [TEST_STEP][PASSED] - tap(findTestObject("MayaHome/mayahome - MobileSpy 2/unittypeCornerLot - Frame"), 0): Tapped on element 'Object Repository/MayaHome/mayahome - MobileSpy 2/unittypeCornerLot - Frame'

2022-04-26 09:21:45 - [MESSAGE][WARNING] - Timeout '0' is invalid. Using default page load timeout: '20'

2022-04-26 09:21:46 - [MESSAGE][PASSED] - Tapped on element 'Object Repository/MayaHome/mayahome - MobileSpy 2/unittypeCornerLot - Frame'

2022-04-26 09:21:46 - [TEST_STEP][PASSED] - tap(findTestObject("MayaHome/mayahome - MobileSpy 1/unitselectionconfirm - Btn"), 0): Tapped on element 'Object Repository/MayaHome/mayahome - MobileSpy 1/unitselectionconfirm - Btn'

2022-04-26 09:21:46 - [MESSAGE][WARNING] - Timeout '0' is invalid. Using default page load timeout: '20'

2022-04-26 09:21:48 - [MESSAGE][PASSED] - Tapped on element 'Object Repository/MayaHome/mayahome - MobileSpy 1/unitselectionconfirm - Btn'

2022-04-26 09:21:48 - [TEST_STEP][PASSED] - delay(5, STOP_ON_FAILURE): Delayed 5 second(s)

2022-04-26 09:21:53 - [MESSAGE][PASSED] - Delayed 5 second(s)]]></system-out>
         <system-err><![CDATA[]]></system-err>
      </testcase>
      <testcase name="Test Cases/MayaHome/mayahome_CEReviewApplication" time="182.146" classname="Test Cases/MayaHome/mayahome_CEReviewApplication" status="PASSED">
         <system-out><![CDATA[2022-04-26 09:21:53 - [TEST_CASE][PASSED] - Test Cases/MayaHome/mayahome_CEReviewApplication: Test Cases/MayaHome/mayahome_CEReviewApplication

2022-04-26 09:21:53 - [TEST_STEP][PASSED] - tap(findTestObject("MayaHome/mayahome - MobileSpy 1/propertyPrice - Txtfield"), 0): Tapped on element 'Object Repository/MayaHome/mayahome - MobileSpy 1/propertyPrice - Txtfield'

2022-04-26 09:21:53 - [MESSAGE][WARNING] - Timeout '0' is invalid. Using default page load timeout: '20'

2022-04-26 09:21:54 - [MESSAGE][PASSED] - Tapped on element 'Object Repository/MayaHome/mayahome - MobileSpy 1/propertyPrice - Txtfield'

2022-04-26 09:21:54 - [TEST_STEP][PASSED] - propertypriceEnter = findTestData("mayahomeCredentials").getValue(4, 1): null

2022-04-26 09:21:54 - [TEST_STEP][PASSED] - for ([i = 0, i <= 7, (i++)]): null

2022-04-26 09:21:54 - [TEST_STEP][PASSED] - if (propertypriceEnter[i] == "0"): null

2022-04-26 09:21:54 - [TEST_STEP][PASSED] - if (propertypriceEnter[i] == "1"): Tapped on element 'Object Repository/Login Onboarding/PIN1'

2022-04-26 09:21:54 - [TEST_STEP][PASSED] - tap(findTestObject("Login Onboarding/PIN1"), 0): Tapped on element 'Object Repository/Login Onboarding/PIN1'

2022-04-26 09:21:54 - [MESSAGE][WARNING] - Timeout '0' is invalid. Using default page load timeout: '20'

2022-04-26 09:21:55 - [MESSAGE][PASSED] - Tapped on element 'Object Repository/Login Onboarding/PIN1'

2022-04-26 09:21:55 - [TEST_STEP][PASSED] - if (propertypriceEnter[i] == "2"): null

2022-04-26 09:21:55 - [TEST_STEP][PASSED] - if (propertypriceEnter[i] == "3"): null

2022-04-26 09:21:55 - [TEST_STEP][PASSED] - if (propertypriceEnter[i] == "4"): null

2022-04-26 09:21:55 - [TEST_STEP][PASSED] - if (propertypriceEnter[i] == "5"): null

2022-04-26 09:21:55 - [TEST_STEP][PASSED] - if (propertypriceEnter[i] == "6"): null

2022-04-26 09:21:55 - [TEST_STEP][PASSED] - if (propertypriceEnter[i] == "7"): null

2022-04-26 09:21:55 - [TEST_STEP][PASSED] - if (propertypriceEnter[i] == "8"): null

2022-04-26 09:21:55 - [TEST_STEP][PASSED] - if (propertypriceEnter[i] == "9"): null

2022-04-26 09:21:55 - [TEST_STEP][PASSED] - if (propertypriceEnter[i] == "0"): Tapped on element 'Object Repository/Login Onboarding/PIN0'

2022-04-26 09:21:55 - [TEST_STEP][PASSED] - tap(findTestObject("Login Onboarding/PIN0"), 0): Tapped on element 'Object Repository/Login Onboarding/PIN0'

2022-04-26 09:21:55 - [MESSAGE][WARNING] - Timeout '0' is invalid. Using default page load timeout: '20'

2022-04-26 09:21:56 - [MESSAGE][PASSED] - Tapped on element 'Object Repository/Login Onboarding/PIN0'

2022-04-26 09:21:56 - [TEST_STEP][PASSED] - if (propertypriceEnter[i] == "1"): null

2022-04-26 09:21:56 - [TEST_STEP][PASSED] - if (propertypriceEnter[i] == "2"): null

2022-04-26 09:21:56 - [TEST_STEP][PASSED] - if (propertypriceEnter[i] == "3"): null

2022-04-26 09:21:56 - [TEST_STEP][PASSED] - if (propertypriceEnter[i] == "4"): null

2022-04-26 09:21:56 - [TEST_STEP][PASSED] - if (propertypriceEnter[i] == "5"): null

2022-04-26 09:21:56 - [TEST_STEP][PASSED] - if (propertypriceEnter[i] == "6"): null

2022-04-26 09:21:56 - [TEST_STEP][PASSED] - if (propertypriceEnter[i] == "7"): null

2022-04-26 09:21:56 - [TEST_STEP][PASSED] - if (propertypriceEnter[i] == "8"): null

2022-04-26 09:21:56 - [TEST_STEP][PASSED] - if (propertypriceEnter[i] == "9"): null

2022-04-26 09:21:56 - [TEST_STEP][PASSED] - if (propertypriceEnter[i] == "0"): Tapped on element 'Object Repository/Login Onboarding/PIN0'

2022-04-26 09:21:56 - [TEST_STEP][PASSED] - tap(findTestObject("Login Onboarding/PIN0"), 0): Tapped on element 'Object Repository/Login Onboarding/PIN0'

2022-04-26 09:21:56 - [MESSAGE][WARNING] - Timeout '0' is invalid. Using default page load timeout: '20'

2022-04-26 09:21:57 - [MESSAGE][PASSED] - Tapped on element 'Object Repository/Login Onboarding/PIN0'

2022-04-26 09:21:57 - [TEST_STEP][PASSED] - if (propertypriceEnter[i] == "1"): null

2022-04-26 09:21:57 - [TEST_STEP][PASSED] - if (propertypriceEnter[i] == "2"): null

2022-04-26 09:21:57 - [TEST_STEP][PASSED] - if (propertypriceEnter[i] == "3"): null

2022-04-26 09:21:57 - [TEST_STEP][PASSED] - if (propertypriceEnter[i] == "4"): null

2022-04-26 09:21:57 - [TEST_STEP][PASSED] - if (propertypriceEnter[i] == "5"): null

2022-04-26 09:21:57 - [TEST_STEP][PASSED] - if (propertypriceEnter[i] == "6"): null

2022-04-26 09:21:57 - [TEST_STEP][PASSED] - if (propertypriceEnter[i] == "7"): null

2022-04-26 09:21:57 - [TEST_STEP][PASSED] - if (propertypriceEnter[i] == "8"): null

2022-04-26 09:21:57 - [TEST_STEP][PASSED] - if (propertypriceEnter[i] == "9"): null

2022-04-26 09:21:57 - [TEST_STEP][PASSED] - if (propertypriceEnter[i] == "0"): Tapped on element 'Object Repository/Login Onboarding/PIN0'

2022-04-26 09:21:57 - [TEST_STEP][PASSED] - tap(findTestObject("Login Onboarding/PIN0"), 0): Tapped on element 'Object Repository/Login Onboarding/PIN0'

2022-04-26 09:21:57 - [MESSAGE][WARNING] - Timeout '0' is invalid. Using default page load timeout: '20'

2022-04-26 09:21:58 - [MESSAGE][PASSED] - Tapped on element 'Object Repository/Login Onboarding/PIN0'

2022-04-26 09:21:58 - [TEST_STEP][PASSED] - if (propertypriceEnter[i] == "1"): null

2022-04-26 09:21:58 - [TEST_STEP][PASSED] - if (propertypriceEnter[i] == "2"): null

2022-04-26 09:21:58 - [TEST_STEP][PASSED] - if (propertypriceEnter[i] == "3"): null

2022-04-26 09:21:58 - [TEST_STEP][PASSED] - if (propertypriceEnter[i] == "4"): null

2022-04-26 09:21:58 - [TEST_STEP][PASSED] - if (propertypriceEnter[i] == "5"): null

2022-04-26 09:21:58 - [TEST_STEP][PASSED] - if (propertypriceEnter[i] == "6"): null

2022-04-26 09:21:58 - [TEST_STEP][PASSED] - if (propertypriceEnter[i] == "7"): null

2022-04-26 09:21:58 - [TEST_STEP][PASSED] - if (propertypriceEnter[i] == "8"): null

2022-04-26 09:21:58 - [TEST_STEP][PASSED] - if (propertypriceEnter[i] == "9"): null

2022-04-26 09:21:58 - [TEST_STEP][PASSED] - if (propertypriceEnter[i] == "0"): Tapped on element 'Object Repository/Login Onboarding/PIN0'

2022-04-26 09:21:58 - [TEST_STEP][PASSED] - tap(findTestObject("Login Onboarding/PIN0"), 0): Tapped on element 'Object Repository/Login Onboarding/PIN0'

2022-04-26 09:21:58 - [MESSAGE][WARNING] - Timeout '0' is invalid. Using default page load timeout: '20'

2022-04-26 09:22:00 - [MESSAGE][PASSED] - Tapped on element 'Object Repository/Login Onboarding/PIN0'

2022-04-26 09:22:00 - [TEST_STEP][PASSED] - if (propertypriceEnter[i] == "1"): null

2022-04-26 09:22:00 - [TEST_STEP][PASSED] - if (propertypriceEnter[i] == "2"): null

2022-04-26 09:22:00 - [TEST_STEP][PASSED] - if (propertypriceEnter[i] == "3"): null

2022-04-26 09:22:00 - [TEST_STEP][PASSED] - if (propertypriceEnter[i] == "4"): null

2022-04-26 09:22:00 - [TEST_STEP][PASSED] - if (propertypriceEnter[i] == "5"): null

2022-04-26 09:22:00 - [TEST_STEP][PASSED] - if (propertypriceEnter[i] == "6"): null

2022-04-26 09:22:00 - [TEST_STEP][PASSED] - if (propertypriceEnter[i] == "7"): null

2022-04-26 09:22:00 - [TEST_STEP][PASSED] - if (propertypriceEnter[i] == "8"): null

2022-04-26 09:22:00 - [TEST_STEP][PASSED] - if (propertypriceEnter[i] == "9"): null

2022-04-26 09:22:00 - [TEST_STEP][PASSED] - if (propertypriceEnter[i] == "0"): Tapped on element 'Object Repository/Login Onboarding/PIN0'

2022-04-26 09:22:00 - [TEST_STEP][PASSED] - tap(findTestObject("Login Onboarding/PIN0"), 0): Tapped on element 'Object Repository/Login Onboarding/PIN0'

2022-04-26 09:22:00 - [MESSAGE][WARNING] - Timeout '0' is invalid. Using default page load timeout: '20'

2022-04-26 09:22:01 - [MESSAGE][PASSED] - Tapped on element 'Object Repository/Login Onboarding/PIN0'

2022-04-26 09:22:01 - [TEST_STEP][PASSED] - if (propertypriceEnter[i] == "1"): null

2022-04-26 09:22:01 - [TEST_STEP][PASSED] - if (propertypriceEnter[i] == "2"): null

2022-04-26 09:22:01 - [TEST_STEP][PASSED] - if (propertypriceEnter[i] == "3"): null

2022-04-26 09:22:01 - [TEST_STEP][PASSED] - if (propertypriceEnter[i] == "4"): null

2022-04-26 09:22:01 - [TEST_STEP][PASSED] - if (propertypriceEnter[i] == "5"): null

2022-04-26 09:22:01 - [TEST_STEP][PASSED] - if (propertypriceEnter[i] == "6"): null

2022-04-26 09:22:01 - [TEST_STEP][PASSED] - if (propertypriceEnter[i] == "7"): null

2022-04-26 09:22:01 - [TEST_STEP][PASSED] - if (propertypriceEnter[i] == "8"): null

2022-04-26 09:22:01 - [TEST_STEP][PASSED] - if (propertypriceEnter[i] == "9"): null

2022-04-26 09:22:01 - [TEST_STEP][PASSED] - if (propertypriceEnter[i] == "0"): Tapped on element 'Object Repository/Login Onboarding/PIN0'

2022-04-26 09:22:01 - [TEST_STEP][PASSED] - tap(findTestObject("Login Onboarding/PIN0"), 0): Tapped on element 'Object Repository/Login Onboarding/PIN0'

2022-04-26 09:22:01 - [MESSAGE][WARNING] - Timeout '0' is invalid. Using default page load timeout: '20'

2022-04-26 09:22:02 - [MESSAGE][PASSED] - Tapped on element 'Object Repository/Login Onboarding/PIN0'

2022-04-26 09:22:02 - [TEST_STEP][PASSED] - if (propertypriceEnter[i] == "1"): null

2022-04-26 09:22:02 - [TEST_STEP][PASSED] - if (propertypriceEnter[i] == "2"): null

2022-04-26 09:22:02 - [TEST_STEP][PASSED] - if (propertypriceEnter[i] == "3"): null

2022-04-26 09:22:02 - [TEST_STEP][PASSED] - if (propertypriceEnter[i] == "4"): null

2022-04-26 09:22:02 - [TEST_STEP][PASSED] - if (propertypriceEnter[i] == "5"): null

2022-04-26 09:22:02 - [TEST_STEP][PASSED] - if (propertypriceEnter[i] == "6"): null

2022-04-26 09:22:02 - [TEST_STEP][PASSED] - if (propertypriceEnter[i] == "7"): null

2022-04-26 09:22:02 - [TEST_STEP][PASSED] - if (propertypriceEnter[i] == "8"): null

2022-04-26 09:22:02 - [TEST_STEP][PASSED] - if (propertypriceEnter[i] == "9"): null

2022-04-26 09:22:02 - [TEST_STEP][PASSED] - if (propertypriceEnter[i] == "0"): Tapped on element 'Object Repository/Login Onboarding/PIN0'

2022-04-26 09:22:02 - [TEST_STEP][PASSED] - tap(findTestObject("Login Onboarding/PIN0"), 0): Tapped on element 'Object Repository/Login Onboarding/PIN0'

2022-04-26 09:22:02 - [MESSAGE][WARNING] - Timeout '0' is invalid. Using default page load timeout: '20'

2022-04-26 09:22:03 - [MESSAGE][PASSED] - Tapped on element 'Object Repository/Login Onboarding/PIN0'

2022-04-26 09:22:03 - [TEST_STEP][PASSED] - if (propertypriceEnter[i] == "1"): null

2022-04-26 09:22:03 - [TEST_STEP][PASSED] - if (propertypriceEnter[i] == "2"): null

2022-04-26 09:22:03 - [TEST_STEP][PASSED] - if (propertypriceEnter[i] == "3"): null

2022-04-26 09:22:03 - [TEST_STEP][PASSED] - if (propertypriceEnter[i] == "4"): null

2022-04-26 09:22:03 - [TEST_STEP][PASSED] - if (propertypriceEnter[i] == "5"): null

2022-04-26 09:22:03 - [TEST_STEP][PASSED] - if (propertypriceEnter[i] == "6"): null

2022-04-26 09:22:03 - [TEST_STEP][PASSED] - if (propertypriceEnter[i] == "7"): null

2022-04-26 09:22:03 - [TEST_STEP][PASSED] - if (propertypriceEnter[i] == "8"): null

2022-04-26 09:22:03 - [TEST_STEP][PASSED] - if (propertypriceEnter[i] == "9"): null

2022-04-26 09:22:03 - [TEST_STEP][PASSED] - tap(findTestObject("MayaHome/mayahome - MobileSpy 1/pinPropertyPrice - check"), 0): Tapped on element 'Object Repository/MayaHome/mayahome - MobileSpy 1/pinPropertyPrice - check'

2022-04-26 09:22:03 - [MESSAGE][WARNING] - Timeout '0' is invalid. Using default page load timeout: '20'

2022-04-26 09:22:05 - [MESSAGE][PASSED] - Tapped on element 'Object Repository/MayaHome/mayahome - MobileSpy 1/pinPropertyPrice - check'

2022-04-26 09:22:05 - [TEST_STEP][PASSED] - tap(findTestObject("MayaHome/mayahome - MobileSpy 1/downpaymentAmount - Btn"), 0): Tapped on element 'Object Repository/MayaHome/mayahome - MobileSpy 1/downpaymentAmount - Btn'

2022-04-26 09:22:05 - [MESSAGE][WARNING] - Timeout '0' is invalid. Using default page load timeout: '20'

2022-04-26 09:22:06 - [MESSAGE][PASSED] - Tapped on element 'Object Repository/MayaHome/mayahome - MobileSpy 1/downpaymentAmount - Btn'

2022-04-26 09:22:06 - [TEST_STEP][PASSED] - tap(findTestObject("MayaHome/mayahome - MobileSpy 1/downpaymentEnter - Txtfield"), 0): Tapped on element 'Object Repository/MayaHome/mayahome - MobileSpy 1/downpaymentEnter - Txtfield'

2022-04-26 09:22:06 - [MESSAGE][WARNING] - Timeout '0' is invalid. Using default page load timeout: '20'

2022-04-26 09:22:07 - [MESSAGE][PASSED] - Tapped on element 'Object Repository/MayaHome/mayahome - MobileSpy 1/downpaymentEnter - Txtfield'

2022-04-26 09:22:07 - [TEST_STEP][PASSED] - downpaymentEnter = findTestData("mayahomeCredentials").getValue(5, 1): null

2022-04-26 09:22:07 - [TEST_STEP][PASSED] - for ([i = 0, i <= 6, (i++)]): null

2022-04-26 09:22:07 - [TEST_STEP][PASSED] - if (downpaymentEnter[i] == "0"): null

2022-04-26 09:22:07 - [TEST_STEP][PASSED] - if (downpaymentEnter[i] == "1"): null

2022-04-26 09:22:07 - [TEST_STEP][PASSED] - if (downpaymentEnter[i] == "2"): Tapped on element 'Object Repository/Login Onboarding/PIN2'

2022-04-26 09:22:07 - [TEST_STEP][PASSED] - tap(findTestObject("Login Onboarding/PIN2"), 0): Tapped on element 'Object Repository/Login Onboarding/PIN2'

2022-04-26 09:22:07 - [MESSAGE][WARNING] - Timeout '0' is invalid. Using default page load timeout: '20'

2022-04-26 09:22:09 - [MESSAGE][PASSED] - Tapped on element 'Object Repository/Login Onboarding/PIN2'

2022-04-26 09:22:09 - [TEST_STEP][PASSED] - if (downpaymentEnter[i] == "3"): null

2022-04-26 09:22:09 - [TEST_STEP][PASSED] - if (downpaymentEnter[i] == "4"): null

2022-04-26 09:22:09 - [TEST_STEP][PASSED] - if (downpaymentEnter[i] == "5"): null

2022-04-26 09:22:09 - [TEST_STEP][PASSED] - if (downpaymentEnter[i] == "6"): null

2022-04-26 09:22:09 - [TEST_STEP][PASSED] - if (downpaymentEnter[i] == "7"): null

2022-04-26 09:22:09 - [TEST_STEP][PASSED] - if (downpaymentEnter[i] == "8"): null

2022-04-26 09:22:09 - [TEST_STEP][PASSED] - if (downpaymentEnter[i] == "9"): null

2022-04-26 09:22:09 - [TEST_STEP][PASSED] - if (downpaymentEnter[i] == "0"): Tapped on element 'Object Repository/Login Onboarding/PIN0'

2022-04-26 09:22:09 - [TEST_STEP][PASSED] - tap(findTestObject("Login Onboarding/PIN0"), 0): Tapped on element 'Object Repository/Login Onboarding/PIN0'

2022-04-26 09:22:09 - [MESSAGE][WARNING] - Timeout '0' is invalid. Using default page load timeout: '20'

2022-04-26 09:22:10 - [MESSAGE][PASSED] - Tapped on element 'Object Repository/Login Onboarding/PIN0'

2022-04-26 09:22:10 - [TEST_STEP][PASSED] - if (downpaymentEnter[i] == "1"): null

2022-04-26 09:22:10 - [TEST_STEP][PASSED] - if (downpaymentEnter[i] == "2"): null

2022-04-26 09:22:10 - [TEST_STEP][PASSED] - if (downpaymentEnter[i] == "3"): null

2022-04-26 09:22:10 - [TEST_STEP][PASSED] - if (downpaymentEnter[i] == "4"): null

2022-04-26 09:22:10 - [TEST_STEP][PASSED] - if (downpaymentEnter[i] == "5"): null

2022-04-26 09:22:10 - [TEST_STEP][PASSED] - if (downpaymentEnter[i] == "6"): null

2022-04-26 09:22:10 - [TEST_STEP][PASSED] - if (downpaymentEnter[i] == "7"): null

2022-04-26 09:22:10 - [TEST_STEP][PASSED] - if (downpaymentEnter[i] == "8"): null

2022-04-26 09:22:10 - [TEST_STEP][PASSED] - if (downpaymentEnter[i] == "9"): null

2022-04-26 09:22:10 - [TEST_STEP][PASSED] - if (downpaymentEnter[i] == "0"): Tapped on element 'Object Repository/Login Onboarding/PIN0'

2022-04-26 09:22:10 - [TEST_STEP][PASSED] - tap(findTestObject("Login Onboarding/PIN0"), 0): Tapped on element 'Object Repository/Login Onboarding/PIN0'

2022-04-26 09:22:10 - [MESSAGE][WARNING] - Timeout '0' is invalid. Using default page load timeout: '20'

2022-04-26 09:22:11 - [MESSAGE][PASSED] - Tapped on element 'Object Repository/Login Onboarding/PIN0'

2022-04-26 09:22:11 - [TEST_STEP][PASSED] - if (downpaymentEnter[i] == "1"): null

2022-04-26 09:22:11 - [TEST_STEP][PASSED] - if (downpaymentEnter[i] == "2"): null

2022-04-26 09:22:11 - [TEST_STEP][PASSED] - if (downpaymentEnter[i] == "3"): null

2022-04-26 09:22:11 - [TEST_STEP][PASSED] - if (downpaymentEnter[i] == "4"): null

2022-04-26 09:22:11 - [TEST_STEP][PASSED] - if (downpaymentEnter[i] == "5"): null

2022-04-26 09:22:11 - [TEST_STEP][PASSED] - if (downpaymentEnter[i] == "6"): null

2022-04-26 09:22:11 - [TEST_STEP][PASSED] - if (downpaymentEnter[i] == "7"): null

2022-04-26 09:22:11 - [TEST_STEP][PASSED] - if (downpaymentEnter[i] == "8"): null

2022-04-26 09:22:11 - [TEST_STEP][PASSED] - if (downpaymentEnter[i] == "9"): null

2022-04-26 09:22:11 - [TEST_STEP][PASSED] - if (downpaymentEnter[i] == "0"): Tapped on element 'Object Repository/Login Onboarding/PIN0'

2022-04-26 09:22:11 - [TEST_STEP][PASSED] - tap(findTestObject("Login Onboarding/PIN0"), 0): Tapped on element 'Object Repository/Login Onboarding/PIN0'

2022-04-26 09:22:11 - [MESSAGE][WARNING] - Timeout '0' is invalid. Using default page load timeout: '20'

2022-04-26 09:22:12 - [MESSAGE][PASSED] - Tapped on element 'Object Repository/Login Onboarding/PIN0'

2022-04-26 09:22:12 - [TEST_STEP][PASSED] - if (downpaymentEnter[i] == "1"): null

2022-04-26 09:22:12 - [TEST_STEP][PASSED] - if (downpaymentEnter[i] == "2"): null

2022-04-26 09:22:12 - [TEST_STEP][PASSED] - if (downpaymentEnter[i] == "3"): null

2022-04-26 09:22:12 - [TEST_STEP][PASSED] - if (downpaymentEnter[i] == "4"): null

2022-04-26 09:22:12 - [TEST_STEP][PASSED] - if (downpaymentEnter[i] == "5"): null

2022-04-26 09:22:12 - [TEST_STEP][PASSED] - if (downpaymentEnter[i] == "6"): null

2022-04-26 09:22:12 - [TEST_STEP][PASSED] - if (downpaymentEnter[i] == "7"): null

2022-04-26 09:22:12 - [TEST_STEP][PASSED] - if (downpaymentEnter[i] == "8"): null

2022-04-26 09:22:12 - [TEST_STEP][PASSED] - if (downpaymentEnter[i] == "9"): null

2022-04-26 09:22:12 - [TEST_STEP][PASSED] - if (downpaymentEnter[i] == "0"): Tapped on element 'Object Repository/Login Onboarding/PIN0'

2022-04-26 09:22:12 - [TEST_STEP][PASSED] - tap(findTestObject("Login Onboarding/PIN0"), 0): Tapped on element 'Object Repository/Login Onboarding/PIN0'

2022-04-26 09:22:12 - [MESSAGE][WARNING] - Timeout '0' is invalid. Using default page load timeout: '20'

2022-04-26 09:22:13 - [MESSAGE][PASSED] - Tapped on element 'Object Repository/Login Onboarding/PIN0'

2022-04-26 09:22:13 - [TEST_STEP][PASSED] - if (downpaymentEnter[i] == "1"): null

2022-04-26 09:22:13 - [TEST_STEP][PASSED] - if (downpaymentEnter[i] == "2"): null

2022-04-26 09:22:13 - [TEST_STEP][PASSED] - if (downpaymentEnter[i] == "3"): null

2022-04-26 09:22:13 - [TEST_STEP][PASSED] - if (downpaymentEnter[i] == "4"): null

2022-04-26 09:22:13 - [TEST_STEP][PASSED] - if (downpaymentEnter[i] == "5"): null

2022-04-26 09:22:13 - [TEST_STEP][PASSED] - if (downpaymentEnter[i] == "6"): null

2022-04-26 09:22:13 - [TEST_STEP][PASSED] - if (downpaymentEnter[i] == "7"): null

2022-04-26 09:22:13 - [TEST_STEP][PASSED] - if (downpaymentEnter[i] == "8"): null

2022-04-26 09:22:13 - [TEST_STEP][PASSED] - if (downpaymentEnter[i] == "9"): null

2022-04-26 09:22:13 - [TEST_STEP][PASSED] - if (downpaymentEnter[i] == "0"): Tapped on element 'Object Repository/Login Onboarding/PIN0'

2022-04-26 09:22:13 - [TEST_STEP][PASSED] - tap(findTestObject("Login Onboarding/PIN0"), 0): Tapped on element 'Object Repository/Login Onboarding/PIN0'

2022-04-26 09:22:13 - [MESSAGE][WARNING] - Timeout '0' is invalid. Using default page load timeout: '20'

2022-04-26 09:22:14 - [MESSAGE][PASSED] - Tapped on element 'Object Repository/Login Onboarding/PIN0'

2022-04-26 09:22:14 - [TEST_STEP][PASSED] - if (downpaymentEnter[i] == "1"): null

2022-04-26 09:22:14 - [TEST_STEP][PASSED] - if (downpaymentEnter[i] == "2"): null

2022-04-26 09:22:14 - [TEST_STEP][PASSED] - if (downpaymentEnter[i] == "3"): null

2022-04-26 09:22:14 - [TEST_STEP][PASSED] - if (downpaymentEnter[i] == "4"): null

2022-04-26 09:22:14 - [TEST_STEP][PASSED] - if (downpaymentEnter[i] == "5"): null

2022-04-26 09:22:14 - [TEST_STEP][PASSED] - if (downpaymentEnter[i] == "6"): null

2022-04-26 09:22:14 - [TEST_STEP][PASSED] - if (downpaymentEnter[i] == "7"): null

2022-04-26 09:22:14 - [TEST_STEP][PASSED] - if (downpaymentEnter[i] == "8"): null

2022-04-26 09:22:14 - [TEST_STEP][PASSED] - if (downpaymentEnter[i] == "9"): null

2022-04-26 09:22:14 - [TEST_STEP][PASSED] - if (downpaymentEnter[i] == "0"): Tapped on element 'Object Repository/Login Onboarding/PIN0'

2022-04-26 09:22:14 - [TEST_STEP][PASSED] - tap(findTestObject("Login Onboarding/PIN0"), 0): Tapped on element 'Object Repository/Login Onboarding/PIN0'

2022-04-26 09:22:14 - [MESSAGE][WARNING] - Timeout '0' is invalid. Using default page load timeout: '20'

2022-04-26 09:22:15 - [MESSAGE][PASSED] - Tapped on element 'Object Repository/Login Onboarding/PIN0'

2022-04-26 09:22:15 - [TEST_STEP][PASSED] - if (downpaymentEnter[i] == "1"): null

2022-04-26 09:22:15 - [TEST_STEP][PASSED] - if (downpaymentEnter[i] == "2"): null

2022-04-26 09:22:15 - [TEST_STEP][PASSED] - if (downpaymentEnter[i] == "3"): null

2022-04-26 09:22:15 - [TEST_STEP][PASSED] - if (downpaymentEnter[i] == "4"): null

2022-04-26 09:22:15 - [TEST_STEP][PASSED] - if (downpaymentEnter[i] == "5"): null

2022-04-26 09:22:15 - [TEST_STEP][PASSED] - if (downpaymentEnter[i] == "6"): null

2022-04-26 09:22:15 - [TEST_STEP][PASSED] - if (downpaymentEnter[i] == "7"): null

2022-04-26 09:22:15 - [TEST_STEP][PASSED] - if (downpaymentEnter[i] == "8"): null

2022-04-26 09:22:15 - [TEST_STEP][PASSED] - if (downpaymentEnter[i] == "9"): null

2022-04-26 09:22:15 - [TEST_STEP][PASSED] - tap(findTestObject("MayaHome/mayahome - MobileSpy 1/pinPropertyPrice - check"), 0): Tapped on element 'Object Repository/MayaHome/mayahome - MobileSpy 1/pinPropertyPrice - check'

2022-04-26 09:22:15 - [MESSAGE][WARNING] - Timeout '0' is invalid. Using default page load timeout: '20'

2022-04-26 09:22:16 - [MESSAGE][PASSED] - Tapped on element 'Object Repository/MayaHome/mayahome - MobileSpy 1/pinPropertyPrice - check'

2022-04-26 09:22:16 - [TEST_STEP][PASSED] - propertyPrice = "RM " + getText(findTestObject("MayaHome/mayahome - MobileSpy 2/propertyPrice - Txt"), 0): Text of element 'Object Repository/MayaHome/mayahome - MobileSpy 2/propertyPrice - Txt' is: '100,000.00'

2022-04-26 09:22:16 - [MESSAGE][WARNING] - Timeout '0' is invalid. Using default page load timeout: '20'

2022-04-26 09:22:17 - [MESSAGE][PASSED] - Text of element 'Object Repository/MayaHome/mayahome - MobileSpy 2/propertyPrice - Txt' is: '100,000.00'

2022-04-26 09:22:17 - [TEST_STEP][PASSED] - downpaymentPrice = "RM " + getText(findTestObject("MayaHome/mayahome - MobileSpy 2/downpaymentAmount - Txt"), 0): Text of element 'Object Repository/MayaHome/mayahome - MobileSpy 2/downpaymentAmount - Txt' is: '20,000.00'

2022-04-26 09:22:17 - [MESSAGE][WARNING] - Timeout '0' is invalid. Using default page load timeout: '20'

2022-04-26 09:22:18 - [MESSAGE][PASSED] - Text of element 'Object Repository/MayaHome/mayahome - MobileSpy 2/downpaymentAmount - Txt' is: '20,000.00'

2022-04-26 09:22:18 - [TEST_STEP][PASSED] - tap(findTestObject("MayaHome/mayahome - MobileSpy 1/propertyPriceContinue - Btn"), 0): Tapped on element 'Object Repository/MayaHome/mayahome - MobileSpy 1/propertyPriceContinue - Btn'

2022-04-26 09:22:18 - [MESSAGE][WARNING] - Timeout '0' is invalid. Using default page load timeout: '20'

2022-04-26 09:22:18 - [MESSAGE][PASSED] - Tapped on element 'Object Repository/MayaHome/mayahome - MobileSpy 1/propertyPriceContinue - Btn'

2022-04-26 09:22:18 - [TEST_STEP][PASSED] - delay(5): Delayed 5 second(s)

2022-04-26 09:22:23 - [MESSAGE][PASSED] - Delayed 5 second(s)

2022-04-26 09:22:23 - [TEST_STEP][PASSED] - loanAmount = getText(findTestObject("MayaHome/mayahome - MobileSpy 2/agreedLoanAmount - Txt"), 0): Text of element 'Object Repository/MayaHome/mayahome - MobileSpy 2/agreedLoanAmount - Txt' is: 'RM 80,000.00'

2022-04-26 09:22:23 - [MESSAGE][WARNING] - Timeout '0' is invalid. Using default page load timeout: '20'

2022-04-26 09:22:23 - [MESSAGE][PASSED] - Text of element 'Object Repository/MayaHome/mayahome - MobileSpy 2/agreedLoanAmount - Txt' is: 'RM 80,000.00'

2022-04-26 09:22:23 - [TEST_STEP][PASSED] - loanPeriod = getText(findTestObject("MayaHome/mayahome - MobileSpy 2/agreedLoanPeriod - Txt"), 0): Text of element 'Object Repository/MayaHome/mayahome - MobileSpy 2/agreedLoanPeriod - Txt' is: '29 years'

2022-04-26 09:22:23 - [MESSAGE][WARNING] - Timeout '0' is invalid. Using default page load timeout: '20'

2022-04-26 09:22:24 - [MESSAGE][PASSED] - Text of element 'Object Repository/MayaHome/mayahome - MobileSpy 2/agreedLoanPeriod - Txt' is: '29 years'

2022-04-26 09:22:24 - [TEST_STEP][PASSED] - tap(findTestObject("MayaHome/mayahome - MobileSpy 1/propertyPriceContinue - Btn"), 0): Tapped on element 'Object Repository/MayaHome/mayahome - MobileSpy 1/propertyPriceContinue - Btn'

2022-04-26 09:22:24 - [MESSAGE][WARNING] - Timeout '0' is invalid. Using default page load timeout: '20'

2022-04-26 09:22:25 - [MESSAGE][PASSED] - Tapped on element 'Object Repository/MayaHome/mayahome - MobileSpy 1/propertyPriceContinue - Btn'

2022-04-26 09:22:25 - [TEST_STEP][PASSED] - delay(3, STOP_ON_FAILURE): Delayed 3 second(s)

2022-04-26 09:22:28 - [MESSAGE][PASSED] - Delayed 3 second(s)

2022-04-26 09:22:28 - [TEST_STEP][PASSED] - callTestCase(findTestCase("MayaHome/mayahome_CEPersonalDetail"), null): Call Test Case 'Test Cases/MayaHome/mayahome_CEPersonalDetail' successfully

2022-04-26 09:22:28 - [TEST_CASE][PASSED] - Test Cases/MayaHome/mayahome_CEPersonalDetail: Test Cases/MayaHome/mayahome_CEPersonalDetail

2022-04-26 09:22:28 - [TEST_STEP][PASSED] - waitForElementPresent(findTestObject("MayaHome/mayahome - MobileSpy 1/statusInfoPersonalDetails - Header"), 0): Element 'Object Repository/MayaHome/mayahome - MobileSpy 1/statusInfoPersonalDetails - Header' is present

2022-04-26 09:22:28 - [MESSAGE][WARNING] - Timeout '0' is invalid. Using default page load timeout: '20'

2022-04-26 09:22:28 - [MESSAGE][PASSED] - Element 'Object Repository/MayaHome/mayahome - MobileSpy 1/statusInfoPersonalDetails - Header' is present

2022-04-26 09:22:28 - [TEST_STEP][PASSED] - verifyElementVisible(findTestObject("MayaHome/mayahome - MobileSpy 1/statusInfoTitle - Header"), 0): Element 'Object Repository/MayaHome/mayahome - MobileSpy 1/statusInfoTitle - Header' is visible

2022-04-26 09:22:28 - [MESSAGE][WARNING] - Timeout '0' is invalid. Using default page load timeout: '20'

2022-04-26 09:22:29 - [MESSAGE][PASSED] - Element 'Object Repository/MayaHome/mayahome - MobileSpy 1/statusInfoTitle - Header' is visible

2022-04-26 09:22:29 - [TEST_STEP][PASSED] - verifyElementVisible(findTestObject("MayaHome/mayahome - MobileSpy 1/statusInfoEducation - Header"), 0): Element 'Object Repository/MayaHome/mayahome - MobileSpy 1/statusInfoEducation - Header' is visible

2022-04-26 09:22:29 - [MESSAGE][WARNING] - Timeout '0' is invalid. Using default page load timeout: '20'

2022-04-26 09:22:29 - [MESSAGE][PASSED] - Element 'Object Repository/MayaHome/mayahome - MobileSpy 1/statusInfoEducation - Header' is visible

2022-04-26 09:22:29 - [TEST_STEP][PASSED] - verifyElementVisible(findTestObject("MayaHome/mayahome - MobileSpy 1/statusInfoMaritalStatus - Header"), 0): Element 'Object Repository/MayaHome/mayahome - MobileSpy 1/statusInfoMaritalStatus - Header' is visible

2022-04-26 09:22:29 - [MESSAGE][WARNING] - Timeout '0' is invalid. Using default page load timeout: '20'

2022-04-26 09:22:29 - [MESSAGE][PASSED] - Element 'Object Repository/MayaHome/mayahome - MobileSpy 1/statusInfoMaritalStatus - Header' is visible

2022-04-26 09:22:29 - [TEST_STEP][PASSED] - tap(findTestObject("MayaHome/mayahome - MobileSpy 1/statusinfoOptionTitle - dropdownBtn"), 0): Tapped on element 'Object Repository/MayaHome/mayahome - MobileSpy 1/statusinfoOptionTitle - dropdownBtn'

2022-04-26 09:22:29 - [MESSAGE][WARNING] - Timeout '0' is invalid. Using default page load timeout: '20'

2022-04-26 09:22:30 - [MESSAGE][PASSED] - Tapped on element 'Object Repository/MayaHome/mayahome - MobileSpy 1/statusinfoOptionTitle - dropdownBtn'

2022-04-26 09:22:30 - [TEST_STEP][PASSED] - scrollToText("Tuan"): Scrolling to text 'Tuan' successfully

2022-04-26 09:22:42 - [MESSAGE][PASSED] - Scrolling to text 'Tuan' successfully

2022-04-26 09:22:42 - [TEST_STEP][PASSED] - tap(findTestObject("MayaHome/mayahome - MobileSpy 4/blankScreen - PersonalDetail"), 0): Tapped on element 'Object Repository/MayaHome/mayahome - MobileSpy 4/blankScreen - PersonalDetail'

2022-04-26 09:22:42 - [MESSAGE][WARNING] - Timeout '0' is invalid. Using default page load timeout: '20'

2022-04-26 09:22:43 - [MESSAGE][PASSED] - Tapped on element 'Object Repository/MayaHome/mayahome - MobileSpy 4/blankScreen - PersonalDetail'

2022-04-26 09:22:43 - [TEST_STEP][PASSED] - tap(findTestObject("MayaHome/mayahome - MobileSpy 1/statusinfoOptionResident - dropdownBtn"), 0): Tapped on element 'Object Repository/MayaHome/mayahome - MobileSpy 1/statusinfoOptionResident - dropdownBtn'

2022-04-26 09:22:43 - [MESSAGE][WARNING] - Timeout '0' is invalid. Using default page load timeout: '20'

2022-04-26 09:22:44 - [MESSAGE][PASSED] - Tapped on element 'Object Repository/MayaHome/mayahome - MobileSpy 1/statusinfoOptionResident - dropdownBtn'

2022-04-26 09:22:44 - [TEST_STEP][PASSED] - tap(findTestObject("MayaHome/mayahome - MobileSpy 1/statusInfoResidentOption - Bumiputera"), 0): Tapped on element 'Object Repository/MayaHome/mayahome - MobileSpy 1/statusInfoResidentOption - Bumiputera'

2022-04-26 09:22:44 - [MESSAGE][WARNING] - Timeout '0' is invalid. Using default page load timeout: '20'

2022-04-26 09:22:45 - [MESSAGE][PASSED] - Tapped on element 'Object Repository/MayaHome/mayahome - MobileSpy 1/statusInfoResidentOption - Bumiputera'

2022-04-26 09:22:45 - [TEST_STEP][PASSED] - tap(findTestObject("MayaHome/mayahome - MobileSpy 1/statusInfoDropDown - doneBtn"), 0): Tapped on element 'Object Repository/MayaHome/mayahome - MobileSpy 1/statusInfoDropDown - doneBtn'

2022-04-26 09:22:45 - [MESSAGE][WARNING] - Timeout '0' is invalid. Using default page load timeout: '20'

2022-04-26 09:22:46 - [MESSAGE][PASSED] - Tapped on element 'Object Repository/MayaHome/mayahome - MobileSpy 1/statusInfoDropDown - doneBtn'

2022-04-26 09:22:46 - [TEST_STEP][PASSED] - tap(findTestObject("MayaHome/mayahome - MobileSpy 1/statusinfoOptionEducation - dropdownBtn"), 0): Tapped on element 'Object Repository/MayaHome/mayahome - MobileSpy 1/statusinfoOptionEducation - dropdownBtn'

2022-04-26 09:22:46 - [MESSAGE][WARNING] - Timeout '0' is invalid. Using default page load timeout: '20'

2022-04-26 09:22:47 - [MESSAGE][PASSED] - Tapped on element 'Object Repository/MayaHome/mayahome - MobileSpy 1/statusinfoOptionEducation - dropdownBtn'

2022-04-26 09:22:47 - [TEST_STEP][PASSED] - scrollToText("Professional Qualification", STOP_ON_FAILURE): Scrolling to text 'Professional Qualification' successfully

2022-04-26 09:22:48 - [MESSAGE][PASSED] - Scrolling to text 'Professional Qualification' successfully

2022-04-26 09:22:48 - [TEST_STEP][PASSED] - tap(findTestObject("MayaHome/mayahome - MobileSpy 1/statusInfoEducationOption - Pro Qualify"), 0): Tapped on element 'Object Repository/MayaHome/mayahome - MobileSpy 1/statusInfoEducationOption - Pro Qualify'

2022-04-26 09:22:48 - [MESSAGE][WARNING] - Timeout '0' is invalid. Using default page load timeout: '20'

2022-04-26 09:22:49 - [MESSAGE][PASSED] - Tapped on element 'Object Repository/MayaHome/mayahome - MobileSpy 1/statusInfoEducationOption - Pro Qualify'

2022-04-26 09:22:49 - [TEST_STEP][PASSED] - tap(findTestObject("MayaHome/mayahome - MobileSpy 1/statusInfoDropDown - doneBtn"), 0): Tapped on element 'Object Repository/MayaHome/mayahome - MobileSpy 1/statusInfoDropDown - doneBtn'

2022-04-26 09:22:49 - [MESSAGE][WARNING] - Timeout '0' is invalid. Using default page load timeout: '20'

2022-04-26 09:22:49 - [MESSAGE][PASSED] - Tapped on element 'Object Repository/MayaHome/mayahome - MobileSpy 1/statusInfoDropDown - doneBtn'

2022-04-26 09:22:49 - [TEST_STEP][PASSED] - scrollToText("Employment status"): Scrolling to text 'Employment status' successfully

2022-04-26 09:22:52 - [MESSAGE][PASSED] - Scrolling to text 'Employment status' successfully

2022-04-26 09:22:52 - [TEST_STEP][PASSED] - verifyElementVisible(findTestObject("MayaHome/mayahome - MobileSpy 1/statusInfoReligion - Header"), 0): Element 'Object Repository/MayaHome/mayahome - MobileSpy 1/statusInfoReligion - Header' is visible

2022-04-26 09:22:53 - [MESSAGE][WARNING] - Timeout '0' is invalid. Using default page load timeout: '20'

2022-04-26 09:22:53 - [MESSAGE][PASSED] - Element 'Object Repository/MayaHome/mayahome - MobileSpy 1/statusInfoReligion - Header' is visible

2022-04-26 09:22:53 - [TEST_STEP][PASSED] - verifyElementVisible(findTestObject("MayaHome/mayahome - MobileSpy 1/statusInfoEmpStatus - Header"), 0): Element 'Object Repository/MayaHome/mayahome - MobileSpy 1/statusInfoEmpStatus - Header' is visible

2022-04-26 09:22:53 - [MESSAGE][WARNING] - Timeout '0' is invalid. Using default page load timeout: '20'

2022-04-26 09:22:53 - [MESSAGE][PASSED] - Element 'Object Repository/MayaHome/mayahome - MobileSpy 1/statusInfoEmpStatus - Header' is visible

2022-04-26 09:22:53 - [TEST_STEP][PASSED] - verifyElementVisible(findTestObject("MayaHome/mayahome - MobileSpy 1/statusInfoEmpBussType - Header"), 0): Element 'Object Repository/MayaHome/mayahome - MobileSpy 1/statusInfoEmpBussType - Header' is visible

2022-04-26 09:22:53 - [MESSAGE][WARNING] - Timeout '0' is invalid. Using default page load timeout: '20'

2022-04-26 09:22:53 - [MESSAGE][PASSED] - Element 'Object Repository/MayaHome/mayahome - MobileSpy 1/statusInfoEmpBussType - Header' is visible

2022-04-26 09:22:53 - [TEST_STEP][PASSED] - tap(findTestObject("MayaHome/mayahome - MobileSpy 1/statusinfoOptionMarital - dropdownBtn"), 0): Tapped on element 'Object Repository/MayaHome/mayahome - MobileSpy 1/statusinfoOptionMarital - dropdownBtn'

2022-04-26 09:22:53 - [MESSAGE][WARNING] - Timeout '0' is invalid. Using default page load timeout: '20'

2022-04-26 09:22:54 - [MESSAGE][PASSED] - Tapped on element 'Object Repository/MayaHome/mayahome - MobileSpy 1/statusinfoOptionMarital - dropdownBtn'

2022-04-26 09:22:54 - [TEST_STEP][PASSED] - scrollToText("Single", STOP_ON_FAILURE): Scrolling to text 'Single' successfully

2022-04-26 09:22:55 - [MESSAGE][PASSED] - Scrolling to text 'Single' successfully

2022-04-26 09:22:55 - [TEST_STEP][PASSED] - tap(findTestObject("MayaHome/mayahome - MobileSpy 1/statusInfoMaritalStatus - Married"), 0): Tapped on element 'Object Repository/MayaHome/mayahome - MobileSpy 1/statusInfoMaritalStatus - Married'

2022-04-26 09:22:55 - [MESSAGE][WARNING] - Timeout '0' is invalid. Using default page load timeout: '20'

2022-04-26 09:22:55 - [MESSAGE][PASSED] - Tapped on element 'Object Repository/MayaHome/mayahome - MobileSpy 1/statusInfoMaritalStatus - Married'

2022-04-26 09:22:55 - [TEST_STEP][PASSED] - tap(findTestObject("MayaHome/mayahome - MobileSpy 1/statusInfoDropDown - doneBtn"), 0): Tapped on element 'Object Repository/MayaHome/mayahome - MobileSpy 1/statusInfoDropDown - doneBtn'

2022-04-26 09:22:55 - [MESSAGE][WARNING] - Timeout '0' is invalid. Using default page load timeout: '20'

2022-04-26 09:22:55 - [MESSAGE][PASSED] - Tapped on element 'Object Repository/MayaHome/mayahome - MobileSpy 1/statusInfoDropDown - doneBtn'

2022-04-26 09:22:55 - [TEST_STEP][PASSED] - tap(findTestObject("MayaHome/mayahome - MobileSpy 1/statusinfoOptionReligion - dropdownBtn"), 0): Tapped on element 'Object Repository/MayaHome/mayahome - MobileSpy 1/statusinfoOptionReligion - dropdownBtn'

2022-04-26 09:22:55 - [MESSAGE][WARNING] - Timeout '0' is invalid. Using default page load timeout: '20'

2022-04-26 09:22:56 - [MESSAGE][PASSED] - Tapped on element 'Object Repository/MayaHome/mayahome - MobileSpy 1/statusinfoOptionReligion - dropdownBtn'

2022-04-26 09:22:56 - [TEST_STEP][PASSED] - scrollToText("Others", STOP_ON_FAILURE): Scrolling to text 'Others' successfully

2022-04-26 09:22:57 - [MESSAGE][PASSED] - Scrolling to text 'Others' successfully

2022-04-26 09:22:57 - [TEST_STEP][PASSED] - tap(findTestObject("MayaHome/mayahome - MobileSpy 1/statusInfoReligion - Hinduism"), 0): Tapped on element 'Object Repository/MayaHome/mayahome - MobileSpy 1/statusInfoReligion - Hinduism'

2022-04-26 09:22:57 - [MESSAGE][WARNING] - Timeout '0' is invalid. Using default page load timeout: '20'

2022-04-26 09:22:58 - [MESSAGE][PASSED] - Tapped on element 'Object Repository/MayaHome/mayahome - MobileSpy 1/statusInfoReligion - Hinduism'

2022-04-26 09:22:58 - [TEST_STEP][PASSED] - tap(findTestObject("MayaHome/mayahome - MobileSpy 1/statusInfoDropDown - doneBtn"), 0): Tapped on element 'Object Repository/MayaHome/mayahome - MobileSpy 1/statusInfoDropDown - doneBtn'

2022-04-26 09:22:58 - [MESSAGE][WARNING] - Timeout '0' is invalid. Using default page load timeout: '20'

2022-04-26 09:22:58 - [MESSAGE][PASSED] - Tapped on element 'Object Repository/MayaHome/mayahome - MobileSpy 1/statusInfoDropDown - doneBtn'

2022-04-26 09:22:58 - [TEST_STEP][PASSED] - tap(findTestObject("MayaHome/mayahome - MobileSpy 1/statusinfoOptionEmpStatus - dropdownBtn"), 0): Tapped on element 'Object Repository/MayaHome/mayahome - MobileSpy 1/statusinfoOptionEmpStatus - dropdownBtn'

2022-04-26 09:22:58 - [MESSAGE][WARNING] - Timeout '0' is invalid. Using default page load timeout: '20'

2022-04-26 09:23:00 - [MESSAGE][PASSED] - Tapped on element 'Object Repository/MayaHome/mayahome - MobileSpy 1/statusinfoOptionEmpStatus - dropdownBtn'

2022-04-26 09:23:00 - [TEST_STEP][PASSED] - scrollToText("Unemployed", STOP_ON_FAILURE): Scrolling to text 'Unemployed' successfully

2022-04-26 09:23:01 - [MESSAGE][PASSED] - Scrolling to text 'Unemployed' successfully

2022-04-26 09:23:01 - [TEST_STEP][PASSED] - tap(findTestObject("MayaHome/mayahome - MobileSpy 1/statusInfoDropDown - doneBtn"), 0): Tapped on element 'Object Repository/MayaHome/mayahome - MobileSpy 1/statusInfoDropDown - doneBtn'

2022-04-26 09:23:01 - [MESSAGE][WARNING] - Timeout '0' is invalid. Using default page load timeout: '20'

2022-04-26 09:23:01 - [MESSAGE][PASSED] - Tapped on element 'Object Repository/MayaHome/mayahome - MobileSpy 1/statusInfoDropDown - doneBtn'

2022-04-26 09:23:01 - [TEST_STEP][PASSED] - tap(findTestObject("MayaHome/mayahome - MobileSpy 1/statusInfoBusinessClass - dropdownBtn"), 0): Tapped on element 'Object Repository/MayaHome/mayahome - MobileSpy 1/statusInfoBusinessClass - dropdownBtn'

2022-04-26 09:23:01 - [MESSAGE][WARNING] - Timeout '0' is invalid. Using default page load timeout: '20'

2022-04-26 09:23:02 - [MESSAGE][PASSED] - Tapped on element 'Object Repository/MayaHome/mayahome - MobileSpy 1/statusInfoBusinessClass - dropdownBtn'

2022-04-26 09:23:02 - [TEST_STEP][PASSED] - scrollToText("Sdn Bhd"): Scrolling to text 'Sdn Bhd' successfully

2022-04-26 09:23:07 - [MESSAGE][PASSED] - Scrolling to text 'Sdn Bhd' successfully

2022-04-26 09:23:07 - [TEST_STEP][PASSED] - tap(findTestObject("MayaHome/mayahome - MobileSpy 1/statusInfoOption - SdnBhd"), 0): Tapped on element 'Object Repository/MayaHome/mayahome - MobileSpy 1/statusInfoOption - SdnBhd'

2022-04-26 09:23:07 - [MESSAGE][WARNING] - Timeout '0' is invalid. Using default page load timeout: '20'

2022-04-26 09:23:07 - [MESSAGE][PASSED] - Tapped on element 'Object Repository/MayaHome/mayahome - MobileSpy 1/statusInfoOption - SdnBhd'

2022-04-26 09:23:07 - [TEST_STEP][PASSED] - tap(findTestObject("MayaHome/mayahome - MobileSpy 1/statusInfoDropDown - doneBtn"), 0): Tapped on element 'Object Repository/MayaHome/mayahome - MobileSpy 1/statusInfoDropDown - doneBtn'

2022-04-26 09:23:07 - [MESSAGE][WARNING] - Timeout '0' is invalid. Using default page load timeout: '20'

2022-04-26 09:23:08 - [MESSAGE][PASSED] - Tapped on element 'Object Repository/MayaHome/mayahome - MobileSpy 1/statusInfoDropDown - doneBtn'

2022-04-26 09:23:08 - [TEST_STEP][PASSED] - tap(findTestObject("MayaHome/mayahome - MobileSpy 1/save next - Btn"), 0): Tapped on element 'Object Repository/MayaHome/mayahome - MobileSpy 1/save next - Btn'

2022-04-26 09:23:08 - [MESSAGE][WARNING] - Timeout '0' is invalid. Using default page load timeout: '20'

2022-04-26 09:23:09 - [MESSAGE][PASSED] - Tapped on element 'Object Repository/MayaHome/mayahome - MobileSpy 1/save next - Btn'

2022-04-26 09:23:09 - [MESSAGE][PASSED] - Call Test Case 'Test Cases/MayaHome/mayahome_CEPersonalDetail' successfully

2022-04-26 09:23:09 - [TEST_STEP][PASSED] - callTestCase(findTestCase("MayaHome/mayahome_CEMonthlyIncome"), null): Call Test Case 'Test Cases/MayaHome/mayahome_CEMonthlyIncome' successfully

2022-04-26 09:23:09 - [TEST_CASE][PASSED] - Test Cases/MayaHome/mayahome_CEMonthlyIncome: Test Cases/MayaHome/mayahome_CEMonthlyIncome

2022-04-26 09:23:09 - [TEST_STEP][PASSED] - waitForElementPresent(findTestObject("MayaHome/mayahome - MobileSpy 6/enterDetailMonthlyIncome - Header"), 0): Element 'Object Repository/MayaHome/mayahome - MobileSpy 6/enterDetailMonthlyIncome - Header' is present

2022-04-26 09:23:09 - [MESSAGE][WARNING] - Timeout '0' is invalid. Using default page load timeout: '20'

2022-04-26 09:23:10 - [MESSAGE][PASSED] - Element 'Object Repository/MayaHome/mayahome - MobileSpy 6/enterDetailMonthlyIncome - Header' is present

2022-04-26 09:23:10 - [TEST_STEP][PASSED] - verifyElementVisible(findTestObject("MayaHome/mayahome - MobileSpy 6/propertyNameforMonthlyIncome - Header"), 0): Element 'Object Repository/MayaHome/mayahome - MobileSpy 6/propertyNameforMonthlyIncome - Header' is visible

2022-04-26 09:23:10 - [MESSAGE][WARNING] - Timeout '0' is invalid. Using default page load timeout: '20'

2022-04-26 09:23:11 - [MESSAGE][PASSED] - Element 'Object Repository/MayaHome/mayahome - MobileSpy 6/propertyNameforMonthlyIncome - Header' is visible

2022-04-26 09:23:11 - [TEST_STEP][PASSED] - verifyElementVisible(findTestObject("MayaHome/mayahome - MobileSpy 6/monthlyGrossIncome - Header"), 0): Element 'Object Repository/MayaHome/mayahome - MobileSpy 6/monthlyGrossIncome - Header' is visible

2022-04-26 09:23:11 - [MESSAGE][WARNING] - Timeout '0' is invalid. Using default page load timeout: '20'

2022-04-26 09:23:14 - [MESSAGE][PASSED] - Element 'Object Repository/MayaHome/mayahome - MobileSpy 6/monthlyGrossIncome - Header' is visible

2022-04-26 09:23:14 - [TEST_STEP][PASSED] - tap(findTestObject("MayaHome/mayahome - MobileSpy 1/monthlyIncome - Txtfield"), 0): Tapped on element 'Object Repository/MayaHome/mayahome - MobileSpy 1/monthlyIncome - Txtfield'

2022-04-26 09:23:14 - [MESSAGE][WARNING] - Timeout '0' is invalid. Using default page load timeout: '20'

2022-04-26 09:23:14 - [MESSAGE][PASSED] - Tapped on element 'Object Repository/MayaHome/mayahome - MobileSpy 1/monthlyIncome - Txtfield'

2022-04-26 09:23:14 - [TEST_STEP][PASSED] - tap(findTestObject("MayaHome/mayahome - MobileSpy 1/pinMonthlyIncome - 5"), 1): Tapped on element 'Object Repository/MayaHome/mayahome - MobileSpy 1/pinMonthlyIncome - 5'

2022-04-26 09:23:16 - [MESSAGE][PASSED] - Tapped on element 'Object Repository/MayaHome/mayahome - MobileSpy 1/pinMonthlyIncome - 5'

2022-04-26 09:23:16 - [TEST_STEP][PASSED] - tap(findTestObject("MayaHome/mayahome - MobileSpy 1/pinMonthlyIncome - 0"), 1): Tapped on element 'Object Repository/MayaHome/mayahome - MobileSpy 1/pinMonthlyIncome - 0'

2022-04-26 09:23:17 - [MESSAGE][PASSED] - Tapped on element 'Object Repository/MayaHome/mayahome - MobileSpy 1/pinMonthlyIncome - 0'

2022-04-26 09:23:17 - [TEST_STEP][PASSED] - tap(findTestObject("MayaHome/mayahome - MobileSpy 1/pinMonthlyIncome - 0"), 1): Tapped on element 'Object Repository/MayaHome/mayahome - MobileSpy 1/pinMonthlyIncome - 0'

2022-04-26 09:23:18 - [MESSAGE][PASSED] - Tapped on element 'Object Repository/MayaHome/mayahome - MobileSpy 1/pinMonthlyIncome - 0'

2022-04-26 09:23:18 - [TEST_STEP][PASSED] - tap(findTestObject("MayaHome/mayahome - MobileSpy 1/pinMonthlyIncome - 0"), 1): Tapped on element 'Object Repository/MayaHome/mayahome - MobileSpy 1/pinMonthlyIncome - 0'

2022-04-26 09:23:19 - [MESSAGE][PASSED] - Tapped on element 'Object Repository/MayaHome/mayahome - MobileSpy 1/pinMonthlyIncome - 0'

2022-04-26 09:23:19 - [TEST_STEP][PASSED] - tap(findTestObject("MayaHome/mayahome - MobileSpy 1/pinMonthlyIncome - 0"), 1): Tapped on element 'Object Repository/MayaHome/mayahome - MobileSpy 1/pinMonthlyIncome - 0'

2022-04-26 09:23:20 - [MESSAGE][PASSED] - Tapped on element 'Object Repository/MayaHome/mayahome - MobileSpy 1/pinMonthlyIncome - 0'

2022-04-26 09:23:20 - [TEST_STEP][PASSED] - tap(findTestObject("MayaHome/mayahome - MobileSpy 1/pinMonthlyIncome - check"), 1): Tapped on element 'Object Repository/MayaHome/mayahome - MobileSpy 1/pinMonthlyIncome - check'

2022-04-26 09:23:21 - [MESSAGE][PASSED] - Tapped on element 'Object Repository/MayaHome/mayahome - MobileSpy 1/pinMonthlyIncome - check'

2022-04-26 09:23:21 - [TEST_STEP][PASSED] - verifyElementVisible(findTestObject("MayaHome/mayahome - MobileSpy 6/existHomeFinancingDropDown - Header"), 0): Element 'Object Repository/MayaHome/mayahome - MobileSpy 6/existHomeFinancingDropDown - Header' is visible

2022-04-26 09:23:21 - [MESSAGE][WARNING] - Timeout '0' is invalid. Using default page load timeout: '20'

2022-04-26 09:23:22 - [MESSAGE][PASSED] - Element 'Object Repository/MayaHome/mayahome - MobileSpy 6/existHomeFinancingDropDown - Header' is visible

2022-04-26 09:23:22 - [TEST_STEP][PASSED] - tap(findTestObject("MayaHome/mayahome - MobileSpy 1/existingHousingLoan - dropdownBtn"), 0): Tapped on element 'Object Repository/MayaHome/mayahome - MobileSpy 1/existingHousingLoan - dropdownBtn'

2022-04-26 09:23:22 - [MESSAGE][WARNING] - Timeout '0' is invalid. Using default page load timeout: '20'

2022-04-26 09:23:22 - [MESSAGE][PASSED] - Tapped on element 'Object Repository/MayaHome/mayahome - MobileSpy 1/existingHousingLoan - dropdownBtn'

2022-04-26 09:23:22 - [TEST_STEP][PASSED] - tap(findTestObject("MayaHome/mayahome - MobileSpy 3/existingHousingLoan(0) - Btn"), 0): Tapped on element 'Object Repository/MayaHome/mayahome - MobileSpy 3/existingHousingLoan(0) - Btn'

2022-04-26 09:23:22 - [MESSAGE][WARNING] - Timeout '0' is invalid. Using default page load timeout: '20'

2022-04-26 09:23:24 - [MESSAGE][PASSED] - Tapped on element 'Object Repository/MayaHome/mayahome - MobileSpy 3/existingHousingLoan(0) - Btn'

2022-04-26 09:23:24 - [TEST_STEP][PASSED] - tap(findTestObject("MayaHome/mayahome - MobileSpy 1/statusInfoDropDown - doneBtn"), 0): Tapped on element 'Object Repository/MayaHome/mayahome - MobileSpy 1/statusInfoDropDown - doneBtn'

2022-04-26 09:23:24 - [MESSAGE][WARNING] - Timeout '0' is invalid. Using default page load timeout: '20'

2022-04-26 09:23:24 - [MESSAGE][PASSED] - Tapped on element 'Object Repository/MayaHome/mayahome - MobileSpy 1/statusInfoDropDown - doneBtn'

2022-04-26 09:23:24 - [TEST_STEP][PASSED] - delay(3): Delayed 3 second(s)

2022-04-26 09:23:27 - [MESSAGE][PASSED] - Delayed 3 second(s)

2022-04-26 09:23:27 - [TEST_STEP][PASSED] - verifyElementVisible(findTestObject("MayaHome/mayahome - MobileSpy 6/nonBankCommit - Header"), 0): Element 'Object Repository/MayaHome/mayahome - MobileSpy 6/nonBankCommit - Header' is visible

2022-04-26 09:23:27 - [MESSAGE][WARNING] - Timeout '0' is invalid. Using default page load timeout: '20'

2022-04-26 09:23:27 - [MESSAGE][PASSED] - Element 'Object Repository/MayaHome/mayahome - MobileSpy 6/nonBankCommit - Header' is visible

2022-04-26 09:23:27 - [TEST_STEP][PASSED] - tap(findTestObject("MayaHome/mayahome - MobileSpy 1/non-bankCommit - Txtfield"), 1): Tapped on element 'Object Repository/MayaHome/mayahome - MobileSpy 1/non-bankCommit - Txtfield'

2022-04-26 09:23:28 - [MESSAGE][PASSED] - Tapped on element 'Object Repository/MayaHome/mayahome - MobileSpy 1/non-bankCommit - Txtfield'

2022-04-26 09:23:28 - [TEST_STEP][PASSED] - tap(findTestObject("MayaHome/mayahome - MobileSpy 1/pinMonthlyIncome - 2"), 1): Tapped on element 'Object Repository/MayaHome/mayahome - MobileSpy 1/pinMonthlyIncome - 2'

2022-04-26 09:23:29 - [MESSAGE][PASSED] - Tapped on element 'Object Repository/MayaHome/mayahome - MobileSpy 1/pinMonthlyIncome - 2'

2022-04-26 09:23:29 - [TEST_STEP][PASSED] - tap(findTestObject("MayaHome/mayahome - MobileSpy 1/pinMonthlyIncome - 0"), 0): Tapped on element 'Object Repository/MayaHome/mayahome - MobileSpy 1/pinMonthlyIncome - 0'

2022-04-26 09:23:29 - [MESSAGE][WARNING] - Timeout '0' is invalid. Using default page load timeout: '20'

2022-04-26 09:23:30 - [MESSAGE][PASSED] - Tapped on element 'Object Repository/MayaHome/mayahome - MobileSpy 1/pinMonthlyIncome - 0'

2022-04-26 09:23:30 - [TEST_STEP][PASSED] - tap(findTestObject("MayaHome/mayahome - MobileSpy 1/pinMonthlyIncome - 0"), 0): Tapped on element 'Object Repository/MayaHome/mayahome - MobileSpy 1/pinMonthlyIncome - 0'

2022-04-26 09:23:30 - [MESSAGE][WARNING] - Timeout '0' is invalid. Using default page load timeout: '20'

2022-04-26 09:23:31 - [MESSAGE][PASSED] - Tapped on element 'Object Repository/MayaHome/mayahome - MobileSpy 1/pinMonthlyIncome - 0'

2022-04-26 09:23:31 - [TEST_STEP][PASSED] - tap(findTestObject("MayaHome/mayahome - MobileSpy 1/pinMonthlyIncome - 0"), 0): Tapped on element 'Object Repository/MayaHome/mayahome - MobileSpy 1/pinMonthlyIncome - 0'

2022-04-26 09:23:31 - [MESSAGE][WARNING] - Timeout '0' is invalid. Using default page load timeout: '20'

2022-04-26 09:23:32 - [MESSAGE][PASSED] - Tapped on element 'Object Repository/MayaHome/mayahome - MobileSpy 1/pinMonthlyIncome - 0'

2022-04-26 09:23:32 - [TEST_STEP][PASSED] - tap(findTestObject("MayaHome/mayahome - MobileSpy 1/pinMonthlyIncome - 0"), 0): Tapped on element 'Object Repository/MayaHome/mayahome - MobileSpy 1/pinMonthlyIncome - 0'

2022-04-26 09:23:32 - [MESSAGE][WARNING] - Timeout '0' is invalid. Using default page load timeout: '20'

2022-04-26 09:23:33 - [MESSAGE][PASSED] - Tapped on element 'Object Repository/MayaHome/mayahome - MobileSpy 1/pinMonthlyIncome - 0'

2022-04-26 09:23:33 - [TEST_STEP][PASSED] - tap(findTestObject("MayaHome/mayahome - MobileSpy 1/pinMonthlyIncome - check"), 0): Tapped on element 'Object Repository/MayaHome/mayahome - MobileSpy 1/pinMonthlyIncome - check'

2022-04-26 09:23:33 - [MESSAGE][WARNING] - Timeout '0' is invalid. Using default page load timeout: '20'

2022-04-26 09:23:34 - [MESSAGE][PASSED] - Tapped on element 'Object Repository/MayaHome/mayahome - MobileSpy 1/pinMonthlyIncome - check'

2022-04-26 09:23:34 - [TEST_STEP][PASSED] - tap(findTestObject("MayaHome/mayahome - MobileSpy 1/statusinfo - savenextBtn"), 0): Tapped on element 'Object Repository/MayaHome/mayahome - MobileSpy 1/statusinfo - savenextBtn'

2022-04-26 09:23:34 - [MESSAGE][WARNING] - Timeout '0' is invalid. Using default page load timeout: '20'

2022-04-26 09:23:36 - [MESSAGE][PASSED] - Tapped on element 'Object Repository/MayaHome/mayahome - MobileSpy 1/statusinfo - savenextBtn'

2022-04-26 09:23:36 - [TEST_STEP][PASSED] - delay(10): Delayed 10 second(s)

2022-04-26 09:23:46 - [MESSAGE][PASSED] - Delayed 10 second(s)

2022-04-26 09:23:46 - [MESSAGE][PASSED] - Call Test Case 'Test Cases/MayaHome/mayahome_CEMonthlyIncome' successfully

2022-04-26 09:23:46 - [TEST_STEP][PASSED] - if (verifyElementExist(findTestObject("MayaHome/mayahome - MobileSpy 2/hederAdditionalInfo - Txt"), 0, OPTIONAL)): Element 'Object Repository/MayaHome/mayahome - MobileSpy 2/hederAdditionalInfo - Txt' not found

2022-04-26 09:23:46 - [MESSAGE][WARNING] - Timeout '0' is invalid. Using default page load timeout: '20'

2022-04-26 09:24:06 - [MESSAGE][WARNING] - Element 'Object Repository/MayaHome/mayahome - MobileSpy 2/hederAdditionalInfo - Txt' not found

2022-04-26 09:24:06 - [TEST_STEP][PASSED] - else: null

2022-04-26 09:24:06 - [TEST_STEP][PASSED] - delay(5, STOP_ON_FAILURE): Delayed 5 second(s)

2022-04-26 09:24:11 - [MESSAGE][PASSED] - Delayed 5 second(s)

2022-04-26 09:24:11 - [TEST_STEP][PASSED] - if (verifyElementVisible(findTestObject("MayaHome/mayahome - MobileSpy 2/successStatement - Txt"), 0, OPTIONAL)): Failed to check for element exist (Root cause: java.lang.IllegalArgumentException: Object is null
	at com.kms.katalon.core.helper.KeywordHelper.checkTestObjectParameter(KeywordHelper.java:33)
	at com.kms.katalon.core.mobile.keyword.builtin.VerifyElementExistKeyword$_verifyElementExist_closure1.doCall(VerifyElementExistKeyword.groovy:70)
	at com.kms.katalon.core.mobile.keyword.builtin.VerifyElementExistKeyword$_verifyElementExist_closure1.call(VerifyElementExistKeyword.groovy)
	at com.kms.katalon.core.mobile.keyword.internal.MobileKeywordMain.runKeyword(MobileKeywordMain.groovy:21)
	at com.kms.katalon.core.mobile.keyword.builtin.VerifyElementExistKeyword.verifyElementExist(VerifyElementExistKeyword.groovy:80)
	at com.kms.katalon.core.mobile.keyword.builtin.VerifyElementExistKeyword.execute(VerifyElementExistKeyword.groovy:64)
	at com.kms.katalon.core.keyword.internal.KeywordExecutor.executeKeywordForPlatform(KeywordExecutor.groovy:74)
	at com.kms.katalon.core.mobile.keyword.MobileBuiltInKeywords.verifyElementExist(MobileBuiltInKeywords.groovy:1604)
	at com.kms.katalon.core.mobile.keyword.MobileBuiltInKeywords$verifyElementExist$9.call(Unknown Source)
	at mayahome_CEReviewApplication.run(mayahome_CEReviewApplication:256)
	at com.kms.katalon.core.main.ScriptEngine.run(ScriptEngine.java:194)
	at com.kms.katalon.core.main.ScriptEngine.runScriptAsRawText(ScriptEngine.java:119)
	at com.kms.katalon.core.main.TestCaseExecutor.runScript(TestCaseExecutor.java:442)
	at com.kms.katalon.core.main.TestCaseExecutor.doExecute(TestCaseExecutor.java:433)
	at com.kms.katalon.core.main.TestCaseExecutor.processExecutionPhase(TestCaseExecutor.java:412)
	at com.kms.katalon.core.main.TestCaseExecutor.accessMainPhase(TestCaseExecutor.java:404)
	at com.kms.katalon.core.main.TestCaseExecutor.execute(TestCaseExecutor.java:281)
	at com.kms.katalon.core.main.TestSuiteExecutor.accessTestCaseMainPhase(TestSuiteExecutor.java:202)
	at com.kms.katalon.core.main.TestSuiteExecutor.accessTestSuiteMainPhase(TestSuiteExecutor.java:164)
	at com.kms.katalon.core.main.TestSuiteExecutor.execute(TestSuiteExecutor.java:105)
	at com.kms.katalon.core.main.TestCaseMain.startTestSuite(TestCaseMain.java:181)
	at com.kms.katalon.core.main.TestCaseMain$startTestSuite$0.call(Unknown Source)
	at TempTestSuite1650935964676.run(TempTestSuite1650935964676.groovy:36)
)

2022-04-26 09:24:11 - [MESSAGE][WARNING] - Timeout '0' is invalid. Using default page load timeout: '20'

2022-04-26 09:24:31 - [MESSAGE][WARNING] - Element 'Object Repository/MayaHome/mayahome - MobileSpy 2/successStatement - Txt' not found

2022-04-26 09:24:31 - [MESSAGE][WARNING] - Test object with id 'Object Repository/MayaHome/mayahome - MobileSpy2/unaffordableStatement - Txt' does not exist

2022-04-26 09:24:31 - [MESSAGE][WARNING] - Test object with id 'Object Repository/' does not exist

2022-04-26 09:24:31 - [MESSAGE][WARNING] - Failed to check for element exist (Root cause: java.lang.IllegalArgumentException: Object is null
	at com.kms.katalon.core.helper.KeywordHelper.checkTestObjectParameter(KeywordHelper.java:33)
	at com.kms.katalon.core.mobile.keyword.builtin.VerifyElementExistKeyword$_verifyElementExist_closure1.doCall(VerifyElementExistKeyword.groovy:70)
	at com.kms.katalon.core.mobile.keyword.builtin.VerifyElementExistKeyword$_verifyElementExist_closure1.call(VerifyElementExistKeyword.groovy)
	at com.kms.katalon.core.mobile.keyword.internal.MobileKeywordMain.runKeyword(MobileKeywordMain.groovy:21)
	at com.kms.katalon.core.mobile.keyword.builtin.VerifyElementExistKeyword.verifyElementExist(VerifyElementExistKeyword.groovy:80)
	at com.kms.katalon.core.mobile.keyword.builtin.VerifyElementExistKeyword.execute(VerifyElementExistKeyword.groovy:64)
	at com.kms.katalon.core.keyword.internal.KeywordExecutor.executeKeywordForPlatform(KeywordExecutor.groovy:74)
	at com.kms.katalon.core.mobile.keyword.MobileBuiltInKeywords.verifyElementExist(MobileBuiltInKeywords.groovy:1604)
	at com.kms.katalon.core.mobile.keyword.MobileBuiltInKeywords$verifyElementExist$9.call(Unknown Source)
	at mayahome_CEReviewApplication.run(mayahome_CEReviewApplication:256)
	at com.kms.katalon.core.main.ScriptEngine.run(ScriptEngine.java:194)
	at com.kms.katalon.core.main.ScriptEngine.runScriptAsRawText(ScriptEngine.java:119)
	at com.kms.katalon.core.main.TestCaseExecutor.runScript(TestCaseExecutor.java:442)
	at com.kms.katalon.core.main.TestCaseExecutor.doExecute(TestCaseExecutor.java:433)
	at com.kms.katalon.core.main.TestCaseExecutor.processExecutionPhase(TestCaseExecutor.java:412)
	at com.kms.katalon.core.main.TestCaseExecutor.accessMainPhase(TestCaseExecutor.java:404)
	at com.kms.katalon.core.main.TestCaseExecutor.execute(TestCaseExecutor.java:281)
	at com.kms.katalon.core.main.TestSuiteExecutor.accessTestCaseMainPhase(TestSuiteExecutor.java:202)
	at com.kms.katalon.core.main.TestSuiteExecutor.accessTestSuiteMainPhase(TestSuiteExecutor.java:164)
	at com.kms.katalon.core.main.TestSuiteExecutor.execute(TestSuiteExecutor.java:105)
	at com.kms.katalon.core.main.TestCaseMain.startTestSuite(TestCaseMain.java:181)
	at com.kms.katalon.core.main.TestCaseMain$startTestSuite$0.call(Unknown Source)
	at TempTestSuite1650935964676.run(TempTestSuite1650935964676.groovy:36)
)

2022-04-26 09:24:31 - [TEST_STEP][PASSED] - else if (verifyElementExist(findTestObject("MayaHome/mayahome - MobileSpy2/unaffordableStatement - Txt"), 0, OPTIONAL)): null

2022-04-26 09:24:31 - [TEST_STEP][PASSED] - else: Element 'Object Repository/MayaHome/mayahome - MobileSpy 2/propertyApplicationCard(1) - Btn' is exist

2022-04-26 09:24:31 - [TEST_STEP][PASSED] - scrollToText("View Other Properties"): Scrolling to text 'View Other Properties' successfully

2022-04-26 09:24:34 - [MESSAGE][PASSED] - Scrolling to text 'View Other Properties' successfully

2022-04-26 09:24:34 - [TEST_STEP][PASSED] - tap(findTestObject("MayaHome/mayahome - MobileSpy 1/requestForAssistance - Btn"), 0): Tapped on element 'Object Repository/MayaHome/mayahome - MobileSpy 1/requestForAssistance - Btn'

2022-04-26 09:24:34 - [MESSAGE][WARNING] - Timeout '0' is invalid. Using default page load timeout: '20'

2022-04-26 09:24:34 - [MESSAGE][PASSED] - Tapped on element 'Object Repository/MayaHome/mayahome - MobileSpy 1/requestForAssistance - Btn'

2022-04-26 09:24:34 - [TEST_STEP][PASSED] - setText(findTestObject("MayaHome/mayahome - MobileSpy 1/sendingMessagePropertyAgent - Txtfield"), "Seek for financial advisor help", 0): Text 'Seek for financial advisor help' has been set to element 'Object Repository/MayaHome/mayahome - MobileSpy 1/sendingMessagePropertyAgent - Txtfield'

2022-04-26 09:24:34 - [MESSAGE][WARNING] - Timeout '0' is invalid. Using default page load timeout: '20'

2022-04-26 09:24:37 - [MESSAGE][PASSED] - Text 'Seek for financial advisor help' has been set to element 'Object Repository/MayaHome/mayahome - MobileSpy 1/sendingMessagePropertyAgent - Txtfield'

2022-04-26 09:24:37 - [TEST_STEP][PASSED] - tap(findTestObject("MayaHome/mayahome - MobileSpy 1/unitselectionconfirm - Btn"), 0): Tapped on element 'Object Repository/MayaHome/mayahome - MobileSpy 1/unitselectionconfirm - Btn'

2022-04-26 09:24:37 - [MESSAGE][WARNING] - Timeout '0' is invalid. Using default page load timeout: '20'

2022-04-26 09:24:38 - [MESSAGE][PASSED] - Tapped on element 'Object Repository/MayaHome/mayahome - MobileSpy 1/unitselectionconfirm - Btn'

2022-04-26 09:24:38 - [TEST_STEP][PASSED] - tap(findTestObject("MayaHome/mayahome - MobileSpy 1/gotIt - Btn"), 0): Tapped on element 'Object Repository/MayaHome/mayahome - MobileSpy 1/gotIt - Btn'

2022-04-26 09:24:38 - [MESSAGE][WARNING] - Timeout '0' is invalid. Using default page load timeout: '20'

2022-04-26 09:24:42 - [MESSAGE][PASSED] - Tapped on element 'Object Repository/MayaHome/mayahome - MobileSpy 1/gotIt - Btn'

2022-04-26 09:24:42 - [TEST_STEP][PASSED] - delay(3): Delayed 3 second(s)

2022-04-26 09:24:45 - [MESSAGE][PASSED] - Delayed 3 second(s)

2022-04-26 09:24:45 - [TEST_STEP][PASSED] - swipe(500, 700, 500, 1700): Swiped from 500,700 to 500,1,700

2022-04-26 09:24:46 - [MESSAGE][PASSED] - Swiped from 500,700 to 500,1,700

2022-04-26 09:24:46 - [TEST_STEP][PASSED] - tap(findTestObject("MayaHome/mayahome - MobileSpy 1/closePropertyApplication - Btn"), 0): Tapped on element 'Object Repository/MayaHome/mayahome - MobileSpy 1/closePropertyApplication - Btn'

2022-04-26 09:24:46 - [MESSAGE][WARNING] - Timeout '0' is invalid. Using default page load timeout: '20'

2022-04-26 09:24:48 - [MESSAGE][PASSED] - Tapped on element 'Object Repository/MayaHome/mayahome - MobileSpy 1/closePropertyApplication - Btn'

2022-04-26 09:24:48 - [TEST_STEP][PASSED] - tap(findTestObject("MayaHome/mayahome - MobileSpy 2/saveProgress - Btn"), 0): Tapped on element 'Object Repository/MayaHome/mayahome - MobileSpy 2/saveProgress - Btn'

2022-04-26 09:24:48 - [MESSAGE][WARNING] - Timeout '0' is invalid. Using default page load timeout: '20'

2022-04-26 09:24:49 - [MESSAGE][PASSED] - Tapped on element 'Object Repository/MayaHome/mayahome - MobileSpy 2/saveProgress - Btn'

2022-04-26 09:24:49 - [TEST_STEP][PASSED] - delay(3, STOP_ON_FAILURE): Delayed 3 second(s)

2022-04-26 09:24:52 - [MESSAGE][PASSED] - Delayed 3 second(s)

2022-04-26 09:24:52 - [TEST_STEP][PASSED] - verifyElementExist(findTestObject("MayaHome/mayahome - MobileSpy 2/propertyApplicationCard(1) - Btn"), 0): Element 'Object Repository/MayaHome/mayahome - MobileSpy 2/propertyApplicationCard(1) - Btn' is exist

2022-04-26 09:24:52 - [MESSAGE][WARNING] - Timeout '0' is invalid. Using default page load timeout: '20'

2022-04-26 09:24:55 - [MESSAGE][PASSED] - Element 'Object Repository/MayaHome/mayahome - MobileSpy 2/propertyApplicationCard(1) - Btn' is exist]]></system-out>
         <system-err><![CDATA[]]></system-err>
      </testcase>
      <system-out><![CDATA[2022-04-26 09:19:34 - [TEST_SUITE][PASSED] - Maya Home: Test Cases/MayaHome/mayahome_CEReviewApplication]]></system-out>
      <system-err><![CDATA[]]></system-err>
   </testsuite>
</testsuites>
