<?xml version="1.0" encoding="UTF-8"?>
<testsuites name="test 1" time="24.171" tests="2" failures="0" errors="0">
   <testsuite name="test 1" tests="2" failures="0" errors="0" time="24.171" skipped="0" timestamp="2022-05-12 09:33:26" hostname="vinayeddla - localhost" id="Test Suites/test 1">
      <properties>
         <property name="deviceName" value="samsung SM-G960F (Android 10)"/>
         <property name="devicePlatform" value=""/>
         <property name="logFolder" value="/Users/vinayeddla/git/MAYA-Home/Reports/20220512_093315/test 1/20220512_093316"/>
         <property name="logFiles" value="/Users/vinayeddla/git/MAYA-Home/Reports/20220512_093315/test 1/20220512_093316/execution0.log, /Users/vinayeddla/git/MAYA-Home/Reports/20220512_093315/test 1/20220512_093316/appium.log"/>
         <property name="attachments" value=""/>
         <property name="hostName" value="vinayeddla - localhost"/>
         <property name="os" value="Mac OS X 64bit"/>
         <property name="appiumServerStatus" value="{&quot;value&quot;:{&quot;build&quot;:{&quot;version&quot;:&quot;1.22.3&quot;}},&quot;sessionId&quot;:null,&quot;status&quot;:0}"/>
         <property name="katalonVersion" value="8.2.0.208"/>
         <property name="deviceOS" value="Android"/>
         <property name="appiumVersion" value="1.22.3"/>
         <property name="deviceModel" value="SM-G960F"/>
         <property name="hostAddress" value="127.0.0.1"/>
         <property name="deviceManufacturer" value="samsung"/>
         <property name="deviceId" value="225ac1ea21057ece"/>
         <property name="deviceName" value="samsung SM-G960F (Android 10)"/>
         <property name="deviceOSVersion" value="10"/>
      </properties>
      <testcase name="Test Cases/MayaHome/mayahome_test1" time="17.87" classname="Test Cases/MayaHome/mayahome_test1" status="PASSED">
         <system-out><![CDATA[2022-05-12 09:33:26 - [TEST_CASE][PASSED] - Test Cases/MayaHome/mayahome_test1: Test Cases/MayaHome/mayahome_test1

2022-05-12 09:33:26 - [TEST_STEP][PASSED] - startExistingApplication("com.maybank2u.life.sit", CONTINUE_ON_FAILURE): Starting app with application ID: 'com.maybank2u.life.sit'

2022-05-12 09:33:27 - [MESSAGE][INFO] - User set preference: ['appWaitActivity', '*']

2022-05-12 09:33:27 - [MESSAGE][INFO] - User set preference: ['deviceId', '225ac1ea21057ece']

2022-05-12 09:33:27 - [MESSAGE][INFO] - Appium server started on port 60,047

2022-05-12 09:33:37 - [MESSAGE][PASSED] - Starting app with application ID: 'com.maybank2u.life.sit'

2022-05-12 09:33:37 - [TEST_STEP][PASSED] - setText(findTestObject("MayaHome/mayahome - MobileSpy 1/propertyagent - Txtfield"), findTestData("propertyDetails").getValue(2, 1), 0): Text '00130052' has been set to element 'Object Repository/MayaHome/mayahome - MobileSpy 1/propertyagent - Txtfield'

2022-05-12 09:33:38 - [MESSAGE][WARNING] - Timeout '0' is invalid. Using default page load timeout: '20'

2022-05-12 09:33:41 - [MESSAGE][PASSED] - Text '00130052' has been set to element 'Object Repository/MayaHome/mayahome - MobileSpy 1/propertyagent - Txtfield'

2022-05-12 09:33:41 - [TEST_STEP][PASSED] - delay(2): Delayed 2 second(s)

2022-05-12 09:33:43 - [MESSAGE][PASSED] - Delayed 2 second(s)

2022-05-12 09:33:43 - [TEST_STEP][PASSED] - id = getText(findTestObject("MayaHome/mayahome - MobileSpy 4/staffNumberEnter - Txt"), 0): Text of element 'Object Repository/MayaHome/mayahome - MobileSpy 4/staffNumberEnter - Txt' is: '00130052'

2022-05-12 09:33:43 - [MESSAGE][WARNING] - Timeout '0' is invalid. Using default page load timeout: '20'

2022-05-12 09:33:43 - [MESSAGE][PASSED] - Text of element 'Object Repository/MayaHome/mayahome - MobileSpy 4/staffNumberEnter - Txt' is: '00130052'

2022-05-12 09:33:44 - [TEST_STEP][PASSED] - tap(findTestObject("MayaHome/mayahome - MobileSpy 5/confirm - Btn"), 0): Tapped on element 'Object Repository/MayaHome/mayahome - MobileSpy 5/confirm - Btn'

2022-05-12 09:33:44 - [MESSAGE][WARNING] - Timeout '0' is invalid. Using default page load timeout: '20'

2022-05-12 09:33:44 - [MESSAGE][PASSED] - Tapped on element 'Object Repository/MayaHome/mayahome - MobileSpy 5/confirm - Btn']]></system-out>
         <system-err><![CDATA[]]></system-err>
      </testcase>
      <testcase name="Test Cases/MayaHome/mayahome_test1 - Copy" time="6.042" classname="Test Cases/MayaHome/mayahome_test1 - Copy" status="PASSED">
         <system-out><![CDATA[2022-05-12 09:33:44 - [TEST_CASE][PASSED] - Test Cases/MayaHome/mayahome_test1 - Copy: Test Cases/MayaHome/mayahome_test1 - Copy

2022-05-12 09:33:44 - [TEST_STEP][PASSED] - waitForElementPresent(findTestObject("MayaHome/mayahome - MobileSpy 4/staffNameHeader - Txt"), 30, CONTINUE_ON_FAILURE): Element 'Object Repository/MayaHome/mayahome - MobileSpy 4/staffNameHeader - Txt' is present

2022-05-12 09:33:49 - [MESSAGE][PASSED] - Element 'Object Repository/MayaHome/mayahome - MobileSpy 4/staffNameHeader - Txt' is present

2022-05-12 09:33:49 - [TEST_STEP][PASSED] - verifyElementVisible(findTestObject("MayaHome/mayahome - MobileSpy 4/staffNameHeader - Txt"), 0, CONTINUE_ON_FAILURE): Element 'Object Repository/MayaHome/mayahome - MobileSpy 4/staffNameHeader - Txt' is visible

2022-05-12 09:33:49 - [MESSAGE][WARNING] - Timeout '0' is invalid. Using default page load timeout: '20'

2022-05-12 09:33:49 - [MESSAGE][PASSED] - Element 'Object Repository/MayaHome/mayahome - MobileSpy 4/staffNameHeader - Txt' is visible

2022-05-12 09:33:49 - [TEST_STEP][PASSED] - verifyElementVisible(findTestObject("MayaHome/mayahome - MobileSpy 4/staffNameReview - Txt"), 0, CONTINUE_ON_FAILURE): Element 'Object Repository/MayaHome/mayahome - MobileSpy 4/staffNameReview - Txt' is visible

2022-05-12 09:33:49 - [MESSAGE][WARNING] - Timeout '0' is invalid. Using default page load timeout: '20'

2022-05-12 09:33:50 - [MESSAGE][PASSED] - Element 'Object Repository/MayaHome/mayahome - MobileSpy 4/staffNameReview - Txt' is visible

2022-05-12 09:33:50 - [TEST_STEP][PASSED] - verifyElementVisible(findTestObject("MayaHome/mayahome - MobileSpy 4/staffNumberHeader - Txt"), 0, CONTINUE_ON_FAILURE): Element 'Object Repository/MayaHome/mayahome - MobileSpy 4/staffNumberHeader - Txt' is visible

2022-05-12 09:33:50 - [MESSAGE][WARNING] - Timeout '0' is invalid. Using default page load timeout: '20'

2022-05-12 09:33:50 - [MESSAGE][PASSED] - Element 'Object Repository/MayaHome/mayahome - MobileSpy 4/staffNumberHeader - Txt' is visible

2022-05-12 09:33:50 - [TEST_STEP][PASSED] - verifyElementText(findTestObject("MayaHome/mayahome - MobileSpy 4/staffNumberReview - Txt"), id, OPTIONAL): Actual text and expected text of test object 'Object Repository/MayaHome/mayahome - MobileSpy 4/staffNumberReview - Txt' are matched.

2022-05-12 09:33:50 - [MESSAGE][PASSED] - Actual text and expected text of test object 'Object Repository/MayaHome/mayahome - MobileSpy 4/staffNumberReview - Txt' are matched.]]></system-out>
         <system-err><![CDATA[]]></system-err>
      </testcase>
      <system-out><![CDATA[2022-05-12 09:33:26 - [TEST_SUITE][PASSED] - test 1: Test Cases/MayaHome/mayahome_test1 - Copy]]></system-out>
      <system-err><![CDATA[]]></system-err>
   </testsuite>
</testsuites>
